[0.154s] DEBUG:colcon:Command line arguments: ['/usr/bin/colcon', 'build', '--cmake-clean-first']
[0.154s] DEBUG:colcon:Parsed command line arguments: Namespace(log_base=None, log_level=None, verb_name='build', build_base='build', install_base='install', merge_install=False, symlink_install=False, test_result_base=None, continue_on_error=False, executor='parallel', parallel_workers=4, event_handlers=None, ignore_user_meta=False, metas=['./colcon.meta'], base_paths=['.'], packages_ignore=None, packages_ignore_regex=None, paths=None, packages_up_to=None, packages_up_to_regex=None, packages_above=None, packages_above_and_dependencies=None, packages_above_depth=None, packages_select_by_dep=None, packages_skip_by_dep=None, packages_skip_up_to=None, packages_select_build_failed=False, packages_skip_build_finished=False, packages_select_test_failures=False, packages_skip_test_passed=False, packages_select=None, packages_skip=None, packages_select_regex=None, packages_skip_regex=None, packages_start=None, packages_end=None, allow_overriding=[], cmake_args=None, cmake_target=None, cmake_target_skip_unavailable=False, cmake_clean_cache=False, cmake_clean_first=True, cmake_force_configure=False, ament_cmake_args=None, catkin_cmake_args=None, catkin_skip_building_tests=False, mixin_files=None, mixin=None, verb_parser=<colcon_mixin.mixin.mixin_argument.MixinArgumentDecorator object at 0xffffa4fb68a0>, verb_extension=<colcon_core.verb.build.BuildVerb object at 0xffffa5048b60>, main=<bound method BuildVerb.main of <colcon_core.verb.build.BuildVerb object at 0xffffa5048b60>>, mixin_verb=('build',))
[0.219s] Level 1:colcon.colcon_core.package_discovery:discover_packages(colcon_meta) check parameters
[0.220s] Level 1:colcon.colcon_core.package_discovery:discover_packages(recursive) check parameters
[0.220s] Level 1:colcon.colcon_core.package_discovery:discover_packages(ignore) check parameters
[0.220s] Level 1:colcon.colcon_core.package_discovery:discover_packages(path) check parameters
[0.220s] Level 1:colcon.colcon_core.package_discovery:discover_packages(colcon_meta) discover
[0.220s] Level 1:colcon.colcon_core.package_discovery:discover_packages(recursive) discover
[0.220s] INFO:colcon.colcon_core.package_discovery:Crawling recursively for packages in '/home/pneumatic8/Documents/odrive_hil_ros2control'
[0.220s] Level 1:colcon.colcon_core.package_identification:_identify(.) by extensions ['ignore', 'ignore_ament_install']
[0.220s] Level 1:colcon.colcon_core.package_identification:_identify(.) by extension 'ignore'
[0.220s] Level 1:colcon.colcon_core.package_identification:_identify(.) by extension 'ignore_ament_install'
[0.221s] Level 1:colcon.colcon_core.package_identification:_identify(.) by extensions ['colcon_pkg']
[0.221s] Level 1:colcon.colcon_core.package_identification:_identify(.) by extension 'colcon_pkg'
[0.221s] Level 1:colcon.colcon_core.package_identification:_identify(.) by extensions ['colcon_meta']
[0.221s] Level 1:colcon.colcon_core.package_identification:_identify(.) by extension 'colcon_meta'
[0.221s] Level 1:colcon.colcon_core.package_identification:_identify(.) by extensions ['ros']
[0.221s] Level 1:colcon.colcon_core.package_identification:_identify(.) by extension 'ros'
[0.260s] Level 1:colcon.colcon_core.package_identification:_identify(.) by extensions ['cmake', 'python']
[0.260s] Level 1:colcon.colcon_core.package_identification:_identify(.) by extension 'cmake'
[0.260s] Level 1:colcon.colcon_core.package_identification:_identify(.) by extension 'python'
[0.260s] Level 1:colcon.colcon_core.package_identification:_identify(.) by extensions ['python_setup_py']
[0.260s] Level 1:colcon.colcon_core.package_identification:_identify(.) by extension 'python_setup_py'
[0.261s] Level 1:colcon.colcon_core.package_identification:_identify(build) by extensions ['ignore', 'ignore_ament_install']
[0.261s] Level 1:colcon.colcon_core.package_identification:_identify(build) by extension 'ignore'
[0.261s] Level 1:colcon.colcon_core.package_identification:_identify(build) ignored
[0.261s] Level 1:colcon.colcon_core.package_identification:_identify(install) by extensions ['ignore', 'ignore_ament_install']
[0.261s] Level 1:colcon.colcon_core.package_identification:_identify(install) by extension 'ignore'
[0.261s] Level 1:colcon.colcon_core.package_identification:_identify(install) ignored
[0.261s] Level 1:colcon.colcon_core.package_identification:_identify(log) by extensions ['ignore', 'ignore_ament_install']
[0.261s] Level 1:colcon.colcon_core.package_identification:_identify(log) by extension 'ignore'
[0.261s] Level 1:colcon.colcon_core.package_identification:_identify(log) ignored
[0.261s] Level 1:colcon.colcon_core.package_identification:_identify(src) by extensions ['ignore', 'ignore_ament_install']
[0.262s] Level 1:colcon.colcon_core.package_identification:_identify(src) by extension 'ignore'
[0.262s] Level 1:colcon.colcon_core.package_identification:_identify(src) by extension 'ignore_ament_install'
[0.262s] Level 1:colcon.colcon_core.package_identification:_identify(src) by extensions ['colcon_pkg']
[0.262s] Level 1:colcon.colcon_core.package_identification:_identify(src) by extension 'colcon_pkg'
[0.262s] Level 1:colcon.colcon_core.package_identification:_identify(src) by extensions ['colcon_meta']
[0.262s] Level 1:colcon.colcon_core.package_identification:_identify(src) by extension 'colcon_meta'
[0.262s] Level 1:colcon.colcon_core.package_identification:_identify(src) by extensions ['ros']
[0.262s] Level 1:colcon.colcon_core.package_identification:_identify(src) by extension 'ros'
[0.262s] Level 1:colcon.colcon_core.package_identification:_identify(src) by extensions ['cmake', 'python']
[0.262s] Level 1:colcon.colcon_core.package_identification:_identify(src) by extension 'cmake'
[0.262s] Level 1:colcon.colcon_core.package_identification:_identify(src) by extension 'python'
[0.262s] Level 1:colcon.colcon_core.package_identification:_identify(src) by extensions ['python_setup_py']
[0.262s] Level 1:colcon.colcon_core.package_identification:_identify(src) by extension 'python_setup_py'
[0.262s] Level 1:colcon.colcon_core.package_identification:_identify(src/hil_odrive_ros2_control) by extensions ['ignore', 'ignore_ament_install']
[0.262s] Level 1:colcon.colcon_core.package_identification:_identify(src/hil_odrive_ros2_control) by extension 'ignore'
[0.262s] Level 1:colcon.colcon_core.package_identification:_identify(src/hil_odrive_ros2_control) by extension 'ignore_ament_install'
[0.262s] Level 1:colcon.colcon_core.package_identification:_identify(src/hil_odrive_ros2_control) by extensions ['colcon_pkg']
[0.262s] Level 1:colcon.colcon_core.package_identification:_identify(src/hil_odrive_ros2_control) by extension 'colcon_pkg'
[0.263s] Level 1:colcon.colcon_core.package_identification:_identify(src/hil_odrive_ros2_control) by extensions ['colcon_meta']
[0.263s] Level 1:colcon.colcon_core.package_identification:_identify(src/hil_odrive_ros2_control) by extension 'colcon_meta'
[0.263s] Level 1:colcon.colcon_core.package_identification:_identify(src/hil_odrive_ros2_control) by extensions ['ros']
[0.263s] Level 1:colcon.colcon_core.package_identification:_identify(src/hil_odrive_ros2_control) by extension 'ros'
[0.266s] DEBUG:colcon.colcon_core.package_identification:Package 'src/hil_odrive_ros2_control' with type 'ros.ament_cmake' and name 'hil_odrive_ros2_control'
[0.266s] Level 1:colcon.colcon_core.package_identification:_identify(src/odrive_base) by extensions ['ignore', 'ignore_ament_install']
[0.266s] Level 1:colcon.colcon_core.package_identification:_identify(src/odrive_base) by extension 'ignore'
[0.266s] Level 1:colcon.colcon_core.package_identification:_identify(src/odrive_base) by extension 'ignore_ament_install'
[0.266s] Level 1:colcon.colcon_core.package_identification:_identify(src/odrive_base) by extensions ['colcon_pkg']
[0.267s] Level 1:colcon.colcon_core.package_identification:_identify(src/odrive_base) by extension 'colcon_pkg'
[0.267s] Level 1:colcon.colcon_core.package_identification:_identify(src/odrive_base) by extensions ['colcon_meta']
[0.267s] Level 1:colcon.colcon_core.package_identification:_identify(src/odrive_base) by extension 'colcon_meta'
[0.267s] Level 1:colcon.colcon_core.package_identification:_identify(src/odrive_base) by extensions ['ros']
[0.267s] Level 1:colcon.colcon_core.package_identification:_identify(src/odrive_base) by extension 'ros'
[0.267s] Level 1:colcon.colcon_core.package_identification:_identify(src/odrive_base) by extensions ['cmake', 'python']
[0.267s] Level 1:colcon.colcon_core.package_identification:_identify(src/odrive_base) by extension 'cmake'
[0.267s] Level 1:colcon.colcon_core.package_identification:_identify(src/odrive_base) by extension 'python'
[0.267s] Level 1:colcon.colcon_core.package_identification:_identify(src/odrive_base) by extensions ['python_setup_py']
[0.267s] Level 1:colcon.colcon_core.package_identification:_identify(src/odrive_base) by extension 'python_setup_py'
[0.267s] Level 1:colcon.colcon_core.package_identification:_identify(src/odrive_base/include) by extensions ['ignore', 'ignore_ament_install']
[0.267s] Level 1:colcon.colcon_core.package_identification:_identify(src/odrive_base/include) by extension 'ignore'
[0.267s] Level 1:colcon.colcon_core.package_identification:_identify(src/odrive_base/include) by extension 'ignore_ament_install'
[0.267s] Level 1:colcon.colcon_core.package_identification:_identify(src/odrive_base/include) by extensions ['colcon_pkg']
[0.267s] Level 1:colcon.colcon_core.package_identification:_identify(src/odrive_base/include) by extension 'colcon_pkg'
[0.267s] Level 1:colcon.colcon_core.package_identification:_identify(src/odrive_base/include) by extensions ['colcon_meta']
[0.267s] Level 1:colcon.colcon_core.package_identification:_identify(src/odrive_base/include) by extension 'colcon_meta'
[0.267s] Level 1:colcon.colcon_core.package_identification:_identify(src/odrive_base/include) by extensions ['ros']
[0.267s] Level 1:colcon.colcon_core.package_identification:_identify(src/odrive_base/include) by extension 'ros'
[0.268s] Level 1:colcon.colcon_core.package_identification:_identify(src/odrive_base/include) by extensions ['cmake', 'python']
[0.268s] Level 1:colcon.colcon_core.package_identification:_identify(src/odrive_base/include) by extension 'cmake'
[0.268s] Level 1:colcon.colcon_core.package_identification:_identify(src/odrive_base/include) by extension 'python'
[0.268s] Level 1:colcon.colcon_core.package_identification:_identify(src/odrive_base/include) by extensions ['python_setup_py']
[0.268s] Level 1:colcon.colcon_core.package_identification:_identify(src/odrive_base/include) by extension 'python_setup_py'
[0.268s] Level 1:colcon.colcon_core.package_identification:_identify(src/odrive_base/src) by extensions ['ignore', 'ignore_ament_install']
[0.268s] Level 1:colcon.colcon_core.package_identification:_identify(src/odrive_base/src) by extension 'ignore'
[0.268s] Level 1:colcon.colcon_core.package_identification:_identify(src/odrive_base/src) by extension 'ignore_ament_install'
[0.268s] Level 1:colcon.colcon_core.package_identification:_identify(src/odrive_base/src) by extensions ['colcon_pkg']
[0.268s] Level 1:colcon.colcon_core.package_identification:_identify(src/odrive_base/src) by extension 'colcon_pkg'
[0.268s] Level 1:colcon.colcon_core.package_identification:_identify(src/odrive_base/src) by extensions ['colcon_meta']
[0.268s] Level 1:colcon.colcon_core.package_identification:_identify(src/odrive_base/src) by extension 'colcon_meta'
[0.268s] Level 1:colcon.colcon_core.package_identification:_identify(src/odrive_base/src) by extensions ['ros']
[0.268s] Level 1:colcon.colcon_core.package_identification:_identify(src/odrive_base/src) by extension 'ros'
[0.268s] Level 1:colcon.colcon_core.package_identification:_identify(src/odrive_base/src) by extensions ['cmake', 'python']
[0.268s] Level 1:colcon.colcon_core.package_identification:_identify(src/odrive_base/src) by extension 'cmake'
[0.268s] Level 1:colcon.colcon_core.package_identification:_identify(src/odrive_base/src) by extension 'python'
[0.268s] Level 1:colcon.colcon_core.package_identification:_identify(src/odrive_base/src) by extensions ['python_setup_py']
[0.268s] Level 1:colcon.colcon_core.package_identification:_identify(src/odrive_base/src) by extension 'python_setup_py'
[0.269s] Level 1:colcon.colcon_core.package_identification:_identify(src/odrive_ros2_control) by extensions ['ignore', 'ignore_ament_install']
[0.269s] Level 1:colcon.colcon_core.package_identification:_identify(src/odrive_ros2_control) by extension 'ignore'
[0.269s] Level 1:colcon.colcon_core.package_identification:_identify(src/odrive_ros2_control) by extension 'ignore_ament_install'
[0.269s] Level 1:colcon.colcon_core.package_identification:_identify(src/odrive_ros2_control) by extensions ['colcon_pkg']
[0.269s] Level 1:colcon.colcon_core.package_identification:_identify(src/odrive_ros2_control) by extension 'colcon_pkg'
[0.269s] Level 1:colcon.colcon_core.package_identification:_identify(src/odrive_ros2_control) by extensions ['colcon_meta']
[0.269s] Level 1:colcon.colcon_core.package_identification:_identify(src/odrive_ros2_control) by extension 'colcon_meta'
[0.269s] Level 1:colcon.colcon_core.package_identification:_identify(src/odrive_ros2_control) by extensions ['ros']
[0.269s] Level 1:colcon.colcon_core.package_identification:_identify(src/odrive_ros2_control) by extension 'ros'
[0.270s] DEBUG:colcon.colcon_core.package_identification:Package 'src/odrive_ros2_control' with type 'ros.ament_cmake' and name 'odrive_ros2_control'
[0.270s] Level 1:colcon.colcon_core.package_identification:_identify(src/odrive_velocity_pid) by extensions ['ignore', 'ignore_ament_install']
[0.270s] Level 1:colcon.colcon_core.package_identification:_identify(src/odrive_velocity_pid) by extension 'ignore'
[0.270s] Level 1:colcon.colcon_core.package_identification:_identify(src/odrive_velocity_pid) by extension 'ignore_ament_install'
[0.270s] Level 1:colcon.colcon_core.package_identification:_identify(src/odrive_velocity_pid) by extensions ['colcon_pkg']
[0.270s] Level 1:colcon.colcon_core.package_identification:_identify(src/odrive_velocity_pid) by extension 'colcon_pkg'
[0.270s] Level 1:colcon.colcon_core.package_identification:_identify(src/odrive_velocity_pid) by extensions ['colcon_meta']
[0.270s] Level 1:colcon.colcon_core.package_identification:_identify(src/odrive_velocity_pid) by extension 'colcon_meta'
[0.270s] Level 1:colcon.colcon_core.package_identification:_identify(src/odrive_velocity_pid) by extensions ['ros']
[0.270s] Level 1:colcon.colcon_core.package_identification:_identify(src/odrive_velocity_pid) by extension 'ros'
[0.271s] DEBUG:colcon.colcon_core.package_identification:Package 'src/odrive_velocity_pid' with type 'ros.ament_cmake' and name 'odrive_velocity_pid'
[0.271s] Level 1:colcon.colcon_core.package_discovery:discover_packages(recursive) using defaults
[0.271s] Level 1:colcon.colcon_core.package_discovery:discover_packages(ignore) discover
[0.271s] Level 1:colcon.colcon_core.package_discovery:discover_packages(ignore) using defaults
[0.271s] Level 1:colcon.colcon_core.package_discovery:discover_packages(path) discover
[0.271s] Level 1:colcon.colcon_core.package_discovery:discover_packages(path) using defaults
[0.296s] Level 1:colcon.colcon_core.package_discovery:discover_packages(prefix_path) check parameters
[0.296s] Level 1:colcon.colcon_core.package_discovery:discover_packages(prefix_path) discover
[0.298s] DEBUG:colcon.colcon_installed_package_information.package_discovery:Found 3 installed packages in /home/pneumatic8/Documents/odrive_hil_ros2control/install
[0.301s] DEBUG:colcon.colcon_installed_package_information.package_discovery:Found 341 installed packages in /opt/ros/jazzy
[0.303s] Level 1:colcon.colcon_core.package_discovery:discover_packages(prefix_path) using defaults
[0.371s] Level 5:colcon.colcon_core.verb:set package 'odrive_ros2_control' build argument 'cmake_args' from command line to 'None'
[0.371s] Level 5:colcon.colcon_core.verb:set package 'odrive_ros2_control' build argument 'cmake_target' from command line to 'None'
[0.371s] Level 5:colcon.colcon_core.verb:set package 'odrive_ros2_control' build argument 'cmake_target_skip_unavailable' from command line to 'False'
[0.371s] Level 5:colcon.colcon_core.verb:set package 'odrive_ros2_control' build argument 'cmake_clean_cache' from command line to 'False'
[0.371s] Level 5:colcon.colcon_core.verb:set package 'odrive_ros2_control' build argument 'cmake_clean_first' from command line to 'True'
[0.371s] Level 5:colcon.colcon_core.verb:set package 'odrive_ros2_control' build argument 'cmake_force_configure' from command line to 'False'
[0.371s] Level 5:colcon.colcon_core.verb:set package 'odrive_ros2_control' build argument 'ament_cmake_args' from command line to 'None'
[0.371s] Level 5:colcon.colcon_core.verb:set package 'odrive_ros2_control' build argument 'catkin_cmake_args' from command line to 'None'
[0.371s] Level 5:colcon.colcon_core.verb:set package 'odrive_ros2_control' build argument 'catkin_skip_building_tests' from command line to 'False'
[0.371s] DEBUG:colcon.colcon_core.verb:Building package 'odrive_ros2_control' with the following arguments: {'ament_cmake_args': None, 'build_base': '/home/pneumatic8/Documents/odrive_hil_ros2control/build/odrive_ros2_control', 'catkin_cmake_args': None, 'catkin_skip_building_tests': False, 'cmake_args': None, 'cmake_clean_cache': False, 'cmake_clean_first': True, 'cmake_force_configure': False, 'cmake_target': None, 'cmake_target_skip_unavailable': False, 'install_base': '/home/pneumatic8/Documents/odrive_hil_ros2control/install/odrive_ros2_control', 'merge_install': False, 'path': '/home/pneumatic8/Documents/odrive_hil_ros2control/src/odrive_ros2_control', 'symlink_install': False, 'test_result_base': None}
[0.372s] Level 5:colcon.colcon_core.verb:set package 'odrive_velocity_pid' build argument 'cmake_args' from command line to 'None'
[0.372s] Level 5:colcon.colcon_core.verb:set package 'odrive_velocity_pid' build argument 'cmake_target' from command line to 'None'
[0.372s] Level 5:colcon.colcon_core.verb:set package 'odrive_velocity_pid' build argument 'cmake_target_skip_unavailable' from command line to 'False'
[0.372s] Level 5:colcon.colcon_core.verb:set package 'odrive_velocity_pid' build argument 'cmake_clean_cache' from command line to 'False'
[0.372s] Level 5:colcon.colcon_core.verb:set package 'odrive_velocity_pid' build argument 'cmake_clean_first' from command line to 'True'
[0.372s] Level 5:colcon.colcon_core.verb:set package 'odrive_velocity_pid' build argument 'cmake_force_configure' from command line to 'False'
[0.372s] Level 5:colcon.colcon_core.verb:set package 'odrive_velocity_pid' build argument 'ament_cmake_args' from command line to 'None'
[0.372s] Level 5:colcon.colcon_core.verb:set package 'odrive_velocity_pid' build argument 'catkin_cmake_args' from command line to 'None'
[0.372s] Level 5:colcon.colcon_core.verb:set package 'odrive_velocity_pid' build argument 'catkin_skip_building_tests' from command line to 'False'
[0.372s] DEBUG:colcon.colcon_core.verb:Building package 'odrive_velocity_pid' with the following arguments: {'ament_cmake_args': None, 'build_base': '/home/pneumatic8/Documents/odrive_hil_ros2control/build/odrive_velocity_pid', 'catkin_cmake_args': None, 'catkin_skip_building_tests': False, 'cmake_args': None, 'cmake_clean_cache': False, 'cmake_clean_first': True, 'cmake_force_configure': False, 'cmake_target': None, 'cmake_target_skip_unavailable': False, 'install_base': '/home/pneumatic8/Documents/odrive_hil_ros2control/install/odrive_velocity_pid', 'merge_install': False, 'path': '/home/pneumatic8/Documents/odrive_hil_ros2control/src/odrive_velocity_pid', 'symlink_install': False, 'test_result_base': None}
[0.372s] Level 5:colcon.colcon_core.verb:set package 'hil_odrive_ros2_control' build argument 'cmake_args' from command line to 'None'
[0.372s] Level 5:colcon.colcon_core.verb:set package 'hil_odrive_ros2_control' build argument 'cmake_target' from command line to 'None'
[0.373s] Level 5:colcon.colcon_core.verb:set package 'hil_odrive_ros2_control' build argument 'cmake_target_skip_unavailable' from command line to 'False'
[0.373s] Level 5:colcon.colcon_core.verb:set package 'hil_odrive_ros2_control' build argument 'cmake_clean_cache' from command line to 'False'
[0.373s] Level 5:colcon.colcon_core.verb:set package 'hil_odrive_ros2_control' build argument 'cmake_clean_first' from command line to 'True'
[0.373s] Level 5:colcon.colcon_core.verb:set package 'hil_odrive_ros2_control' build argument 'cmake_force_configure' from command line to 'False'
[0.373s] Level 5:colcon.colcon_core.verb:set package 'hil_odrive_ros2_control' build argument 'ament_cmake_args' from command line to 'None'
[0.373s] Level 5:colcon.colcon_core.verb:set package 'hil_odrive_ros2_control' build argument 'catkin_cmake_args' from command line to 'None'
[0.373s] Level 5:colcon.colcon_core.verb:set package 'hil_odrive_ros2_control' build argument 'catkin_skip_building_tests' from command line to 'False'
[0.373s] DEBUG:colcon.colcon_core.verb:Building package 'hil_odrive_ros2_control' with the following arguments: {'ament_cmake_args': None, 'build_base': '/home/pneumatic8/Documents/odrive_hil_ros2control/build/hil_odrive_ros2_control', 'catkin_cmake_args': None, 'catkin_skip_building_tests': False, 'cmake_args': None, 'cmake_clean_cache': False, 'cmake_clean_first': True, 'cmake_force_configure': False, 'cmake_target': None, 'cmake_target_skip_unavailable': False, 'install_base': '/home/pneumatic8/Documents/odrive_hil_ros2control/install/hil_odrive_ros2_control', 'merge_install': False, 'path': '/home/pneumatic8/Documents/odrive_hil_ros2control/src/hil_odrive_ros2_control', 'symlink_install': False, 'test_result_base': None}
[0.373s] INFO:colcon.colcon_core.executor:Executing jobs using 'parallel' executor
[0.374s] DEBUG:colcon.colcon_parallel_executor.executor.parallel:run_until_complete
[0.375s] INFO:colcon.colcon_ros.task.ament_cmake.build:Building ROS package in '/home/pneumatic8/Documents/odrive_hil_ros2control/src/odrive_ros2_control' with build type 'ament_cmake'
[0.375s] INFO:colcon.colcon_cmake.task.cmake.build:Building CMake package in '/home/pneumatic8/Documents/odrive_hil_ros2control/src/odrive_ros2_control'
[0.386s] INFO:colcon.colcon_core.plugin_system:Skipping extension 'colcon_core.shell.bat': Not used on non-Windows systems
[0.386s] INFO:colcon.colcon_core.shell:Skip shell extension 'powershell' for command environment: Not usable outside of PowerShell
[0.386s] DEBUG:colcon.colcon_core.shell:Skip shell extension 'dsv' for command environment
[0.399s] INFO:colcon.colcon_ros.task.ament_cmake.build:Building ROS package in '/home/pneumatic8/Documents/odrive_hil_ros2control/src/odrive_velocity_pid' with build type 'ament_cmake'
[0.399s] INFO:colcon.colcon_cmake.task.cmake.build:Building CMake package in '/home/pneumatic8/Documents/odrive_hil_ros2control/src/odrive_velocity_pid'
[0.400s] INFO:colcon.colcon_core.shell:Skip shell extension 'powershell' for command environment: Not usable outside of PowerShell
[0.400s] DEBUG:colcon.colcon_core.shell:Skip shell extension 'dsv' for command environment
[0.441s] DEBUG:colcon.colcon_core.event_handler.log_command:Invoking command in '/home/pneumatic8/Documents/odrive_hil_ros2control/build/odrive_ros2_control': CMAKE_PREFIX_PATH=${CMAKE_PREFIX_PATH}:/opt/ros/jazzy DEBUGINFOD_URLS=https://debuginfod.ubuntu.com /usr/bin/cmake --build /home/pneumatic8/Documents/odrive_hil_ros2control/build/odrive_ros2_control --clean-first -- -j4 -l4
[0.474s] DEBUG:colcon.colcon_core.event_handler.log_command:Invoking command in '/home/pneumatic8/Documents/odrive_hil_ros2control/build/odrive_velocity_pid': CMAKE_PREFIX_PATH=${CMAKE_PREFIX_PATH}:/opt/ros/jazzy DEBUGINFOD_URLS=https://debuginfod.ubuntu.com /usr/bin/cmake --build /home/pneumatic8/Documents/odrive_hil_ros2control/build/odrive_velocity_pid --clean-first -- -j4 -l4
[16.760s] DEBUG:colcon.colcon_core.event_handler.log_command:Invoked command in '/home/pneumatic8/Documents/odrive_hil_ros2control/build/odrive_ros2_control' returned '0': CMAKE_PREFIX_PATH=${CMAKE_PREFIX_PATH}:/opt/ros/jazzy DEBUGINFOD_URLS=https://debuginfod.ubuntu.com /usr/bin/cmake --build /home/pneumatic8/Documents/odrive_hil_ros2control/build/odrive_ros2_control --clean-first -- -j4 -l4
[16.783s] DEBUG:colcon.colcon_core.event_handler.log_command:Invoking command in '/home/pneumatic8/Documents/odrive_hil_ros2control/build/odrive_ros2_control': CMAKE_PREFIX_PATH=${CMAKE_PREFIX_PATH}:/opt/ros/jazzy DEBUGINFOD_URLS=https://debuginfod.ubuntu.com /usr/bin/cmake --install /home/pneumatic8/Documents/odrive_hil_ros2control/build/odrive_ros2_control
[16.861s] Level 1:colcon.colcon_core.environment:create_environment_scripts_only(odrive_ros2_control)
[16.862s] DEBUG:colcon.colcon_core.event_handler.log_command:Invoked command in '/home/pneumatic8/Documents/odrive_hil_ros2control/build/odrive_ros2_control' returned '0': CMAKE_PREFIX_PATH=${CMAKE_PREFIX_PATH}:/opt/ros/jazzy DEBUGINFOD_URLS=https://debuginfod.ubuntu.com /usr/bin/cmake --install /home/pneumatic8/Documents/odrive_hil_ros2control/build/odrive_ros2_control
[16.865s] Level 1:colcon.colcon_core.environment:checking '/home/pneumatic8/Documents/odrive_hil_ros2control/install/odrive_ros2_control' for CMake module files
[16.866s] Level 1:colcon.colcon_core.environment:checking '/home/pneumatic8/Documents/odrive_hil_ros2control/install/odrive_ros2_control' for CMake config files
[16.867s] Level 1:colcon.colcon_core.shell:create_environment_hook('odrive_ros2_control', 'cmake_prefix_path')
[16.867s] INFO:colcon.colcon_core.shell:Creating environment hook '/home/pneumatic8/Documents/odrive_hil_ros2control/install/odrive_ros2_control/share/odrive_ros2_control/hook/cmake_prefix_path.ps1'
[16.868s] INFO:colcon.colcon_core.shell:Creating environment descriptor '/home/pneumatic8/Documents/odrive_hil_ros2control/install/odrive_ros2_control/share/odrive_ros2_control/hook/cmake_prefix_path.dsv'
[16.870s] INFO:colcon.colcon_core.shell:Creating environment hook '/home/pneumatic8/Documents/odrive_hil_ros2control/install/odrive_ros2_control/share/odrive_ros2_control/hook/cmake_prefix_path.sh'
[16.872s] Level 1:colcon.colcon_core.environment:checking '/home/pneumatic8/Documents/odrive_hil_ros2control/install/odrive_ros2_control/lib'
[16.873s] Level 1:colcon.colcon_core.shell:create_environment_hook('odrive_ros2_control', 'ld_library_path_lib')
[16.873s] INFO:colcon.colcon_core.shell:Creating environment hook '/home/pneumatic8/Documents/odrive_hil_ros2control/install/odrive_ros2_control/share/odrive_ros2_control/hook/ld_library_path_lib.ps1'
[16.874s] INFO:colcon.colcon_core.shell:Creating environment descriptor '/home/pneumatic8/Documents/odrive_hil_ros2control/install/odrive_ros2_control/share/odrive_ros2_control/hook/ld_library_path_lib.dsv'
[16.875s] INFO:colcon.colcon_core.shell:Creating environment hook '/home/pneumatic8/Documents/odrive_hil_ros2control/install/odrive_ros2_control/share/odrive_ros2_control/hook/ld_library_path_lib.sh'
[16.875s] Level 1:colcon.colcon_core.environment:checking '/home/pneumatic8/Documents/odrive_hil_ros2control/install/odrive_ros2_control/bin'
[16.876s] Level 1:colcon.colcon_core.environment:checking '/home/pneumatic8/Documents/odrive_hil_ros2control/install/odrive_ros2_control/lib/pkgconfig/odrive_ros2_control.pc'
[16.876s] Level 1:colcon.colcon_core.environment:checking '/home/pneumatic8/Documents/odrive_hil_ros2control/install/odrive_ros2_control/lib/python3.12/site-packages'
[16.877s] Level 1:colcon.colcon_core.environment:checking '/home/pneumatic8/Documents/odrive_hil_ros2control/install/odrive_ros2_control/bin'
[16.877s] INFO:colcon.colcon_core.shell:Creating package script '/home/pneumatic8/Documents/odrive_hil_ros2control/install/odrive_ros2_control/share/odrive_ros2_control/package.ps1'
[16.878s] INFO:colcon.colcon_core.shell:Creating package descriptor '/home/pneumatic8/Documents/odrive_hil_ros2control/install/odrive_ros2_control/share/odrive_ros2_control/package.dsv'
[16.879s] INFO:colcon.colcon_core.shell:Creating package script '/home/pneumatic8/Documents/odrive_hil_ros2control/install/odrive_ros2_control/share/odrive_ros2_control/package.sh'
[16.881s] INFO:colcon.colcon_core.shell:Creating package script '/home/pneumatic8/Documents/odrive_hil_ros2control/install/odrive_ros2_control/share/odrive_ros2_control/package.bash'
[16.882s] INFO:colcon.colcon_core.shell:Creating package script '/home/pneumatic8/Documents/odrive_hil_ros2control/install/odrive_ros2_control/share/odrive_ros2_control/package.zsh'
[16.886s] Level 1:colcon.colcon_core.environment:create_file_with_runtime_dependencies(/home/pneumatic8/Documents/odrive_hil_ros2control/install/odrive_ros2_control/share/colcon-core/packages/odrive_ros2_control)
[16.888s] Level 1:colcon.colcon_core.environment:create_environment_scripts_only(odrive_ros2_control)
[16.888s] Level 1:colcon.colcon_core.environment:checking '/home/pneumatic8/Documents/odrive_hil_ros2control/install/odrive_ros2_control' for CMake module files
[16.889s] Level 1:colcon.colcon_core.environment:checking '/home/pneumatic8/Documents/odrive_hil_ros2control/install/odrive_ros2_control' for CMake config files
[16.890s] Level 1:colcon.colcon_core.shell:create_environment_hook('odrive_ros2_control', 'cmake_prefix_path')
[16.890s] INFO:colcon.colcon_core.shell:Creating environment hook '/home/pneumatic8/Documents/odrive_hil_ros2control/install/odrive_ros2_control/share/odrive_ros2_control/hook/cmake_prefix_path.ps1'
[16.891s] INFO:colcon.colcon_core.shell:Creating environment descriptor '/home/pneumatic8/Documents/odrive_hil_ros2control/install/odrive_ros2_control/share/odrive_ros2_control/hook/cmake_prefix_path.dsv'
[16.893s] INFO:colcon.colcon_core.shell:Creating environment hook '/home/pneumatic8/Documents/odrive_hil_ros2control/install/odrive_ros2_control/share/odrive_ros2_control/hook/cmake_prefix_path.sh'
[16.896s] Level 1:colcon.colcon_core.environment:checking '/home/pneumatic8/Documents/odrive_hil_ros2control/install/odrive_ros2_control/lib'
[16.896s] Level 1:colcon.colcon_core.shell:create_environment_hook('odrive_ros2_control', 'ld_library_path_lib')
[16.897s] INFO:colcon.colcon_core.shell:Creating environment hook '/home/pneumatic8/Documents/odrive_hil_ros2control/install/odrive_ros2_control/share/odrive_ros2_control/hook/ld_library_path_lib.ps1'
[16.898s] INFO:colcon.colcon_core.shell:Creating environment descriptor '/home/pneumatic8/Documents/odrive_hil_ros2control/install/odrive_ros2_control/share/odrive_ros2_control/hook/ld_library_path_lib.dsv'
[16.899s] INFO:colcon.colcon_core.shell:Creating environment hook '/home/pneumatic8/Documents/odrive_hil_ros2control/install/odrive_ros2_control/share/odrive_ros2_control/hook/ld_library_path_lib.sh'
[16.901s] Level 1:colcon.colcon_core.environment:checking '/home/pneumatic8/Documents/odrive_hil_ros2control/install/odrive_ros2_control/bin'
[16.901s] Level 1:colcon.colcon_core.environment:checking '/home/pneumatic8/Documents/odrive_hil_ros2control/install/odrive_ros2_control/lib/pkgconfig/odrive_ros2_control.pc'
[16.902s] Level 1:colcon.colcon_core.environment:checking '/home/pneumatic8/Documents/odrive_hil_ros2control/install/odrive_ros2_control/lib/python3.12/site-packages'
[16.903s] Level 1:colcon.colcon_core.environment:checking '/home/pneumatic8/Documents/odrive_hil_ros2control/install/odrive_ros2_control/bin'
[16.903s] INFO:colcon.colcon_core.shell:Creating package script '/home/pneumatic8/Documents/odrive_hil_ros2control/install/odrive_ros2_control/share/odrive_ros2_control/package.ps1'
[16.905s] INFO:colcon.colcon_core.shell:Creating package descriptor '/home/pneumatic8/Documents/odrive_hil_ros2control/install/odrive_ros2_control/share/odrive_ros2_control/package.dsv'
[16.906s] INFO:colcon.colcon_core.shell:Creating package script '/home/pneumatic8/Documents/odrive_hil_ros2control/install/odrive_ros2_control/share/odrive_ros2_control/package.sh'
[16.908s] INFO:colcon.colcon_core.shell:Creating package script '/home/pneumatic8/Documents/odrive_hil_ros2control/install/odrive_ros2_control/share/odrive_ros2_control/package.bash'
[16.909s] INFO:colcon.colcon_core.shell:Creating package script '/home/pneumatic8/Documents/odrive_hil_ros2control/install/odrive_ros2_control/share/odrive_ros2_control/package.zsh'
[16.913s] Level 1:colcon.colcon_core.environment:create_file_with_runtime_dependencies(/home/pneumatic8/Documents/odrive_hil_ros2control/install/odrive_ros2_control/share/colcon-core/packages/odrive_ros2_control)
[16.919s] INFO:colcon.colcon_ros.task.ament_cmake.build:Building ROS package in '/home/pneumatic8/Documents/odrive_hil_ros2control/src/hil_odrive_ros2_control' with build type 'ament_cmake'
[16.921s] INFO:colcon.colcon_cmake.task.cmake.build:Building CMake package in '/home/pneumatic8/Documents/odrive_hil_ros2control/src/hil_odrive_ros2_control'
[16.922s] INFO:colcon.colcon_core.shell:Skip shell extension 'powershell' for command environment: Not usable outside of PowerShell
[16.922s] DEBUG:colcon.colcon_core.shell:Skip shell extension 'dsv' for command environment
[16.974s] DEBUG:colcon.colcon_core.event_handler.log_command:Invoking command in '/home/pneumatic8/Documents/odrive_hil_ros2control/build/hil_odrive_ros2_control': CMAKE_PREFIX_PATH=/home/pneumatic8/Documents/odrive_hil_ros2control/install/odrive_ros2_control:/home/pneumatic8/Documents/odrive_hil_ros2control/install/odrive_velocity_pid:/home/pneumatic8/Documents/odrive_hil_ros2control/install/hil_odrive_ros2_control:/opt/ros/jazzy/opt/sdformat_vendor:/opt/ros/jazzy/opt/gz_math_vendor:/opt/ros/jazzy/opt/gz_utils_vendor:/opt/ros/jazzy/opt/gz_tools_vendor:/opt/ros/jazzy/opt/gz_cmake_vendor:/opt/ros/jazzy DEBUGINFOD_URLS=https://debuginfod.ubuntu.com /usr/bin/cmake --build /home/pneumatic8/Documents/odrive_hil_ros2control/build/hil_odrive_ros2_control --clean-first -- -j4 -l4
[17.258s] DEBUG:colcon.colcon_core.event_handler.log_command:Invoked command in '/home/pneumatic8/Documents/odrive_hil_ros2control/build/hil_odrive_ros2_control' returned '0': CMAKE_PREFIX_PATH=/home/pneumatic8/Documents/odrive_hil_ros2control/install/odrive_ros2_control:/home/pneumatic8/Documents/odrive_hil_ros2control/install/odrive_velocity_pid:/home/pneumatic8/Documents/odrive_hil_ros2control/install/hil_odrive_ros2_control:/opt/ros/jazzy/opt/sdformat_vendor:/opt/ros/jazzy/opt/gz_math_vendor:/opt/ros/jazzy/opt/gz_utils_vendor:/opt/ros/jazzy/opt/gz_tools_vendor:/opt/ros/jazzy/opt/gz_cmake_vendor:/opt/ros/jazzy DEBUGINFOD_URLS=https://debuginfod.ubuntu.com /usr/bin/cmake --build /home/pneumatic8/Documents/odrive_hil_ros2control/build/hil_odrive_ros2_control --clean-first -- -j4 -l4
[17.260s] DEBUG:colcon.colcon_core.event_handler.log_command:Invoking command in '/home/pneumatic8/Documents/odrive_hil_ros2control/build/hil_odrive_ros2_control': CMAKE_PREFIX_PATH=/home/pneumatic8/Documents/odrive_hil_ros2control/install/odrive_ros2_control:/home/pneumatic8/Documents/odrive_hil_ros2control/install/odrive_velocity_pid:/home/pneumatic8/Documents/odrive_hil_ros2control/install/hil_odrive_ros2_control:/opt/ros/jazzy/opt/sdformat_vendor:/opt/ros/jazzy/opt/gz_math_vendor:/opt/ros/jazzy/opt/gz_utils_vendor:/opt/ros/jazzy/opt/gz_tools_vendor:/opt/ros/jazzy/opt/gz_cmake_vendor:/opt/ros/jazzy DEBUGINFOD_URLS=https://debuginfod.ubuntu.com /usr/bin/cmake --install /home/pneumatic8/Documents/odrive_hil_ros2control/build/hil_odrive_ros2_control
[17.308s] Level 1:colcon.colcon_core.environment:create_environment_scripts_only(hil_odrive_ros2_control)
[17.309s] Level 1:colcon.colcon_core.environment:checking '/home/pneumatic8/Documents/odrive_hil_ros2control/install/hil_odrive_ros2_control' for CMake module files
[17.309s] DEBUG:colcon.colcon_core.event_handler.log_command:Invoked command in '/home/pneumatic8/Documents/odrive_hil_ros2control/build/hil_odrive_ros2_control' returned '0': CMAKE_PREFIX_PATH=/home/pneumatic8/Documents/odrive_hil_ros2control/install/odrive_ros2_control:/home/pneumatic8/Documents/odrive_hil_ros2control/install/odrive_velocity_pid:/home/pneumatic8/Documents/odrive_hil_ros2control/install/hil_odrive_ros2_control:/opt/ros/jazzy/opt/sdformat_vendor:/opt/ros/jazzy/opt/gz_math_vendor:/opt/ros/jazzy/opt/gz_utils_vendor:/opt/ros/jazzy/opt/gz_tools_vendor:/opt/ros/jazzy/opt/gz_cmake_vendor:/opt/ros/jazzy DEBUGINFOD_URLS=https://debuginfod.ubuntu.com /usr/bin/cmake --install /home/pneumatic8/Documents/odrive_hil_ros2control/build/hil_odrive_ros2_control
[17.310s] Level 1:colcon.colcon_core.environment:checking '/home/pneumatic8/Documents/odrive_hil_ros2control/install/hil_odrive_ros2_control' for CMake config files
[17.310s] Level 1:colcon.colcon_core.shell:create_environment_hook('hil_odrive_ros2_control', 'cmake_prefix_path')
[17.311s] INFO:colcon.colcon_core.shell:Creating environment hook '/home/pneumatic8/Documents/odrive_hil_ros2control/install/hil_odrive_ros2_control/share/hil_odrive_ros2_control/hook/cmake_prefix_path.ps1'
[17.312s] INFO:colcon.colcon_core.shell:Creating environment descriptor '/home/pneumatic8/Documents/odrive_hil_ros2control/install/hil_odrive_ros2_control/share/hil_odrive_ros2_control/hook/cmake_prefix_path.dsv'
[17.316s] INFO:colcon.colcon_core.shell:Creating environment hook '/home/pneumatic8/Documents/odrive_hil_ros2control/install/hil_odrive_ros2_control/share/hil_odrive_ros2_control/hook/cmake_prefix_path.sh'
[17.321s] Level 1:colcon.colcon_core.environment:checking '/home/pneumatic8/Documents/odrive_hil_ros2control/install/hil_odrive_ros2_control/bin'
[17.322s] Level 1:colcon.colcon_core.environment:checking '/home/pneumatic8/Documents/odrive_hil_ros2control/install/hil_odrive_ros2_control/lib/pkgconfig/hil_odrive_ros2_control.pc'
[17.323s] Level 1:colcon.colcon_core.environment:checking '/home/pneumatic8/Documents/odrive_hil_ros2control/install/hil_odrive_ros2_control/lib/python3.12/site-packages'
[17.324s] Level 1:colcon.colcon_core.environment:checking '/home/pneumatic8/Documents/odrive_hil_ros2control/install/hil_odrive_ros2_control/bin'
[17.325s] INFO:colcon.colcon_core.shell:Creating package script '/home/pneumatic8/Documents/odrive_hil_ros2control/install/hil_odrive_ros2_control/share/hil_odrive_ros2_control/package.ps1'
[17.326s] INFO:colcon.colcon_core.shell:Creating package descriptor '/home/pneumatic8/Documents/odrive_hil_ros2control/install/hil_odrive_ros2_control/share/hil_odrive_ros2_control/package.dsv'
[17.328s] INFO:colcon.colcon_core.shell:Creating package script '/home/pneumatic8/Documents/odrive_hil_ros2control/install/hil_odrive_ros2_control/share/hil_odrive_ros2_control/package.sh'
[17.330s] INFO:colcon.colcon_core.shell:Creating package script '/home/pneumatic8/Documents/odrive_hil_ros2control/install/hil_odrive_ros2_control/share/hil_odrive_ros2_control/package.bash'
[17.336s] INFO:colcon.colcon_core.shell:Creating package script '/home/pneumatic8/Documents/odrive_hil_ros2control/install/hil_odrive_ros2_control/share/hil_odrive_ros2_control/package.zsh'
[17.340s] Level 1:colcon.colcon_core.environment:create_file_with_runtime_dependencies(/home/pneumatic8/Documents/odrive_hil_ros2control/install/hil_odrive_ros2_control/share/colcon-core/packages/hil_odrive_ros2_control)
[17.343s] Level 1:colcon.colcon_core.environment:create_environment_scripts_only(hil_odrive_ros2_control)
[17.344s] Level 1:colcon.colcon_core.environment:checking '/home/pneumatic8/Documents/odrive_hil_ros2control/install/hil_odrive_ros2_control' for CMake module files
[17.345s] Level 1:colcon.colcon_core.environment:checking '/home/pneumatic8/Documents/odrive_hil_ros2control/install/hil_odrive_ros2_control' for CMake config files
[17.346s] Level 1:colcon.colcon_core.shell:create_environment_hook('hil_odrive_ros2_control', 'cmake_prefix_path')
[17.348s] INFO:colcon.colcon_core.shell:Creating environment hook '/home/pneumatic8/Documents/odrive_hil_ros2control/install/hil_odrive_ros2_control/share/hil_odrive_ros2_control/hook/cmake_prefix_path.ps1'
[17.350s] INFO:colcon.colcon_core.shell:Creating environment descriptor '/home/pneumatic8/Documents/odrive_hil_ros2control/install/hil_odrive_ros2_control/share/hil_odrive_ros2_control/hook/cmake_prefix_path.dsv'
[17.352s] INFO:colcon.colcon_core.shell:Creating environment hook '/home/pneumatic8/Documents/odrive_hil_ros2control/install/hil_odrive_ros2_control/share/hil_odrive_ros2_control/hook/cmake_prefix_path.sh'
[17.354s] Level 1:colcon.colcon_core.environment:checking '/home/pneumatic8/Documents/odrive_hil_ros2control/install/hil_odrive_ros2_control/bin'
[17.355s] Level 1:colcon.colcon_core.environment:checking '/home/pneumatic8/Documents/odrive_hil_ros2control/install/hil_odrive_ros2_control/lib/pkgconfig/hil_odrive_ros2_control.pc'
[17.355s] Level 1:colcon.colcon_core.environment:checking '/home/pneumatic8/Documents/odrive_hil_ros2control/install/hil_odrive_ros2_control/lib/python3.12/site-packages'
[17.356s] Level 1:colcon.colcon_core.environment:checking '/home/pneumatic8/Documents/odrive_hil_ros2control/install/hil_odrive_ros2_control/bin'
[17.358s] INFO:colcon.colcon_core.shell:Creating package script '/home/pneumatic8/Documents/odrive_hil_ros2control/install/hil_odrive_ros2_control/share/hil_odrive_ros2_control/package.ps1'
[17.363s] INFO:colcon.colcon_core.shell:Creating package descriptor '/home/pneumatic8/Documents/odrive_hil_ros2control/install/hil_odrive_ros2_control/share/hil_odrive_ros2_control/package.dsv'
[17.365s] INFO:colcon.colcon_core.shell:Creating package script '/home/pneumatic8/Documents/odrive_hil_ros2control/install/hil_odrive_ros2_control/share/hil_odrive_ros2_control/package.sh'
[17.366s] INFO:colcon.colcon_core.shell:Creating package script '/home/pneumatic8/Documents/odrive_hil_ros2control/install/hil_odrive_ros2_control/share/hil_odrive_ros2_control/package.bash'
[17.377s] INFO:colcon.colcon_core.shell:Creating package script '/home/pneumatic8/Documents/odrive_hil_ros2control/install/hil_odrive_ros2_control/share/hil_odrive_ros2_control/package.zsh'
[17.378s] Level 1:colcon.colcon_core.environment:create_file_with_runtime_dependencies(/home/pneumatic8/Documents/odrive_hil_ros2control/install/hil_odrive_ros2_control/share/colcon-core/packages/hil_odrive_ros2_control)
[24.136s] DEBUG:colcon.colcon_core.event_handler.log_command:Invoked command in '/home/pneumatic8/Documents/odrive_hil_ros2control/build/odrive_velocity_pid' returned '0': CMAKE_PREFIX_PATH=${CMAKE_PREFIX_PATH}:/opt/ros/jazzy DEBUGINFOD_URLS=https://debuginfod.ubuntu.com /usr/bin/cmake --build /home/pneumatic8/Documents/odrive_hil_ros2control/build/odrive_velocity_pid --clean-first -- -j4 -l4
[24.138s] DEBUG:colcon.colcon_core.event_handler.log_command:Invoking command in '/home/pneumatic8/Documents/odrive_hil_ros2control/build/odrive_velocity_pid': CMAKE_PREFIX_PATH=${CMAKE_PREFIX_PATH}:/opt/ros/jazzy DEBUGINFOD_URLS=https://debuginfod.ubuntu.com /usr/bin/cmake --install /home/pneumatic8/Documents/odrive_hil_ros2control/build/odrive_velocity_pid
[24.216s] Level 1:colcon.colcon_core.environment:create_environment_scripts_only(odrive_velocity_pid)
[24.217s] Level 1:colcon.colcon_core.environment:checking '/home/pneumatic8/Documents/odrive_hil_ros2control/install/odrive_velocity_pid' for CMake module files
[24.217s] DEBUG:colcon.colcon_core.event_handler.log_command:Invoked command in '/home/pneumatic8/Documents/odrive_hil_ros2control/build/odrive_velocity_pid' returned '0': CMAKE_PREFIX_PATH=${CMAKE_PREFIX_PATH}:/opt/ros/jazzy DEBUGINFOD_URLS=https://debuginfod.ubuntu.com /usr/bin/cmake --install /home/pneumatic8/Documents/odrive_hil_ros2control/build/odrive_velocity_pid
[24.218s] Level 1:colcon.colcon_core.environment:checking '/home/pneumatic8/Documents/odrive_hil_ros2control/install/odrive_velocity_pid' for CMake config files
[24.219s] Level 1:colcon.colcon_core.shell:create_environment_hook('odrive_velocity_pid', 'cmake_prefix_path')
[24.219s] INFO:colcon.colcon_core.shell:Creating environment hook '/home/pneumatic8/Documents/odrive_hil_ros2control/install/odrive_velocity_pid/share/odrive_velocity_pid/hook/cmake_prefix_path.ps1'
[24.220s] INFO:colcon.colcon_core.shell:Creating environment descriptor '/home/pneumatic8/Documents/odrive_hil_ros2control/install/odrive_velocity_pid/share/odrive_velocity_pid/hook/cmake_prefix_path.dsv'
[24.220s] INFO:colcon.colcon_core.shell:Creating environment hook '/home/pneumatic8/Documents/odrive_hil_ros2control/install/odrive_velocity_pid/share/odrive_velocity_pid/hook/cmake_prefix_path.sh'
[24.221s] Level 1:colcon.colcon_core.environment:checking '/home/pneumatic8/Documents/odrive_hil_ros2control/install/odrive_velocity_pid/lib'
[24.221s] Level 1:colcon.colcon_core.environment:checking '/home/pneumatic8/Documents/odrive_hil_ros2control/install/odrive_velocity_pid/bin'
[24.221s] Level 1:colcon.colcon_core.environment:checking '/home/pneumatic8/Documents/odrive_hil_ros2control/install/odrive_velocity_pid/lib/pkgconfig/odrive_velocity_pid.pc'
[24.222s] Level 1:colcon.colcon_core.environment:checking '/home/pneumatic8/Documents/odrive_hil_ros2control/install/odrive_velocity_pid/lib/python3.12/site-packages'
[24.222s] Level 1:colcon.colcon_core.environment:checking '/home/pneumatic8/Documents/odrive_hil_ros2control/install/odrive_velocity_pid/bin'
[24.223s] INFO:colcon.colcon_core.shell:Creating package script '/home/pneumatic8/Documents/odrive_hil_ros2control/install/odrive_velocity_pid/share/odrive_velocity_pid/package.ps1'
[24.223s] INFO:colcon.colcon_core.shell:Creating package descriptor '/home/pneumatic8/Documents/odrive_hil_ros2control/install/odrive_velocity_pid/share/odrive_velocity_pid/package.dsv'
[24.224s] INFO:colcon.colcon_core.shell:Creating package script '/home/pneumatic8/Documents/odrive_hil_ros2control/install/odrive_velocity_pid/share/odrive_velocity_pid/package.sh'
[24.225s] INFO:colcon.colcon_core.shell:Creating package script '/home/pneumatic8/Documents/odrive_hil_ros2control/install/odrive_velocity_pid/share/odrive_velocity_pid/package.bash'
[24.225s] INFO:colcon.colcon_core.shell:Creating package script '/home/pneumatic8/Documents/odrive_hil_ros2control/install/odrive_velocity_pid/share/odrive_velocity_pid/package.zsh'
[24.226s] Level 1:colcon.colcon_core.environment:create_file_with_runtime_dependencies(/home/pneumatic8/Documents/odrive_hil_ros2control/install/odrive_velocity_pid/share/colcon-core/packages/odrive_velocity_pid)
[24.226s] Level 1:colcon.colcon_core.environment:create_environment_scripts_only(odrive_velocity_pid)
[24.227s] Level 1:colcon.colcon_core.environment:checking '/home/pneumatic8/Documents/odrive_hil_ros2control/install/odrive_velocity_pid' for CMake module files
[24.228s] Level 1:colcon.colcon_core.environment:checking '/home/pneumatic8/Documents/odrive_hil_ros2control/install/odrive_velocity_pid' for CMake config files
[24.228s] Level 1:colcon.colcon_core.shell:create_environment_hook('odrive_velocity_pid', 'cmake_prefix_path')
[24.228s] INFO:colcon.colcon_core.shell:Creating environment hook '/home/pneumatic8/Documents/odrive_hil_ros2control/install/odrive_velocity_pid/share/odrive_velocity_pid/hook/cmake_prefix_path.ps1'
[24.229s] INFO:colcon.colcon_core.shell:Creating environment descriptor '/home/pneumatic8/Documents/odrive_hil_ros2control/install/odrive_velocity_pid/share/odrive_velocity_pid/hook/cmake_prefix_path.dsv'
[24.229s] INFO:colcon.colcon_core.shell:Creating environment hook '/home/pneumatic8/Documents/odrive_hil_ros2control/install/odrive_velocity_pid/share/odrive_velocity_pid/hook/cmake_prefix_path.sh'
[24.230s] Level 1:colcon.colcon_core.environment:checking '/home/pneumatic8/Documents/odrive_hil_ros2control/install/odrive_velocity_pid/lib'
[24.230s] Level 1:colcon.colcon_core.environment:checking '/home/pneumatic8/Documents/odrive_hil_ros2control/install/odrive_velocity_pid/bin'
[24.230s] Level 1:colcon.colcon_core.environment:checking '/home/pneumatic8/Documents/odrive_hil_ros2control/install/odrive_velocity_pid/lib/pkgconfig/odrive_velocity_pid.pc'
[24.230s] Level 1:colcon.colcon_core.environment:checking '/home/pneumatic8/Documents/odrive_hil_ros2control/install/odrive_velocity_pid/lib/python3.12/site-packages'
[24.231s] Level 1:colcon.colcon_core.environment:checking '/home/pneumatic8/Documents/odrive_hil_ros2control/install/odrive_velocity_pid/bin'
[24.231s] INFO:colcon.colcon_core.shell:Creating package script '/home/pneumatic8/Documents/odrive_hil_ros2control/install/odrive_velocity_pid/share/odrive_velocity_pid/package.ps1'
[24.232s] INFO:colcon.colcon_core.shell:Creating package descriptor '/home/pneumatic8/Documents/odrive_hil_ros2control/install/odrive_velocity_pid/share/odrive_velocity_pid/package.dsv'
[24.233s] INFO:colcon.colcon_core.shell:Creating package script '/home/pneumatic8/Documents/odrive_hil_ros2control/install/odrive_velocity_pid/share/odrive_velocity_pid/package.sh'
[24.233s] INFO:colcon.colcon_core.shell:Creating package script '/home/pneumatic8/Documents/odrive_hil_ros2control/install/odrive_velocity_pid/share/odrive_velocity_pid/package.bash'
[24.234s] INFO:colcon.colcon_core.shell:Creating package script '/home/pneumatic8/Documents/odrive_hil_ros2control/install/odrive_velocity_pid/share/odrive_velocity_pid/package.zsh'
[24.234s] Level 1:colcon.colcon_core.environment:create_file_with_runtime_dependencies(/home/pneumatic8/Documents/odrive_hil_ros2control/install/odrive_velocity_pid/share/colcon-core/packages/odrive_velocity_pid)
[24.235s] DEBUG:colcon.colcon_parallel_executor.executor.parallel:closing loop
[24.235s] DEBUG:colcon.colcon_parallel_executor.executor.parallel:loop closed
[24.235s] DEBUG:colcon.colcon_parallel_executor.executor.parallel:run_until_complete finished with '0'
[24.235s] DEBUG:colcon.colcon_core.event_reactor:joining thread
[24.261s] INFO:colcon.colcon_core.plugin_system:Skipping extension 'colcon_notification.desktop_notification.terminal_notifier': Not used on non-Darwin systems
[24.262s] INFO:colcon.colcon_core.plugin_system:Skipping extension 'colcon_notification.desktop_notification.win32': Not used on non-Windows systems
[24.262s] INFO:colcon.colcon_notification.desktop_notification:Sending desktop notification using 'notify2'
[24.312s] DEBUG:colcon.colcon_core.event_reactor:joined thread
[24.313s] INFO:colcon.colcon_core.shell:Creating prefix script '/home/pneumatic8/Documents/odrive_hil_ros2control/install/local_setup.ps1'
[24.318s] INFO:colcon.colcon_core.shell:Creating prefix util module '/home/pneumatic8/Documents/odrive_hil_ros2control/install/_local_setup_util_ps1.py'
[24.326s] INFO:colcon.colcon_core.shell:Creating prefix chain script '/home/pneumatic8/Documents/odrive_hil_ros2control/install/setup.ps1'
[24.340s] INFO:colcon.colcon_core.shell:Creating prefix script '/home/pneumatic8/Documents/odrive_hil_ros2control/install/local_setup.sh'
[24.341s] INFO:colcon.colcon_core.shell:Creating prefix util module '/home/pneumatic8/Documents/odrive_hil_ros2control/install/_local_setup_util_sh.py'
[24.343s] INFO:colcon.colcon_core.shell:Creating prefix chain script '/home/pneumatic8/Documents/odrive_hil_ros2control/install/setup.sh'
[24.345s] INFO:colcon.colcon_core.shell:Creating prefix script '/home/pneumatic8/Documents/odrive_hil_ros2control/install/local_setup.bash'
[24.346s] INFO:colcon.colcon_core.shell:Creating prefix chain script '/home/pneumatic8/Documents/odrive_hil_ros2control/install/setup.bash'
[24.348s] INFO:colcon.colcon_core.shell:Creating prefix script '/home/pneumatic8/Documents/odrive_hil_ros2control/install/local_setup.zsh'
[24.348s] INFO:colcon.colcon_core.shell:Creating prefix chain script '/home/pneumatic8/Documents/odrive_hil_ros2control/install/setup.zsh'
