[0.036s] Invoking command in '/home/pneumatic8/Documents/odrive_hil_ros2control/build/hil_odrive_ros2_control': CMAKE_PREFIX_PATH=/home/pneumatic8/Documents/odrive_hil_ros2control/install/odrive_ros2_control:/home/pneumatic8/Documents/odrive_hil_ros2control/install/odrive_velocity_pid:/home/pneumatic8/Documents/odrive_hil_ros2control/install/hil_odrive_ros2_control:/opt/ros/jazzy/opt/sdformat_vendor:/opt/ros/jazzy/opt/gz_math_vendor:/opt/ros/jazzy/opt/gz_utils_vendor:/opt/ros/jazzy/opt/gz_tools_vendor:/opt/ros/jazzy/opt/gz_cmake_vendor:/opt/ros/jazzy DEBUGINFOD_URLS=https://debuginfod.ubuntu.com /usr/bin/cmake /home/pneumatic8/Documents/odrive_hil_ros2control/src/hil_odrive_ros2_control -DAMENT_CMAKE_SYMLINK_INSTALL=1 -DCMAKE_INSTALL_PREFIX=/home/pneumatic8/Documents/odrive_hil_ros2control/install/hil_odrive_ros2_control
[0.240s] -- The C compiler identification is GNU 13.3.0
[0.398s] -- The CXX compiler identification is GNU 13.3.0
[0.447s] -- Detecting C compiler ABI info
[0.692s] -- Detecting C compiler ABI info - done
[0.714s] -- Check for working C compiler: /usr/bin/cc - skipped
[0.716s] -- Detecting C compile features
[0.716s] -- Detecting C compile features - done
[0.741s] -- Detecting CXX compiler ABI info
[1.148s] -- Detecting CXX compiler ABI info - done
[1.172s] -- Check for working CXX compiler: /usr/bin/c++ - skipped
[1.176s] -- Detecting CXX compile features
[1.176s] -- Detecting CXX compile features - done
[1.184s] -- Found ament_cmake: 2.5.4 (/opt/ros/jazzy/share/ament_cmake/cmake)
[1.585s] -- Found Python3: /usr/bin/python3 (found version "3.12.3") found components: Interpreter 
[1.818s] -- Override CMake install command with custom implementation using symlinks instead of copying resources
[2.159s] -- Configuring done (2.1s)
[2.159s] -- Generating done (0.0s)
[2.161s] -- Build files have been written to: /home/pneumatic8/Documents/odrive_hil_ros2control/build/hil_odrive_ros2_control
[2.175s] Invoked command in '/home/pneumatic8/Documents/odrive_hil_ros2control/build/hil_odrive_ros2_control' returned '0': CMAKE_PREFIX_PATH=/home/pneumatic8/Documents/odrive_hil_ros2control/install/odrive_ros2_control:/home/pneumatic8/Documents/odrive_hil_ros2control/install/odrive_velocity_pid:/home/pneumatic8/Documents/odrive_hil_ros2control/install/hil_odrive_ros2_control:/opt/ros/jazzy/opt/sdformat_vendor:/opt/ros/jazzy/opt/gz_math_vendor:/opt/ros/jazzy/opt/gz_utils_vendor:/opt/ros/jazzy/opt/gz_tools_vendor:/opt/ros/jazzy/opt/gz_cmake_vendor:/opt/ros/jazzy DEBUGINFOD_URLS=https://debuginfod.ubuntu.com /usr/bin/cmake /home/pneumatic8/Documents/odrive_hil_ros2control/src/hil_odrive_ros2_control -DAMENT_CMAKE_SYMLINK_INSTALL=1 -DCMAKE_INSTALL_PREFIX=/home/pneumatic8/Documents/odrive_hil_ros2control/install/hil_odrive_ros2_control
[2.177s] Invoking command in '/home/pneumatic8/Documents/odrive_hil_ros2control/build/hil_odrive_ros2_control': CMAKE_PREFIX_PATH=/home/pneumatic8/Documents/odrive_hil_ros2control/install/odrive_ros2_control:/home/pneumatic8/Documents/odrive_hil_ros2control/install/odrive_velocity_pid:/home/pneumatic8/Documents/odrive_hil_ros2control/install/hil_odrive_ros2_control:/opt/ros/jazzy/opt/sdformat_vendor:/opt/ros/jazzy/opt/gz_math_vendor:/opt/ros/jazzy/opt/gz_utils_vendor:/opt/ros/jazzy/opt/gz_tools_vendor:/opt/ros/jazzy/opt/gz_cmake_vendor:/opt/ros/jazzy DEBUGINFOD_URLS=https://debuginfod.ubuntu.com /usr/bin/cmake --build /home/pneumatic8/Documents/odrive_hil_ros2control/build/hil_odrive_ros2_control -- -j4 -l4
[2.292s] Invoked command in '/home/pneumatic8/Documents/odrive_hil_ros2control/build/hil_odrive_ros2_control' returned '0': CMAKE_PREFIX_PATH=/home/pneumatic8/Documents/odrive_hil_ros2control/install/odrive_ros2_control:/home/pneumatic8/Documents/odrive_hil_ros2control/install/odrive_velocity_pid:/home/pneumatic8/Documents/odrive_hil_ros2control/install/hil_odrive_ros2_control:/opt/ros/jazzy/opt/sdformat_vendor:/opt/ros/jazzy/opt/gz_math_vendor:/opt/ros/jazzy/opt/gz_utils_vendor:/opt/ros/jazzy/opt/gz_tools_vendor:/opt/ros/jazzy/opt/gz_cmake_vendor:/opt/ros/jazzy DEBUGINFOD_URLS=https://debuginfod.ubuntu.com /usr/bin/cmake --build /home/pneumatic8/Documents/odrive_hil_ros2control/build/hil_odrive_ros2_control -- -j4 -l4
[2.293s] Invoking command in '/home/pneumatic8/Documents/odrive_hil_ros2control/build/hil_odrive_ros2_control': CMAKE_PREFIX_PATH=/home/pneumatic8/Documents/odrive_hil_ros2control/install/odrive_ros2_control:/home/pneumatic8/Documents/odrive_hil_ros2control/install/odrive_velocity_pid:/home/pneumatic8/Documents/odrive_hil_ros2control/install/hil_odrive_ros2_control:/opt/ros/jazzy/opt/sdformat_vendor:/opt/ros/jazzy/opt/gz_math_vendor:/opt/ros/jazzy/opt/gz_utils_vendor:/opt/ros/jazzy/opt/gz_tools_vendor:/opt/ros/jazzy/opt/gz_cmake_vendor:/opt/ros/jazzy DEBUGINFOD_URLS=https://debuginfod.ubuntu.com /usr/bin/cmake --install /home/pneumatic8/Documents/odrive_hil_ros2control/build/hil_odrive_ros2_control
[2.312s] -- Install configuration: ""
[2.313s] -- Execute custom install script
[2.316s] -- Symlinking: /home/pneumatic8/Documents/odrive_hil_ros2control/install/hil_odrive_ros2_control/share/hil_odrive_ros2_control/launch/motor_control.launch.py
[2.355s] -- Symlinking: /home/pneumatic8/Documents/odrive_hil_ros2control/install/hil_odrive_ros2_control/share/hil_odrive_ros2_control/config/controllers.yaml
[2.378s] -- Symlinking: /home/pneumatic8/Documents/odrive_hil_ros2control/install/hil_odrive_ros2_control/share/hil_odrive_ros2_control/description/urdf/motor.urdf.xacro
[2.401s] -- Symlinking: /home/pneumatic8/Documents/odrive_hil_ros2control/install/hil_odrive_ros2_control/share/ament_index/resource_index/package_run_dependencies/hil_odrive_ros2_control
[2.430s] -- Symlinking: /home/pneumatic8/Documents/odrive_hil_ros2control/install/hil_odrive_ros2_control/share/ament_index/resource_index/parent_prefix_path/hil_odrive_ros2_control
[2.484s] -- Symlinking: /home/pneumatic8/Documents/odrive_hil_ros2control/install/hil_odrive_ros2_control/share/hil_odrive_ros2_control/environment/ament_prefix_path.sh
[2.509s] -- Symlinking: /home/pneumatic8/Documents/odrive_hil_ros2control/install/hil_odrive_ros2_control/share/hil_odrive_ros2_control/environment/ament_prefix_path.dsv
[2.546s] -- Symlinking: /home/pneumatic8/Documents/odrive_hil_ros2control/install/hil_odrive_ros2_control/share/hil_odrive_ros2_control/environment/path.sh
[2.582s] -- Symlinking: /home/pneumatic8/Documents/odrive_hil_ros2control/install/hil_odrive_ros2_control/share/hil_odrive_ros2_control/environment/path.dsv
[2.606s] -- Symlinking: /home/pneumatic8/Documents/odrive_hil_ros2control/install/hil_odrive_ros2_control/share/hil_odrive_ros2_control/local_setup.bash
[2.628s] -- Symlinking: /home/pneumatic8/Documents/odrive_hil_ros2control/install/hil_odrive_ros2_control/share/hil_odrive_ros2_control/local_setup.sh
[2.666s] -- Symlinking: /home/pneumatic8/Documents/odrive_hil_ros2control/install/hil_odrive_ros2_control/share/hil_odrive_ros2_control/local_setup.zsh
[2.688s] -- Symlinking: /home/pneumatic8/Documents/odrive_hil_ros2control/install/hil_odrive_ros2_control/share/hil_odrive_ros2_control/local_setup.dsv
[2.712s] -- Symlinking: /home/pneumatic8/Documents/odrive_hil_ros2control/install/hil_odrive_ros2_control/share/hil_odrive_ros2_control/package.dsv
[2.739s] -- Symlinking: /home/pneumatic8/Documents/odrive_hil_ros2control/install/hil_odrive_ros2_control/share/ament_index/resource_index/packages/hil_odrive_ros2_control
[2.772s] -- Symlinking: /home/pneumatic8/Documents/odrive_hil_ros2control/install/hil_odrive_ros2_control/share/hil_odrive_ros2_control/cmake/hil_odrive_ros2_controlConfig.cmake
[2.806s] -- Symlinking: /home/pneumatic8/Documents/odrive_hil_ros2control/install/hil_odrive_ros2_control/share/hil_odrive_ros2_control/cmake/hil_odrive_ros2_controlConfig-version.cmake
[2.965s] -- Symlinking: /home/pneumatic8/Documents/odrive_hil_ros2control/install/hil_odrive_ros2_control/share/hil_odrive_ros2_control/package.xml
[3.021s] Invoked command in '/home/pneumatic8/Documents/odrive_hil_ros2control/build/hil_odrive_ros2_control' returned '0': CMAKE_PREFIX_PATH=/home/pneumatic8/Documents/odrive_hil_ros2control/install/odrive_ros2_control:/home/pneumatic8/Documents/odrive_hil_ros2control/install/odrive_velocity_pid:/home/pneumatic8/Documents/odrive_hil_ros2control/install/hil_odrive_ros2_control:/opt/ros/jazzy/opt/sdformat_vendor:/opt/ros/jazzy/opt/gz_math_vendor:/opt/ros/jazzy/opt/gz_utils_vendor:/opt/ros/jazzy/opt/gz_tools_vendor:/opt/ros/jazzy/opt/gz_cmake_vendor:/opt/ros/jazzy DEBUGINFOD_URLS=https://debuginfod.ubuntu.com /usr/bin/cmake --install /home/pneumatic8/Documents/odrive_hil_ros2control/build/hil_odrive_ros2_control
