-- Found ament_cmake: 2.5.5 (/opt/ros/jazzy/share/ament_cmake/cmake)
-- Override CMake install command with custom implementation using symlinks instead of copying resources
-- Found rclcpp: 28.1.16 (/opt/ros/jazzy/share/rclcpp/cmake)
-- Found rosidl_generator_c: 4.6.7 (/opt/ros/jazzy/share/rosidl_generator_c/cmake)
-- Found rosidl_generator_cpp: 4.6.7 (/opt/ros/jazzy/share/rosidl_generator_cpp/cmake)
-- Using all available rosidl_typesupport_c: rosidl_typesupport_fastrtps_c;rosidl_typesupport_introspection_c
-- Using all available rosidl_typesupport_cpp: rosidl_typesupport_fastrtps_cpp;rosidl_typesupport_introspection_cpp
-- Found rmw_implementation_cmake: 7.3.3 (/opt/ros/jazzy/share/rmw_implementation_cmake/cmake)
-- Found rmw_fastrtps_cpp: 8.4.3 (/opt/ros/jazzy/share/rmw_fastrtps_cpp/cmake)
-- Using RMW implementation 'rmw_fastrtps_cpp' as default
-- Found sensor_msgs: 5.3.6 (/opt/ros/jazzy/share/sensor_msgs/cmake)
-- Configuring done (1.4s)
-- Generating done (0.0s)
-- Build files have been written to: /home/pneumatic8/Documents/odrive_hil_ros2control/build/odrive_velocity_pid
[ 50%] [32m[1mLinking CXX executable velocity_pid_node[0m
[100%] Built target velocity_pid_node
-- Install configuration: ""
-- Execute custom install script
-- Up-to-date symlink: /home/pneumatic8/Documents/odrive_hil_ros2control/install/odrive_velocity_pid/lib/odrive_velocity_pid/velocity_pid_node
-- Up-to-date symlink: /home/pneumatic8/Documents/odrive_hil_ros2control/install/odrive_velocity_pid/share/odrive_velocity_pid/config/controllers.yaml
-- Up-to-date symlink: /home/pneumatic8/Documents/odrive_hil_ros2control/install/odrive_velocity_pid/share/ament_index/resource_index/package_run_dependencies/odrive_velocity_pid
-- Up-to-date symlink: /home/pneumatic8/Documents/odrive_hil_ros2control/install/odrive_velocity_pid/share/ament_index/resource_index/parent_prefix_path/odrive_velocity_pid
-- Up-to-date symlink: /home/pneumatic8/Documents/odrive_hil_ros2control/install/odrive_velocity_pid/share/odrive_velocity_pid/environment/ament_prefix_path.sh
-- Up-to-date symlink: /home/pneumatic8/Documents/odrive_hil_ros2control/install/odrive_velocity_pid/share/odrive_velocity_pid/environment/ament_prefix_path.dsv
-- Up-to-date symlink: /home/pneumatic8/Documents/odrive_hil_ros2control/install/odrive_velocity_pid/share/odrive_velocity_pid/environment/path.sh
-- Up-to-date symlink: /home/pneumatic8/Documents/odrive_hil_ros2control/install/odrive_velocity_pid/share/odrive_velocity_pid/environment/path.dsv
-- Up-to-date symlink: /home/pneumatic8/Documents/odrive_hil_ros2control/install/odrive_velocity_pid/share/odrive_velocity_pid/local_setup.bash
-- Up-to-date symlink: /home/pneumatic8/Documents/odrive_hil_ros2control/install/odrive_velocity_pid/share/odrive_velocity_pid/local_setup.sh
-- Up-to-date symlink: /home/pneumatic8/Documents/odrive_hil_ros2control/install/odrive_velocity_pid/share/odrive_velocity_pid/local_setup.zsh
-- Up-to-date symlink: /home/pneumatic8/Documents/odrive_hil_ros2control/install/odrive_velocity_pid/share/odrive_velocity_pid/local_setup.dsv
-- Symlinking: /home/pneumatic8/Documents/odrive_hil_ros2control/install/odrive_velocity_pid/share/odrive_velocity_pid/package.dsv
-- Up-to-date symlink: /home/pneumatic8/Documents/odrive_hil_ros2control/install/odrive_velocity_pid/share/ament_index/resource_index/packages/odrive_velocity_pid
-- Up-to-date symlink: /home/pneumatic8/Documents/odrive_hil_ros2control/install/odrive_velocity_pid/share/odrive_velocity_pid/cmake/odrive_velocity_pidConfig.cmake
-- Up-to-date symlink: /home/pneumatic8/Documents/odrive_hil_ros2control/install/odrive_velocity_pid/share/odrive_velocity_pid/cmake/odrive_velocity_pidConfig-version.cmake
-- Up-to-date symlink: /home/pneumatic8/Documents/odrive_hil_ros2control/install/odrive_velocity_pid/share/odrive_velocity_pid/package.xml
