[0.024s] Invoking command in '/home/pneumatic8/Documents/odrive_hil_ros2control/build/odrive_velocity_pid': CMAKE_PREFIX_PATH=${CMAKE_PREFIX_PATH}:/opt/ros/jazzy DEBUGINFOD_URLS=https://debuginfod.ubuntu.com /usr/bin/cmake /home/pneumatic8/Documents/odrive_hil_ros2control/src/odrive_velocity_pid -DCMAKE_INSTALL_PREFIX=/home/pneumatic8/Documents/odrive_hil_ros2control/install/odrive_velocity_pid
[0.077s] -- Found ament_cmake: 2.5.5 (/opt/ros/jazzy/share/ament_cmake/cmake)
[0.636s] -- Override CMake install command with custom implementation using symlinks instead of copying resources
[0.659s] -- Found rclcpp: 28.1.16 (/opt/ros/jazzy/share/rclcpp/cmake)
[0.707s] -- Found rosidl_generator_c: 4.6.7 (/opt/ros/jazzy/share/rosidl_generator_c/cmake)
[0.725s] -- Found rosidl_generator_cpp: 4.6.7 (/opt/ros/jazzy/share/rosidl_generator_cpp/cmake)
[0.741s] -- Using all available rosidl_typesupport_c: rosidl_typesupport_fastrtps_c;rosidl_typesupport_introspection_c
[0.762s] -- Using all available rosidl_typesupport_cpp: rosidl_typesupport_fastrtps_cpp;rosidl_typesupport_introspection_cpp
[0.861s] -- Found rmw_implementation_cmake: 7.3.3 (/opt/ros/jazzy/share/rmw_implementation_cmake/cmake)
[0.863s] -- Found rmw_fastrtps_cpp: 8.4.3 (/opt/ros/jazzy/share/rmw_fastrtps_cpp/cmake)
[0.977s] -- Using RMW implementation 'rmw_fastrtps_cpp' as default
[1.090s] -- Found sensor_msgs: 5.3.6 (/opt/ros/jazzy/share/sensor_msgs/cmake)
[1.450s] -- Configuring done (1.4s)
[1.482s] -- Generating done (0.0s)
[1.509s] -- Build files have been written to: /home/pneumatic8/Documents/odrive_hil_ros2control/build/odrive_velocity_pid
[1.534s] Invoked command in '/home/pneumatic8/Documents/odrive_hil_ros2control/build/odrive_velocity_pid' returned '0': CMAKE_PREFIX_PATH=${CMAKE_PREFIX_PATH}:/opt/ros/jazzy DEBUGINFOD_URLS=https://debuginfod.ubuntu.com /usr/bin/cmake /home/pneumatic8/Documents/odrive_hil_ros2control/src/odrive_velocity_pid -DCMAKE_INSTALL_PREFIX=/home/pneumatic8/Documents/odrive_hil_ros2control/install/odrive_velocity_pid
[1.537s] Invoking command in '/home/pneumatic8/Documents/odrive_hil_ros2control/build/odrive_velocity_pid': CMAKE_PREFIX_PATH=${CMAKE_PREFIX_PATH}:/opt/ros/jazzy DEBUGINFOD_URLS=https://debuginfod.ubuntu.com /usr/bin/cmake --build /home/pneumatic8/Documents/odrive_hil_ros2control/build/odrive_velocity_pid -- -j4 -l4
[1.705s] [ 50%] [32m[1mLinking CXX executable velocity_pid_node[0m
[3.423s] [100%] Built target velocity_pid_node
[3.473s] Invoked command in '/home/pneumatic8/Documents/odrive_hil_ros2control/build/odrive_velocity_pid' returned '0': CMAKE_PREFIX_PATH=${CMAKE_PREFIX_PATH}:/opt/ros/jazzy DEBUGINFOD_URLS=https://debuginfod.ubuntu.com /usr/bin/cmake --build /home/pneumatic8/Documents/odrive_hil_ros2control/build/odrive_velocity_pid -- -j4 -l4
[3.502s] Invoking command in '/home/pneumatic8/Documents/odrive_hil_ros2control/build/odrive_velocity_pid': CMAKE_PREFIX_PATH=${CMAKE_PREFIX_PATH}:/opt/ros/jazzy DEBUGINFOD_URLS=https://debuginfod.ubuntu.com /usr/bin/cmake --install /home/pneumatic8/Documents/odrive_hil_ros2control/build/odrive_velocity_pid
[3.545s] -- Install configuration: ""
[3.547s] -- Execute custom install script
[3.548s] -- Up-to-date symlink: /home/pneumatic8/Documents/odrive_hil_ros2control/install/odrive_velocity_pid/lib/odrive_velocity_pid/velocity_pid_node
[3.548s] -- Up-to-date symlink: /home/pneumatic8/Documents/odrive_hil_ros2control/install/odrive_velocity_pid/share/odrive_velocity_pid/config/controllers.yaml
[3.551s] -- Up-to-date symlink: /home/pneumatic8/Documents/odrive_hil_ros2control/install/odrive_velocity_pid/share/ament_index/resource_index/package_run_dependencies/odrive_velocity_pid
[3.551s] -- Up-to-date symlink: /home/pneumatic8/Documents/odrive_hil_ros2control/install/odrive_velocity_pid/share/ament_index/resource_index/parent_prefix_path/odrive_velocity_pid
[3.554s] -- Up-to-date symlink: /home/pneumatic8/Documents/odrive_hil_ros2control/install/odrive_velocity_pid/share/odrive_velocity_pid/environment/ament_prefix_path.sh
[3.554s] -- Up-to-date symlink: /home/pneumatic8/Documents/odrive_hil_ros2control/install/odrive_velocity_pid/share/odrive_velocity_pid/environment/ament_prefix_path.dsv
[3.555s] -- Up-to-date symlink: /home/pneumatic8/Documents/odrive_hil_ros2control/install/odrive_velocity_pid/share/odrive_velocity_pid/environment/path.sh
[3.555s] -- Up-to-date symlink: /home/pneumatic8/Documents/odrive_hil_ros2control/install/odrive_velocity_pid/share/odrive_velocity_pid/environment/path.dsv
[3.555s] -- Up-to-date symlink: /home/pneumatic8/Documents/odrive_hil_ros2control/install/odrive_velocity_pid/share/odrive_velocity_pid/local_setup.bash
[3.555s] -- Up-to-date symlink: /home/pneumatic8/Documents/odrive_hil_ros2control/install/odrive_velocity_pid/share/odrive_velocity_pid/local_setup.sh
[3.555s] -- Up-to-date symlink: /home/pneumatic8/Documents/odrive_hil_ros2control/install/odrive_velocity_pid/share/odrive_velocity_pid/local_setup.zsh
[3.555s] -- Up-to-date symlink: /home/pneumatic8/Documents/odrive_hil_ros2control/install/odrive_velocity_pid/share/odrive_velocity_pid/local_setup.dsv
[3.555s] -- Symlinking: /home/pneumatic8/Documents/odrive_hil_ros2control/install/odrive_velocity_pid/share/odrive_velocity_pid/package.dsv
[3.588s] -- Up-to-date symlink: /home/pneumatic8/Documents/odrive_hil_ros2control/install/odrive_velocity_pid/share/ament_index/resource_index/packages/odrive_velocity_pid
[3.588s] -- Up-to-date symlink: /home/pneumatic8/Documents/odrive_hil_ros2control/install/odrive_velocity_pid/share/odrive_velocity_pid/cmake/odrive_velocity_pidConfig.cmake
[3.588s] -- Up-to-date symlink: /home/pneumatic8/Documents/odrive_hil_ros2control/install/odrive_velocity_pid/share/odrive_velocity_pid/cmake/odrive_velocity_pidConfig-version.cmake
[3.588s] -- Up-to-date symlink: /home/pneumatic8/Documents/odrive_hil_ros2control/install/odrive_velocity_pid/share/odrive_velocity_pid/package.xml
[3.596s] Invoked command in '/home/pneumatic8/Documents/odrive_hil_ros2control/build/odrive_velocity_pid' returned '0': CMAKE_PREFIX_PATH=${CMAKE_PREFIX_PATH}:/opt/ros/jazzy DEBUGINFOD_URLS=https://debuginfod.ubuntu.com /usr/bin/cmake --install /home/pneumatic8/Documents/odrive_hil_ros2control/build/odrive_velocity_pid
