-- Found ament_cmake: 2.5.5 (/opt/ros/jazzy/share/ament_cmake/cmake)
-- Override CMake install command with custom implementation using symlinks instead of copying resources
-- Found rclcpp: 28.1.16 (/opt/ros/jazzy/share/rclcpp/cmake)
-- Found rosidl_generator_c: 4.6.7 (/opt/ros/jazzy/share/rosidl_generator_c/cmake)
-- Found rosidl_generator_cpp: 4.6.7 (/opt/ros/jazzy/share/rosidl_generator_cpp/cmake)
-- Using all available rosidl_typesupport_c: rosidl_typesupport_fastrtps_c;rosidl_typesupport_introspection_c
-- Using all available rosidl_typesupport_cpp: rosidl_typesupport_fastrtps_cpp;rosidl_typesupport_introspection_cpp
-- Found rmw_implementation_cmake: 7.3.3 (/opt/ros/jazzy/share/rmw_implementation_cmake/cmake)
-- Found rmw_fastrtps_cpp: 8.4.3 (/opt/ros/jazzy/share/rmw_fastrtps_cpp/cmake)
-- Using RMW implementation 'rmw_fastrtps_cpp' as default
-- Found ament_cmake_auto: 2.5.5 (/opt/ros/jazzy/share/ament_cmake_auto/cmake)
-- Configuring done (1.7s)
-- Generating done (0.0s)
-- Build files have been written to: /home/pneumatic8/Documents/odrive_hil_ros2control/build/odrive_ros2_control
[ 25%] [32m[1mLinking CXX shared library libodrive_ros2_control_plugin.so[0m
[100%] Built target odrive_ros2_control_plugin
-- Install configuration: ""
-- Execute custom install script
-- Up-to-date symlink: /home/pneumatic8/Documents/odrive_hil_ros2control/install/odrive_ros2_control/share/odrive_ros2_control//odrive_hardware_interface.xml
-- Up-to-date symlink: /home/pneumatic8/Documents/odrive_hil_ros2control/install/odrive_ros2_control/lib/libodrive_ros2_control_plugin.so
-- Up-to-date symlink: /home/pneumatic8/Documents/odrive_hil_ros2control/install/odrive_ros2_control/share/ament_index/resource_index/package_run_dependencies/odrive_ros2_control
-- Up-to-date symlink: /home/pneumatic8/Documents/odrive_hil_ros2control/install/odrive_ros2_control/share/ament_index/resource_index/parent_prefix_path/odrive_ros2_control
-- Up-to-date symlink: /home/pneumatic8/Documents/odrive_hil_ros2control/install/odrive_ros2_control/share/odrive_ros2_control/environment/ament_prefix_path.sh
-- Up-to-date symlink: /home/pneumatic8/Documents/odrive_hil_ros2control/install/odrive_ros2_control/share/odrive_ros2_control/environment/ament_prefix_path.dsv
-- Up-to-date symlink: /home/pneumatic8/Documents/odrive_hil_ros2control/install/odrive_ros2_control/share/odrive_ros2_control/environment/path.sh
-- Up-to-date symlink: /home/pneumatic8/Documents/odrive_hil_ros2control/install/odrive_ros2_control/share/odrive_ros2_control/environment/path.dsv
-- Up-to-date symlink: /home/pneumatic8/Documents/odrive_hil_ros2control/install/odrive_ros2_control/share/odrive_ros2_control/local_setup.bash
-- Up-to-date symlink: /home/pneumatic8/Documents/odrive_hil_ros2control/install/odrive_ros2_control/share/odrive_ros2_control/local_setup.sh
-- Up-to-date symlink: /home/pneumatic8/Documents/odrive_hil_ros2control/install/odrive_ros2_control/share/odrive_ros2_control/local_setup.zsh
-- Up-to-date symlink: /home/pneumatic8/Documents/odrive_hil_ros2control/install/odrive_ros2_control/share/odrive_ros2_control/local_setup.dsv
-- Symlinking: /home/pneumatic8/Documents/odrive_hil_ros2control/install/odrive_ros2_control/share/odrive_ros2_control/package.dsv
-- Up-to-date symlink: /home/pneumatic8/Documents/odrive_hil_ros2control/install/odrive_ros2_control/share/ament_index/resource_index/packages/odrive_ros2_control
-- Up-to-date symlink: /home/pneumatic8/Documents/odrive_hil_ros2control/install/odrive_ros2_control/share/ament_index/resource_index/hardware_interface__pluginlib__plugin/odrive_ros2_control
-- Up-to-date symlink: /home/pneumatic8/Documents/odrive_hil_ros2control/install/odrive_ros2_control/share/odrive_ros2_control/cmake/ament_cmake_export_dependencies-extras.cmake
-- Up-to-date symlink: /home/pneumatic8/Documents/odrive_hil_ros2control/install/odrive_ros2_control/share/odrive_ros2_control/cmake/odrive_ros2_controlConfig.cmake
-- Up-to-date symlink: /home/pneumatic8/Documents/odrive_hil_ros2control/install/odrive_ros2_control/share/odrive_ros2_control/cmake/odrive_ros2_controlConfig-version.cmake
-- Up-to-date symlink: /home/pneumatic8/Documents/odrive_hil_ros2control/install/odrive_ros2_control/share/odrive_ros2_control/package.xml
