[0.016s] Invoking command in '/home/pneumatic8/Documents/odrive_hil_ros2control/build/hil_odrive_ros2_control': CMAKE_PREFIX_PATH=/home/pneumatic8/Documents/odrive_hil_ros2control/install/odrive_ros2_control:/home/pneumatic8/Documents/odrive_hil_ros2control/install/odrive_velocity_pid:/home/pneumatic8/Documents/odrive_hil_ros2control/install/hil_odrive_ros2_control:/opt/ros/jazzy/opt/sdformat_vendor:/opt/ros/jazzy/opt/gz_math_vendor:/opt/ros/jazzy/opt/gz_utils_vendor:/opt/ros/jazzy/opt/gz_tools_vendor:/opt/ros/jazzy/opt/gz_cmake_vendor:/opt/ros/jazzy DEBUGINFOD_URLS=https://debuginfod.ubuntu.com /usr/bin/cmake --build /home/pneumatic8/Documents/odrive_hil_ros2control/build/hil_odrive_ros2_control -- -j4 -l4
[0.113s] Invoked command in '/home/pneumatic8/Documents/odrive_hil_ros2control/build/hil_odrive_ros2_control' returned '0': CMAKE_PREFIX_PATH=/home/pneumatic8/Documents/odrive_hil_ros2control/install/odrive_ros2_control:/home/pneumatic8/Documents/odrive_hil_ros2control/install/odrive_velocity_pid:/home/pneumatic8/Documents/odrive_hil_ros2control/install/hil_odrive_ros2_control:/opt/ros/jazzy/opt/sdformat_vendor:/opt/ros/jazzy/opt/gz_math_vendor:/opt/ros/jazzy/opt/gz_utils_vendor:/opt/ros/jazzy/opt/gz_tools_vendor:/opt/ros/jazzy/opt/gz_cmake_vendor:/opt/ros/jazzy DEBUGINFOD_URLS=https://debuginfod.ubuntu.com /usr/bin/cmake --build /home/pneumatic8/Documents/odrive_hil_ros2control/build/hil_odrive_ros2_control -- -j4 -l4
[0.116s] Invoking command in '/home/pneumatic8/Documents/odrive_hil_ros2control/build/hil_odrive_ros2_control': CMAKE_PREFIX_PATH=/home/pneumatic8/Documents/odrive_hil_ros2control/install/odrive_ros2_control:/home/pneumatic8/Documents/odrive_hil_ros2control/install/odrive_velocity_pid:/home/pneumatic8/Documents/odrive_hil_ros2control/install/hil_odrive_ros2_control:/opt/ros/jazzy/opt/sdformat_vendor:/opt/ros/jazzy/opt/gz_math_vendor:/opt/ros/jazzy/opt/gz_utils_vendor:/opt/ros/jazzy/opt/gz_tools_vendor:/opt/ros/jazzy/opt/gz_cmake_vendor:/opt/ros/jazzy DEBUGINFOD_URLS=https://debuginfod.ubuntu.com /usr/bin/cmake --install /home/pneumatic8/Documents/odrive_hil_ros2control/build/hil_odrive_ros2_control
[0.133s] -- Install configuration: ""
[0.133s] -- Execute custom install script
[0.134s] -- Up-to-date symlink: /home/pneumatic8/Documents/odrive_hil_ros2control/install/hil_odrive_ros2_control/share/hil_odrive_ros2_control/launch/motor_control.launch.py
[0.134s] -- Up-to-date symlink: /home/pneumatic8/Documents/odrive_hil_ros2control/install/hil_odrive_ros2_control/share/hil_odrive_ros2_control/config/controllers.yaml
[0.135s] -- Up-to-date symlink: /home/pneumatic8/Documents/odrive_hil_ros2control/install/hil_odrive_ros2_control/share/hil_odrive_ros2_control/description/urdf/motor.urdf.xacro
[0.135s] -- Up-to-date symlink: /home/pneumatic8/Documents/odrive_hil_ros2control/install/hil_odrive_ros2_control/share/ament_index/resource_index/package_run_dependencies/hil_odrive_ros2_control
[0.135s] -- Up-to-date symlink: /home/pneumatic8/Documents/odrive_hil_ros2control/install/hil_odrive_ros2_control/share/ament_index/resource_index/parent_prefix_path/hil_odrive_ros2_control
[0.136s] -- Up-to-date symlink: /home/pneumatic8/Documents/odrive_hil_ros2control/install/hil_odrive_ros2_control/share/hil_odrive_ros2_control/environment/ament_prefix_path.sh
[0.136s] -- Up-to-date symlink: /home/pneumatic8/Documents/odrive_hil_ros2control/install/hil_odrive_ros2_control/share/hil_odrive_ros2_control/environment/ament_prefix_path.dsv
[0.136s] -- Up-to-date symlink: /home/pneumatic8/Documents/odrive_hil_ros2control/install/hil_odrive_ros2_control/share/hil_odrive_ros2_control/environment/path.sh
[0.137s] -- Up-to-date symlink: /home/pneumatic8/Documents/odrive_hil_ros2control/install/hil_odrive_ros2_control/share/hil_odrive_ros2_control/environment/path.dsv
[0.140s] -- Up-to-date symlink: /home/pneumatic8/Documents/odrive_hil_ros2control/install/hil_odrive_ros2_control/share/hil_odrive_ros2_control/local_setup.bash
[0.140s] -- Up-to-date symlink: /home/pneumatic8/Documents/odrive_hil_ros2control/install/hil_odrive_ros2_control/share/hil_odrive_ros2_control/local_setup.sh
[0.140s] -- Up-to-date symlink: /home/pneumatic8/Documents/odrive_hil_ros2control/install/hil_odrive_ros2_control/share/hil_odrive_ros2_control/local_setup.zsh
[0.140s] -- Up-to-date symlink: /home/pneumatic8/Documents/odrive_hil_ros2control/install/hil_odrive_ros2_control/share/hil_odrive_ros2_control/local_setup.dsv
[0.140s] -- Symlinking: /home/pneumatic8/Documents/odrive_hil_ros2control/install/hil_odrive_ros2_control/share/hil_odrive_ros2_control/package.dsv
[0.168s] -- Up-to-date symlink: /home/pneumatic8/Documents/odrive_hil_ros2control/install/hil_odrive_ros2_control/share/ament_index/resource_index/packages/hil_odrive_ros2_control
[0.168s] -- Up-to-date symlink: /home/pneumatic8/Documents/odrive_hil_ros2control/install/hil_odrive_ros2_control/share/hil_odrive_ros2_control/cmake/hil_odrive_ros2_controlConfig.cmake
[0.168s] -- Up-to-date symlink: /home/pneumatic8/Documents/odrive_hil_ros2control/install/hil_odrive_ros2_control/share/hil_odrive_ros2_control/cmake/hil_odrive_ros2_controlConfig-version.cmake
[0.169s] -- Up-to-date symlink: /home/pneumatic8/Documents/odrive_hil_ros2control/install/hil_odrive_ros2_control/share/hil_odrive_ros2_control/package.xml
[0.174s] Invoked command in '/home/pneumatic8/Documents/odrive_hil_ros2control/build/hil_odrive_ros2_control' returned '0': CMAKE_PREFIX_PATH=/home/pneumatic8/Documents/odrive_hil_ros2control/install/odrive_ros2_control:/home/pneumatic8/Documents/odrive_hil_ros2control/install/odrive_velocity_pid:/home/pneumatic8/Documents/odrive_hil_ros2control/install/hil_odrive_ros2_control:/opt/ros/jazzy/opt/sdformat_vendor:/opt/ros/jazzy/opt/gz_math_vendor:/opt/ros/jazzy/opt/gz_utils_vendor:/opt/ros/jazzy/opt/gz_tools_vendor:/opt/ros/jazzy/opt/gz_cmake_vendor:/opt/ros/jazzy DEBUGINFOD_URLS=https://debuginfod.ubuntu.com /usr/bin/cmake --install /home/pneumatic8/Documents/odrive_hil_ros2control/build/hil_odrive_ros2_control
