[0.029s] Invoking command in '/home/pneumatic8/Documents/odrive_hil_ros2control/build/odrive_ros2_control': CMAKE_PREFIX_PATH=${CMAKE_PREFIX_PATH}:/opt/ros/jazzy DEBUGINFOD_URLS=https://debuginfod.ubuntu.com /usr/bin/cmake --build /home/pneumatic8/Documents/odrive_hil_ros2control/build/odrive_ros2_control -- -j4 -l4
[0.211s] [100%] Built target odrive_ros2_control_plugin
[0.252s] Invoked command in '/home/pneumatic8/Documents/odrive_hil_ros2control/build/odrive_ros2_control' returned '0': CMAKE_PREFIX_PATH=${CMAKE_PREFIX_PATH}:/opt/ros/jazzy DEBUGINFOD_URLS=https://debuginfod.ubuntu.com /usr/bin/cmake --build /home/pneumatic8/Documents/odrive_hil_ros2control/build/odrive_ros2_control -- -j4 -l4
[0.269s] Invoking command in '/home/pneumatic8/Documents/odrive_hil_ros2control/build/odrive_ros2_control': CMAKE_PREFIX_PATH=${CMAKE_PREFIX_PATH}:/opt/ros/jazzy DEBUGINFOD_URLS=https://debuginfod.ubuntu.com /usr/bin/cmake --install /home/pneumatic8/Documents/odrive_hil_ros2control/build/odrive_ros2_control
[0.285s] -- Install configuration: ""
[0.288s] -- Execute custom install script
[0.288s] -- Up-to-date symlink: /home/pneumatic8/Documents/odrive_hil_ros2control/install/odrive_ros2_control/share/odrive_ros2_control//odrive_hardware_interface.xml
[0.288s] -- Up-to-date symlink: /home/pneumatic8/Documents/odrive_hil_ros2control/install/odrive_ros2_control/lib/libodrive_ros2_control_plugin.so
[0.289s] -- Up-to-date symlink: /home/pneumatic8/Documents/odrive_hil_ros2control/install/odrive_ros2_control/share/ament_index/resource_index/package_run_dependencies/odrive_ros2_control
[0.289s] -- Up-to-date symlink: /home/pneumatic8/Documents/odrive_hil_ros2control/install/odrive_ros2_control/share/ament_index/resource_index/parent_prefix_path/odrive_ros2_control
[0.292s] -- Up-to-date symlink: /home/pneumatic8/Documents/odrive_hil_ros2control/install/odrive_ros2_control/share/odrive_ros2_control/environment/ament_prefix_path.sh
[0.292s] -- Up-to-date symlink: /home/pneumatic8/Documents/odrive_hil_ros2control/install/odrive_ros2_control/share/odrive_ros2_control/environment/ament_prefix_path.dsv
[0.292s] -- Up-to-date symlink: /home/pneumatic8/Documents/odrive_hil_ros2control/install/odrive_ros2_control/share/odrive_ros2_control/environment/path.sh
[0.292s] -- Up-to-date symlink: /home/pneumatic8/Documents/odrive_hil_ros2control/install/odrive_ros2_control/share/odrive_ros2_control/environment/path.dsv
[0.292s] -- Up-to-date symlink: /home/pneumatic8/Documents/odrive_hil_ros2control/install/odrive_ros2_control/share/odrive_ros2_control/local_setup.bash
[0.292s] -- Up-to-date symlink: /home/pneumatic8/Documents/odrive_hil_ros2control/install/odrive_ros2_control/share/odrive_ros2_control/local_setup.sh
[0.293s] -- Up-to-date symlink: /home/pneumatic8/Documents/odrive_hil_ros2control/install/odrive_ros2_control/share/odrive_ros2_control/local_setup.zsh
[0.293s] -- Up-to-date symlink: /home/pneumatic8/Documents/odrive_hil_ros2control/install/odrive_ros2_control/share/odrive_ros2_control/local_setup.dsv
[0.294s] -- Symlinking: /home/pneumatic8/Documents/odrive_hil_ros2control/install/odrive_ros2_control/share/odrive_ros2_control/package.dsv
[0.323s] -- Up-to-date symlink: /home/pneumatic8/Documents/odrive_hil_ros2control/install/odrive_ros2_control/share/ament_index/resource_index/packages/odrive_ros2_control
[0.324s] -- Up-to-date symlink: /home/pneumatic8/Documents/odrive_hil_ros2control/install/odrive_ros2_control/share/ament_index/resource_index/hardware_interface__pluginlib__plugin/odrive_ros2_control
[0.324s] -- Up-to-date symlink: /home/pneumatic8/Documents/odrive_hil_ros2control/install/odrive_ros2_control/share/odrive_ros2_control/cmake/ament_cmake_export_dependencies-extras.cmake
[0.324s] -- Up-to-date symlink: /home/pneumatic8/Documents/odrive_hil_ros2control/install/odrive_ros2_control/share/odrive_ros2_control/cmake/odrive_ros2_controlConfig.cmake
[0.325s] -- Up-to-date symlink: /home/pneumatic8/Documents/odrive_hil_ros2control/install/odrive_ros2_control/share/odrive_ros2_control/cmake/odrive_ros2_controlConfig-version.cmake
[0.326s] -- Up-to-date symlink: /home/pneumatic8/Documents/odrive_hil_ros2control/install/odrive_ros2_control/share/odrive_ros2_control/package.xml
[0.364s] Invoked command in '/home/pneumatic8/Documents/odrive_hil_ros2control/build/odrive_ros2_control' returned '0': CMAKE_PREFIX_PATH=${CMAKE_PREFIX_PATH}:/opt/ros/jazzy DEBUGINFOD_URLS=https://debuginfod.ubuntu.com /usr/bin/cmake --install /home/pneumatic8/Documents/odrive_hil_ros2control/build/odrive_ros2_control
