[0.152s] DEBUG:colcon:Command line arguments: ['/usr/bin/colcon', 'build']
[0.152s] DEBUG:colcon:Parsed command line arguments: Namespace(log_base=None, log_level=None, verb_name='build', build_base='build', install_base='install', merge_install=False, symlink_install=False, test_result_base=None, continue_on_error=False, executor='parallel', parallel_workers=4, event_handlers=None, ignore_user_meta=False, metas=['./colcon.meta'], base_paths=['.'], packages_ignore=None, packages_ignore_regex=None, paths=None, packages_up_to=None, packages_up_to_regex=None, packages_above=None, packages_above_and_dependencies=None, packages_above_depth=None, packages_select_by_dep=None, packages_skip_by_dep=None, packages_skip_up_to=None, packages_select_build_failed=False, packages_skip_build_finished=False, packages_select_test_failures=False, packages_skip_test_passed=False, packages_select=None, packages_skip=None, packages_select_regex=None, packages_skip_regex=None, packages_start=None, packages_end=None, allow_overriding=[], cmake_args=None, cmake_target=None, cmake_target_skip_unavailable=False, cmake_clean_cache=False, cmake_clean_first=False, cmake_force_configure=False, ament_cmake_args=None, catkin_cmake_args=None, catkin_skip_building_tests=False, mixin_files=None, mixin=None, verb_parser=<colcon_mixin.mixin.mixin_argument.MixinArgumentDecorator object at 0xffff7e19ccb0>, verb_extension=<colcon_core.verb.build.BuildVerb object at 0xffff7e358860>, main=<bound method BuildVerb.main of <colcon_core.verb.build.BuildVerb object at 0xffff7e358860>>, mixin_verb=('build',))
[0.218s] Level 1:colcon.colcon_core.package_discovery:discover_packages(colcon_meta) check parameters
[0.218s] Level 1:colcon.colcon_core.package_discovery:discover_packages(recursive) check parameters
[0.218s] Level 1:colcon.colcon_core.package_discovery:discover_packages(ignore) check parameters
[0.218s] Level 1:colcon.colcon_core.package_discovery:discover_packages(path) check parameters
[0.218s] Level 1:colcon.colcon_core.package_discovery:discover_packages(colcon_meta) discover
[0.218s] Level 1:colcon.colcon_core.package_discovery:discover_packages(recursive) discover
[0.218s] INFO:colcon.colcon_core.package_discovery:Crawling recursively for packages in '/home/pneumatic8/Documents/odrive_hil_ros2control'
[0.219s] Level 1:colcon.colcon_core.package_identification:_identify(.) by extensions ['ignore', 'ignore_ament_install']
[0.219s] Level 1:colcon.colcon_core.package_identification:_identify(.) by extension 'ignore'
[0.219s] Level 1:colcon.colcon_core.package_identification:_identify(.) by extension 'ignore_ament_install'
[0.219s] Level 1:colcon.colcon_core.package_identification:_identify(.) by extensions ['colcon_pkg']
[0.219s] Level 1:colcon.colcon_core.package_identification:_identify(.) by extension 'colcon_pkg'
[0.219s] Level 1:colcon.colcon_core.package_identification:_identify(.) by extensions ['colcon_meta']
[0.219s] Level 1:colcon.colcon_core.package_identification:_identify(.) by extension 'colcon_meta'
[0.219s] Level 1:colcon.colcon_core.package_identification:_identify(.) by extensions ['ros']
[0.219s] Level 1:colcon.colcon_core.package_identification:_identify(.) by extension 'ros'
[0.263s] Level 1:colcon.colcon_core.package_identification:_identify(.) by extensions ['cmake', 'python']
[0.263s] Level 1:colcon.colcon_core.package_identification:_identify(.) by extension 'cmake'
[0.263s] Level 1:colcon.colcon_core.package_identification:_identify(.) by extension 'python'
[0.263s] Level 1:colcon.colcon_core.package_identification:_identify(.) by extensions ['python_setup_py']
[0.263s] Level 1:colcon.colcon_core.package_identification:_identify(.) by extension 'python_setup_py'
[0.263s] Level 1:colcon.colcon_core.package_identification:_identify(build) by extensions ['ignore', 'ignore_ament_install']
[0.263s] Level 1:colcon.colcon_core.package_identification:_identify(build) by extension 'ignore'
[0.263s] Level 1:colcon.colcon_core.package_identification:_identify(build) ignored
[0.264s] Level 1:colcon.colcon_core.package_identification:_identify(install) by extensions ['ignore', 'ignore_ament_install']
[0.264s] Level 1:colcon.colcon_core.package_identification:_identify(install) by extension 'ignore'
[0.264s] Level 1:colcon.colcon_core.package_identification:_identify(install) ignored
[0.264s] Level 1:colcon.colcon_core.package_identification:_identify(log) by extensions ['ignore', 'ignore_ament_install']
[0.264s] Level 1:colcon.colcon_core.package_identification:_identify(log) by extension 'ignore'
[0.264s] Level 1:colcon.colcon_core.package_identification:_identify(log) ignored
[0.264s] Level 1:colcon.colcon_core.package_identification:_identify(src) by extensions ['ignore', 'ignore_ament_install']
[0.264s] Level 1:colcon.colcon_core.package_identification:_identify(src) by extension 'ignore'
[0.264s] Level 1:colcon.colcon_core.package_identification:_identify(src) by extension 'ignore_ament_install'
[0.264s] Level 1:colcon.colcon_core.package_identification:_identify(src) by extensions ['colcon_pkg']
[0.264s] Level 1:colcon.colcon_core.package_identification:_identify(src) by extension 'colcon_pkg'
[0.264s] Level 1:colcon.colcon_core.package_identification:_identify(src) by extensions ['colcon_meta']
[0.264s] Level 1:colcon.colcon_core.package_identification:_identify(src) by extension 'colcon_meta'
[0.265s] Level 1:colcon.colcon_core.package_identification:_identify(src) by extensions ['ros']
[0.265s] Level 1:colcon.colcon_core.package_identification:_identify(src) by extension 'ros'
[0.265s] Level 1:colcon.colcon_core.package_identification:_identify(src) by extensions ['cmake', 'python']
[0.265s] Level 1:colcon.colcon_core.package_identification:_identify(src) by extension 'cmake'
[0.265s] Level 1:colcon.colcon_core.package_identification:_identify(src) by extension 'python'
[0.265s] Level 1:colcon.colcon_core.package_identification:_identify(src) by extensions ['python_setup_py']
[0.265s] Level 1:colcon.colcon_core.package_identification:_identify(src) by extension 'python_setup_py'
[0.265s] Level 1:colcon.colcon_core.package_identification:_identify(src/hil_odrive_ros2_control) by extensions ['ignore', 'ignore_ament_install']
[0.265s] Level 1:colcon.colcon_core.package_identification:_identify(src/hil_odrive_ros2_control) by extension 'ignore'
[0.265s] Level 1:colcon.colcon_core.package_identification:_identify(src/hil_odrive_ros2_control) by extension 'ignore_ament_install'
[0.265s] Level 1:colcon.colcon_core.package_identification:_identify(src/hil_odrive_ros2_control) by extensions ['colcon_pkg']
[0.265s] Level 1:colcon.colcon_core.package_identification:_identify(src/hil_odrive_ros2_control) by extension 'colcon_pkg'
[0.265s] Level 1:colcon.colcon_core.package_identification:_identify(src/hil_odrive_ros2_control) by extensions ['colcon_meta']
[0.265s] Level 1:colcon.colcon_core.package_identification:_identify(src/hil_odrive_ros2_control) by extension 'colcon_meta'
[0.265s] Level 1:colcon.colcon_core.package_identification:_identify(src/hil_odrive_ros2_control) by extensions ['ros']
[0.265s] Level 1:colcon.colcon_core.package_identification:_identify(src/hil_odrive_ros2_control) by extension 'ros'
[0.269s] DEBUG:colcon.colcon_core.package_identification:Package 'src/hil_odrive_ros2_control' with type 'ros.ament_cmake' and name 'hil_odrive_ros2_control'
[0.269s] Level 1:colcon.colcon_core.package_identification:_identify(src/odrive_base) by extensions ['ignore', 'ignore_ament_install']
[0.269s] Level 1:colcon.colcon_core.package_identification:_identify(src/odrive_base) by extension 'ignore'
[0.270s] Level 1:colcon.colcon_core.package_identification:_identify(src/odrive_base) by extension 'ignore_ament_install'
[0.270s] Level 1:colcon.colcon_core.package_identification:_identify(src/odrive_base) by extensions ['colcon_pkg']
[0.270s] Level 1:colcon.colcon_core.package_identification:_identify(src/odrive_base) by extension 'colcon_pkg'
[0.270s] Level 1:colcon.colcon_core.package_identification:_identify(src/odrive_base) by extensions ['colcon_meta']
[0.270s] Level 1:colcon.colcon_core.package_identification:_identify(src/odrive_base) by extension 'colcon_meta'
[0.270s] Level 1:colcon.colcon_core.package_identification:_identify(src/odrive_base) by extensions ['ros']
[0.270s] Level 1:colcon.colcon_core.package_identification:_identify(src/odrive_base) by extension 'ros'
[0.270s] Level 1:colcon.colcon_core.package_identification:_identify(src/odrive_base) by extensions ['cmake', 'python']
[0.270s] Level 1:colcon.colcon_core.package_identification:_identify(src/odrive_base) by extension 'cmake'
[0.270s] Level 1:colcon.colcon_core.package_identification:_identify(src/odrive_base) by extension 'python'
[0.270s] Level 1:colcon.colcon_core.package_identification:_identify(src/odrive_base) by extensions ['python_setup_py']
[0.270s] Level 1:colcon.colcon_core.package_identification:_identify(src/odrive_base) by extension 'python_setup_py'
[0.270s] Level 1:colcon.colcon_core.package_identification:_identify(src/odrive_base/include) by extensions ['ignore', 'ignore_ament_install']
[0.270s] Level 1:colcon.colcon_core.package_identification:_identify(src/odrive_base/include) by extension 'ignore'
[0.270s] Level 1:colcon.colcon_core.package_identification:_identify(src/odrive_base/include) by extension 'ignore_ament_install'
[0.271s] Level 1:colcon.colcon_core.package_identification:_identify(src/odrive_base/include) by extensions ['colcon_pkg']
[0.271s] Level 1:colcon.colcon_core.package_identification:_identify(src/odrive_base/include) by extension 'colcon_pkg'
[0.271s] Level 1:colcon.colcon_core.package_identification:_identify(src/odrive_base/include) by extensions ['colcon_meta']
[0.271s] Level 1:colcon.colcon_core.package_identification:_identify(src/odrive_base/include) by extension 'colcon_meta'
[0.271s] Level 1:colcon.colcon_core.package_identification:_identify(src/odrive_base/include) by extensions ['ros']
[0.271s] Level 1:colcon.colcon_core.package_identification:_identify(src/odrive_base/include) by extension 'ros'
[0.271s] Level 1:colcon.colcon_core.package_identification:_identify(src/odrive_base/include) by extensions ['cmake', 'python']
[0.271s] Level 1:colcon.colcon_core.package_identification:_identify(src/odrive_base/include) by extension 'cmake'
[0.271s] Level 1:colcon.colcon_core.package_identification:_identify(src/odrive_base/include) by extension 'python'
[0.271s] Level 1:colcon.colcon_core.package_identification:_identify(src/odrive_base/include) by extensions ['python_setup_py']
[0.271s] Level 1:colcon.colcon_core.package_identification:_identify(src/odrive_base/include) by extension 'python_setup_py'
[0.271s] Level 1:colcon.colcon_core.package_identification:_identify(src/odrive_base/src) by extensions ['ignore', 'ignore_ament_install']
[0.271s] Level 1:colcon.colcon_core.package_identification:_identify(src/odrive_base/src) by extension 'ignore'
[0.271s] Level 1:colcon.colcon_core.package_identification:_identify(src/odrive_base/src) by extension 'ignore_ament_install'
[0.271s] Level 1:colcon.colcon_core.package_identification:_identify(src/odrive_base/src) by extensions ['colcon_pkg']
[0.271s] Level 1:colcon.colcon_core.package_identification:_identify(src/odrive_base/src) by extension 'colcon_pkg'
[0.271s] Level 1:colcon.colcon_core.package_identification:_identify(src/odrive_base/src) by extensions ['colcon_meta']
[0.271s] Level 1:colcon.colcon_core.package_identification:_identify(src/odrive_base/src) by extension 'colcon_meta'
[0.271s] Level 1:colcon.colcon_core.package_identification:_identify(src/odrive_base/src) by extensions ['ros']
[0.272s] Level 1:colcon.colcon_core.package_identification:_identify(src/odrive_base/src) by extension 'ros'
[0.272s] Level 1:colcon.colcon_core.package_identification:_identify(src/odrive_base/src) by extensions ['cmake', 'python']
[0.272s] Level 1:colcon.colcon_core.package_identification:_identify(src/odrive_base/src) by extension 'cmake'
[0.272s] Level 1:colcon.colcon_core.package_identification:_identify(src/odrive_base/src) by extension 'python'
[0.272s] Level 1:colcon.colcon_core.package_identification:_identify(src/odrive_base/src) by extensions ['python_setup_py']
[0.272s] Level 1:colcon.colcon_core.package_identification:_identify(src/odrive_base/src) by extension 'python_setup_py'
[0.272s] Level 1:colcon.colcon_core.package_identification:_identify(src/odrive_ros2_control) by extensions ['ignore', 'ignore_ament_install']
[0.272s] Level 1:colcon.colcon_core.package_identification:_identify(src/odrive_ros2_control) by extension 'ignore'
[0.272s] Level 1:colcon.colcon_core.package_identification:_identify(src/odrive_ros2_control) by extension 'ignore_ament_install'
[0.272s] Level 1:colcon.colcon_core.package_identification:_identify(src/odrive_ros2_control) by extensions ['colcon_pkg']
[0.272s] Level 1:colcon.colcon_core.package_identification:_identify(src/odrive_ros2_control) by extension 'colcon_pkg'
[0.272s] Level 1:colcon.colcon_core.package_identification:_identify(src/odrive_ros2_control) by extensions ['colcon_meta']
[0.272s] Level 1:colcon.colcon_core.package_identification:_identify(src/odrive_ros2_control) by extension 'colcon_meta'
[0.272s] Level 1:colcon.colcon_core.package_identification:_identify(src/odrive_ros2_control) by extensions ['ros']
[0.272s] Level 1:colcon.colcon_core.package_identification:_identify(src/odrive_ros2_control) by extension 'ros'
[0.273s] DEBUG:colcon.colcon_core.package_identification:Package 'src/odrive_ros2_control' with type 'ros.ament_cmake' and name 'odrive_ros2_control'
[0.273s] Level 1:colcon.colcon_core.package_identification:_identify(src/odrive_velocity_pid) by extensions ['ignore', 'ignore_ament_install']
[0.274s] Level 1:colcon.colcon_core.package_identification:_identify(src/odrive_velocity_pid) by extension 'ignore'
[0.274s] Level 1:colcon.colcon_core.package_identification:_identify(src/odrive_velocity_pid) by extension 'ignore_ament_install'
[0.274s] Level 1:colcon.colcon_core.package_identification:_identify(src/odrive_velocity_pid) by extensions ['colcon_pkg']
[0.274s] Level 1:colcon.colcon_core.package_identification:_identify(src/odrive_velocity_pid) by extension 'colcon_pkg'
[0.274s] Level 1:colcon.colcon_core.package_identification:_identify(src/odrive_velocity_pid) by extensions ['colcon_meta']
[0.274s] Level 1:colcon.colcon_core.package_identification:_identify(src/odrive_velocity_pid) by extension 'colcon_meta'
[0.274s] Level 1:colcon.colcon_core.package_identification:_identify(src/odrive_velocity_pid) by extensions ['ros']
[0.274s] Level 1:colcon.colcon_core.package_identification:_identify(src/odrive_velocity_pid) by extension 'ros'
[0.275s] DEBUG:colcon.colcon_core.package_identification:Package 'src/odrive_velocity_pid' with type 'ros.ament_cmake' and name 'odrive_velocity_pid'
[0.275s] Level 1:colcon.colcon_core.package_discovery:discover_packages(recursive) using defaults
[0.275s] Level 1:colcon.colcon_core.package_discovery:discover_packages(ignore) discover
[0.275s] Level 1:colcon.colcon_core.package_discovery:discover_packages(ignore) using defaults
[0.275s] Level 1:colcon.colcon_core.package_discovery:discover_packages(path) discover
[0.275s] Level 1:colcon.colcon_core.package_discovery:discover_packages(path) using defaults
[0.302s] Level 1:colcon.colcon_core.package_discovery:discover_packages(prefix_path) check parameters
[0.303s] Level 1:colcon.colcon_core.package_discovery:discover_packages(prefix_path) discover
[0.305s] DEBUG:colcon.colcon_installed_package_information.package_discovery:Found 3 installed packages in /home/pneumatic8/Documents/odrive_hil_ros2control/install
[0.307s] DEBUG:colcon.colcon_installed_package_information.package_discovery:Found 341 installed packages in /opt/ros/jazzy
[0.310s] Level 1:colcon.colcon_core.package_discovery:discover_packages(prefix_path) using defaults
[0.378s] Level 5:colcon.colcon_core.verb:set package 'odrive_ros2_control' build argument 'cmake_args' from command line to 'None'
[0.378s] Level 5:colcon.colcon_core.verb:set package 'odrive_ros2_control' build argument 'cmake_target' from command line to 'None'
[0.378s] Level 5:colcon.colcon_core.verb:set package 'odrive_ros2_control' build argument 'cmake_target_skip_unavailable' from command line to 'False'
[0.378s] Level 5:colcon.colcon_core.verb:set package 'odrive_ros2_control' build argument 'cmake_clean_cache' from command line to 'False'
[0.379s] Level 5:colcon.colcon_core.verb:set package 'odrive_ros2_control' build argument 'cmake_clean_first' from command line to 'False'
[0.379s] Level 5:colcon.colcon_core.verb:set package 'odrive_ros2_control' build argument 'cmake_force_configure' from command line to 'False'
[0.379s] Level 5:colcon.colcon_core.verb:set package 'odrive_ros2_control' build argument 'ament_cmake_args' from command line to 'None'
[0.379s] Level 5:colcon.colcon_core.verb:set package 'odrive_ros2_control' build argument 'catkin_cmake_args' from command line to 'None'
[0.379s] Level 5:colcon.colcon_core.verb:set package 'odrive_ros2_control' build argument 'catkin_skip_building_tests' from command line to 'False'
[0.379s] DEBUG:colcon.colcon_core.verb:Building package 'odrive_ros2_control' with the following arguments: {'ament_cmake_args': None, 'build_base': '/home/pneumatic8/Documents/odrive_hil_ros2control/build/odrive_ros2_control', 'catkin_cmake_args': None, 'catkin_skip_building_tests': False, 'cmake_args': None, 'cmake_clean_cache': False, 'cmake_clean_first': False, 'cmake_force_configure': False, 'cmake_target': None, 'cmake_target_skip_unavailable': False, 'install_base': '/home/pneumatic8/Documents/odrive_hil_ros2control/install/odrive_ros2_control', 'merge_install': False, 'path': '/home/pneumatic8/Documents/odrive_hil_ros2control/src/odrive_ros2_control', 'symlink_install': False, 'test_result_base': None}
[0.379s] Level 5:colcon.colcon_core.verb:set package 'odrive_velocity_pid' build argument 'cmake_args' from command line to 'None'
[0.379s] Level 5:colcon.colcon_core.verb:set package 'odrive_velocity_pid' build argument 'cmake_target' from command line to 'None'
[0.379s] Level 5:colcon.colcon_core.verb:set package 'odrive_velocity_pid' build argument 'cmake_target_skip_unavailable' from command line to 'False'
[0.379s] Level 5:colcon.colcon_core.verb:set package 'odrive_velocity_pid' build argument 'cmake_clean_cache' from command line to 'False'
[0.379s] Level 5:colcon.colcon_core.verb:set package 'odrive_velocity_pid' build argument 'cmake_clean_first' from command line to 'False'
[0.379s] Level 5:colcon.colcon_core.verb:set package 'odrive_velocity_pid' build argument 'cmake_force_configure' from command line to 'False'
[0.379s] Level 5:colcon.colcon_core.verb:set package 'odrive_velocity_pid' build argument 'ament_cmake_args' from command line to 'None'
[0.379s] Level 5:colcon.colcon_core.verb:set package 'odrive_velocity_pid' build argument 'catkin_cmake_args' from command line to 'None'
[0.379s] Level 5:colcon.colcon_core.verb:set package 'odrive_velocity_pid' build argument 'catkin_skip_building_tests' from command line to 'False'
[0.379s] DEBUG:colcon.colcon_core.verb:Building package 'odrive_velocity_pid' with the following arguments: {'ament_cmake_args': None, 'build_base': '/home/pneumatic8/Documents/odrive_hil_ros2control/build/odrive_velocity_pid', 'catkin_cmake_args': None, 'catkin_skip_building_tests': False, 'cmake_args': None, 'cmake_clean_cache': False, 'cmake_clean_first': False, 'cmake_force_configure': False, 'cmake_target': None, 'cmake_target_skip_unavailable': False, 'install_base': '/home/pneumatic8/Documents/odrive_hil_ros2control/install/odrive_velocity_pid', 'merge_install': False, 'path': '/home/pneumatic8/Documents/odrive_hil_ros2control/src/odrive_velocity_pid', 'symlink_install': False, 'test_result_base': None}
[0.380s] Level 5:colcon.colcon_core.verb:set package 'hil_odrive_ros2_control' build argument 'cmake_args' from command line to 'None'
[0.380s] Level 5:colcon.colcon_core.verb:set package 'hil_odrive_ros2_control' build argument 'cmake_target' from command line to 'None'
[0.380s] Level 5:colcon.colcon_core.verb:set package 'hil_odrive_ros2_control' build argument 'cmake_target_skip_unavailable' from command line to 'False'
[0.380s] Level 5:colcon.colcon_core.verb:set package 'hil_odrive_ros2_control' build argument 'cmake_clean_cache' from command line to 'False'
[0.380s] Level 5:colcon.colcon_core.verb:set package 'hil_odrive_ros2_control' build argument 'cmake_clean_first' from command line to 'False'
[0.380s] Level 5:colcon.colcon_core.verb:set package 'hil_odrive_ros2_control' build argument 'cmake_force_configure' from command line to 'False'
[0.380s] Level 5:colcon.colcon_core.verb:set package 'hil_odrive_ros2_control' build argument 'ament_cmake_args' from command line to 'None'
[0.380s] Level 5:colcon.colcon_core.verb:set package 'hil_odrive_ros2_control' build argument 'catkin_cmake_args' from command line to 'None'
[0.380s] Level 5:colcon.colcon_core.verb:set package 'hil_odrive_ros2_control' build argument 'catkin_skip_building_tests' from command line to 'False'
[0.380s] DEBUG:colcon.colcon_core.verb:Building package 'hil_odrive_ros2_control' with the following arguments: {'ament_cmake_args': None, 'build_base': '/home/pneumatic8/Documents/odrive_hil_ros2control/build/hil_odrive_ros2_control', 'catkin_cmake_args': None, 'catkin_skip_building_tests': False, 'cmake_args': None, 'cmake_clean_cache': False, 'cmake_clean_first': False, 'cmake_force_configure': False, 'cmake_target': None, 'cmake_target_skip_unavailable': False, 'install_base': '/home/pneumatic8/Documents/odrive_hil_ros2control/install/hil_odrive_ros2_control', 'merge_install': False, 'path': '/home/pneumatic8/Documents/odrive_hil_ros2control/src/hil_odrive_ros2_control', 'symlink_install': False, 'test_result_base': None}
[0.380s] INFO:colcon.colcon_core.executor:Executing jobs using 'parallel' executor
[0.381s] DEBUG:colcon.colcon_parallel_executor.executor.parallel:run_until_complete
[0.382s] INFO:colcon.colcon_ros.task.ament_cmake.build:Building ROS package in '/home/pneumatic8/Documents/odrive_hil_ros2control/src/odrive_ros2_control' with build type 'ament_cmake'
[0.382s] INFO:colcon.colcon_cmake.task.cmake.build:Building CMake package in '/home/pneumatic8/Documents/odrive_hil_ros2control/src/odrive_ros2_control'
[0.391s] INFO:colcon.colcon_core.plugin_system:Skipping extension 'colcon_core.shell.bat': Not used on non-Windows systems
[0.392s] INFO:colcon.colcon_core.shell:Skip shell extension 'powershell' for command environment: Not usable outside of PowerShell
[0.392s] DEBUG:colcon.colcon_core.shell:Skip shell extension 'dsv' for command environment
[0.404s] INFO:colcon.colcon_ros.task.ament_cmake.build:Building ROS package in '/home/pneumatic8/Documents/odrive_hil_ros2control/src/odrive_velocity_pid' with build type 'ament_cmake'
[0.404s] INFO:colcon.colcon_cmake.task.cmake.build:Building CMake package in '/home/pneumatic8/Documents/odrive_hil_ros2control/src/odrive_velocity_pid'
[0.405s] INFO:colcon.colcon_core.shell:Skip shell extension 'powershell' for command environment: Not usable outside of PowerShell
[0.405s] DEBUG:colcon.colcon_core.shell:Skip shell extension 'dsv' for command environment
[0.418s] DEBUG:colcon.colcon_core.event_handler.log_command:Invoking command in '/home/pneumatic8/Documents/odrive_hil_ros2control/build/odrive_ros2_control': CMAKE_PREFIX_PATH=${CMAKE_PREFIX_PATH}:/opt/ros/jazzy DEBUGINFOD_URLS=https://debuginfod.ubuntu.com /usr/bin/cmake /home/pneumatic8/Documents/odrive_hil_ros2control/src/odrive_ros2_control -DCMAKE_INSTALL_PREFIX=/home/pneumatic8/Documents/odrive_hil_ros2control/install/odrive_ros2_control
[0.431s] DEBUG:colcon.colcon_core.event_handler.log_command:Invoking command in '/home/pneumatic8/Documents/odrive_hil_ros2control/build/odrive_velocity_pid': CMAKE_PREFIX_PATH=${CMAKE_PREFIX_PATH}:/opt/ros/jazzy DEBUGINFOD_URLS=https://debuginfod.ubuntu.com /usr/bin/cmake /home/pneumatic8/Documents/odrive_hil_ros2control/src/odrive_velocity_pid -DCMAKE_INSTALL_PREFIX=/home/pneumatic8/Documents/odrive_hil_ros2control/install/odrive_velocity_pid
[1.941s] DEBUG:colcon.colcon_core.event_handler.log_command:Invoked command in '/home/pneumatic8/Documents/odrive_hil_ros2control/build/odrive_velocity_pid' returned '0': CMAKE_PREFIX_PATH=${CMAKE_PREFIX_PATH}:/opt/ros/jazzy DEBUGINFOD_URLS=https://debuginfod.ubuntu.com /usr/bin/cmake /home/pneumatic8/Documents/odrive_hil_ros2control/src/odrive_velocity_pid -DCMAKE_INSTALL_PREFIX=/home/pneumatic8/Documents/odrive_hil_ros2control/install/odrive_velocity_pid
[1.944s] DEBUG:colcon.colcon_core.event_handler.log_command:Invoking command in '/home/pneumatic8/Documents/odrive_hil_ros2control/build/odrive_velocity_pid': CMAKE_PREFIX_PATH=${CMAKE_PREFIX_PATH}:/opt/ros/jazzy DEBUGINFOD_URLS=https://debuginfod.ubuntu.com /usr/bin/cmake --build /home/pneumatic8/Documents/odrive_hil_ros2control/build/odrive_velocity_pid -- -j4 -l4
[2.251s] DEBUG:colcon.colcon_core.event_handler.log_command:Invoked command in '/home/pneumatic8/Documents/odrive_hil_ros2control/build/odrive_ros2_control' returned '0': CMAKE_PREFIX_PATH=${CMAKE_PREFIX_PATH}:/opt/ros/jazzy DEBUGINFOD_URLS=https://debuginfod.ubuntu.com /usr/bin/cmake /home/pneumatic8/Documents/odrive_hil_ros2control/src/odrive_ros2_control -DCMAKE_INSTALL_PREFIX=/home/pneumatic8/Documents/odrive_hil_ros2control/install/odrive_ros2_control
[2.253s] DEBUG:colcon.colcon_core.event_handler.log_command:Invoking command in '/home/pneumatic8/Documents/odrive_hil_ros2control/build/odrive_ros2_control': CMAKE_PREFIX_PATH=${CMAKE_PREFIX_PATH}:/opt/ros/jazzy DEBUGINFOD_URLS=https://debuginfod.ubuntu.com /usr/bin/cmake --build /home/pneumatic8/Documents/odrive_hil_ros2control/build/odrive_ros2_control -- -j4 -l4
[3.881s] DEBUG:colcon.colcon_core.event_handler.log_command:Invoked command in '/home/pneumatic8/Documents/odrive_hil_ros2control/build/odrive_velocity_pid' returned '0': CMAKE_PREFIX_PATH=${CMAKE_PREFIX_PATH}:/opt/ros/jazzy DEBUGINFOD_URLS=https://debuginfod.ubuntu.com /usr/bin/cmake --build /home/pneumatic8/Documents/odrive_hil_ros2control/build/odrive_velocity_pid -- -j4 -l4
[3.910s] DEBUG:colcon.colcon_core.event_handler.log_command:Invoking command in '/home/pneumatic8/Documents/odrive_hil_ros2control/build/odrive_velocity_pid': CMAKE_PREFIX_PATH=${CMAKE_PREFIX_PATH}:/opt/ros/jazzy DEBUGINFOD_URLS=https://debuginfod.ubuntu.com /usr/bin/cmake --install /home/pneumatic8/Documents/odrive_hil_ros2control/build/odrive_velocity_pid
[3.972s] DEBUG:colcon.colcon_core.event_handler.log_command:Invoked command in '/home/pneumatic8/Documents/odrive_hil_ros2control/build/odrive_ros2_control' returned '0': CMAKE_PREFIX_PATH=${CMAKE_PREFIX_PATH}:/opt/ros/jazzy DEBUGINFOD_URLS=https://debuginfod.ubuntu.com /usr/bin/cmake --build /home/pneumatic8/Documents/odrive_hil_ros2control/build/odrive_ros2_control -- -j4 -l4
[3.977s] DEBUG:colcon.colcon_core.event_handler.log_command:Invoking command in '/home/pneumatic8/Documents/odrive_hil_ros2control/build/odrive_ros2_control': CMAKE_PREFIX_PATH=${CMAKE_PREFIX_PATH}:/opt/ros/jazzy DEBUGINFOD_URLS=https://debuginfod.ubuntu.com /usr/bin/cmake --install /home/pneumatic8/Documents/odrive_hil_ros2control/build/odrive_ros2_control
[4.001s] Level 1:colcon.colcon_core.environment:create_environment_scripts_only(odrive_velocity_pid)
[4.003s] DEBUG:colcon.colcon_core.event_handler.log_command:Invoked command in '/home/pneumatic8/Documents/odrive_hil_ros2control/build/odrive_velocity_pid' returned '0': CMAKE_PREFIX_PATH=${CMAKE_PREFIX_PATH}:/opt/ros/jazzy DEBUGINFOD_URLS=https://debuginfod.ubuntu.com /usr/bin/cmake --install /home/pneumatic8/Documents/odrive_hil_ros2control/build/odrive_velocity_pid
[4.013s] Level 1:colcon.colcon_core.environment:checking '/home/pneumatic8/Documents/odrive_hil_ros2control/install/odrive_velocity_pid' for CMake module files
[4.020s] Level 1:colcon.colcon_core.environment:checking '/home/pneumatic8/Documents/odrive_hil_ros2control/install/odrive_velocity_pid' for CMake config files
[4.021s] Level 1:colcon.colcon_core.shell:create_environment_hook('odrive_velocity_pid', 'cmake_prefix_path')
[4.022s] INFO:colcon.colcon_core.shell:Creating environment hook '/home/pneumatic8/Documents/odrive_hil_ros2control/install/odrive_velocity_pid/share/odrive_velocity_pid/hook/cmake_prefix_path.ps1'
[4.025s] INFO:colcon.colcon_core.shell:Creating environment descriptor '/home/pneumatic8/Documents/odrive_hil_ros2control/install/odrive_velocity_pid/share/odrive_velocity_pid/hook/cmake_prefix_path.dsv'
[4.028s] INFO:colcon.colcon_core.shell:Creating environment hook '/home/pneumatic8/Documents/odrive_hil_ros2control/install/odrive_velocity_pid/share/odrive_velocity_pid/hook/cmake_prefix_path.sh'
[4.030s] Level 1:colcon.colcon_core.environment:checking '/home/pneumatic8/Documents/odrive_hil_ros2control/install/odrive_velocity_pid/lib'
[4.031s] Level 1:colcon.colcon_core.environment:checking '/home/pneumatic8/Documents/odrive_hil_ros2control/install/odrive_velocity_pid/bin'
[4.031s] Level 1:colcon.colcon_core.environment:checking '/home/pneumatic8/Documents/odrive_hil_ros2control/install/odrive_velocity_pid/lib/pkgconfig/odrive_velocity_pid.pc'
[4.032s] Level 1:colcon.colcon_core.environment:checking '/home/pneumatic8/Documents/odrive_hil_ros2control/install/odrive_velocity_pid/lib/python3.12/site-packages'
[4.032s] Level 1:colcon.colcon_core.environment:checking '/home/pneumatic8/Documents/odrive_hil_ros2control/install/odrive_velocity_pid/bin'
[4.034s] INFO:colcon.colcon_core.shell:Creating package script '/home/pneumatic8/Documents/odrive_hil_ros2control/install/odrive_velocity_pid/share/odrive_velocity_pid/package.ps1'
[4.037s] INFO:colcon.colcon_core.shell:Creating package descriptor '/home/pneumatic8/Documents/odrive_hil_ros2control/install/odrive_velocity_pid/share/odrive_velocity_pid/package.dsv'
[4.038s] INFO:colcon.colcon_core.shell:Creating package script '/home/pneumatic8/Documents/odrive_hil_ros2control/install/odrive_velocity_pid/share/odrive_velocity_pid/package.sh'
[4.046s] INFO:colcon.colcon_core.shell:Creating package script '/home/pneumatic8/Documents/odrive_hil_ros2control/install/odrive_velocity_pid/share/odrive_velocity_pid/package.bash'
[4.054s] INFO:colcon.colcon_core.shell:Creating package script '/home/pneumatic8/Documents/odrive_hil_ros2control/install/odrive_velocity_pid/share/odrive_velocity_pid/package.zsh'
[4.056s] Level 1:colcon.colcon_core.environment:create_file_with_runtime_dependencies(/home/pneumatic8/Documents/odrive_hil_ros2control/install/odrive_velocity_pid/share/colcon-core/packages/odrive_velocity_pid)
[4.058s] Level 1:colcon.colcon_core.environment:create_environment_scripts_only(odrive_velocity_pid)
[4.058s] Level 1:colcon.colcon_core.environment:checking '/home/pneumatic8/Documents/odrive_hil_ros2control/install/odrive_velocity_pid' for CMake module files
[4.060s] Level 1:colcon.colcon_core.environment:checking '/home/pneumatic8/Documents/odrive_hil_ros2control/install/odrive_velocity_pid' for CMake config files
[4.060s] Level 1:colcon.colcon_core.shell:create_environment_hook('odrive_velocity_pid', 'cmake_prefix_path')
[4.060s] INFO:colcon.colcon_core.shell:Creating environment hook '/home/pneumatic8/Documents/odrive_hil_ros2control/install/odrive_velocity_pid/share/odrive_velocity_pid/hook/cmake_prefix_path.ps1'
[4.061s] INFO:colcon.colcon_core.shell:Creating environment descriptor '/home/pneumatic8/Documents/odrive_hil_ros2control/install/odrive_velocity_pid/share/odrive_velocity_pid/hook/cmake_prefix_path.dsv'
[4.062s] INFO:colcon.colcon_core.shell:Creating environment hook '/home/pneumatic8/Documents/odrive_hil_ros2control/install/odrive_velocity_pid/share/odrive_velocity_pid/hook/cmake_prefix_path.sh'
[4.063s] Level 1:colcon.colcon_core.environment:checking '/home/pneumatic8/Documents/odrive_hil_ros2control/install/odrive_velocity_pid/lib'
[4.063s] Level 1:colcon.colcon_core.environment:checking '/home/pneumatic8/Documents/odrive_hil_ros2control/install/odrive_velocity_pid/bin'
[4.063s] Level 1:colcon.colcon_core.environment:checking '/home/pneumatic8/Documents/odrive_hil_ros2control/install/odrive_velocity_pid/lib/pkgconfig/odrive_velocity_pid.pc'
[4.064s] Level 1:colcon.colcon_core.environment:checking '/home/pneumatic8/Documents/odrive_hil_ros2control/install/odrive_velocity_pid/lib/python3.12/site-packages'
[4.064s] Level 1:colcon.colcon_core.environment:checking '/home/pneumatic8/Documents/odrive_hil_ros2control/install/odrive_velocity_pid/bin'
[4.065s] INFO:colcon.colcon_core.shell:Creating package script '/home/pneumatic8/Documents/odrive_hil_ros2control/install/odrive_velocity_pid/share/odrive_velocity_pid/package.ps1'
[4.066s] INFO:colcon.colcon_core.shell:Creating package descriptor '/home/pneumatic8/Documents/odrive_hil_ros2control/install/odrive_velocity_pid/share/odrive_velocity_pid/package.dsv'
[4.068s] INFO:colcon.colcon_core.shell:Creating package script '/home/pneumatic8/Documents/odrive_hil_ros2control/install/odrive_velocity_pid/share/odrive_velocity_pid/package.sh'
[4.069s] INFO:colcon.colcon_core.shell:Creating package script '/home/pneumatic8/Documents/odrive_hil_ros2control/install/odrive_velocity_pid/share/odrive_velocity_pid/package.bash'
[4.069s] INFO:colcon.colcon_core.shell:Creating package script '/home/pneumatic8/Documents/odrive_hil_ros2control/install/odrive_velocity_pid/share/odrive_velocity_pid/package.zsh'
[4.070s] Level 1:colcon.colcon_core.environment:create_file_with_runtime_dependencies(/home/pneumatic8/Documents/odrive_hil_ros2control/install/odrive_velocity_pid/share/colcon-core/packages/odrive_velocity_pid)
[4.072s] Level 1:colcon.colcon_core.environment:create_environment_scripts_only(odrive_ros2_control)
[4.073s] Level 1:colcon.colcon_core.environment:checking '/home/pneumatic8/Documents/odrive_hil_ros2control/install/odrive_ros2_control' for CMake module files
[4.078s] DEBUG:colcon.colcon_core.event_handler.log_command:Invoked command in '/home/pneumatic8/Documents/odrive_hil_ros2control/build/odrive_ros2_control' returned '0': CMAKE_PREFIX_PATH=${CMAKE_PREFIX_PATH}:/opt/ros/jazzy DEBUGINFOD_URLS=https://debuginfod.ubuntu.com /usr/bin/cmake --install /home/pneumatic8/Documents/odrive_hil_ros2control/build/odrive_ros2_control
[4.083s] Level 1:colcon.colcon_core.environment:checking '/home/pneumatic8/Documents/odrive_hil_ros2control/install/odrive_ros2_control' for CMake config files
[4.084s] Level 1:colcon.colcon_core.shell:create_environment_hook('odrive_ros2_control', 'cmake_prefix_path')
[4.086s] INFO:colcon.colcon_core.shell:Creating environment hook '/home/pneumatic8/Documents/odrive_hil_ros2control/install/odrive_ros2_control/share/odrive_ros2_control/hook/cmake_prefix_path.ps1'
[4.088s] INFO:colcon.colcon_core.shell:Creating environment descriptor '/home/pneumatic8/Documents/odrive_hil_ros2control/install/odrive_ros2_control/share/odrive_ros2_control/hook/cmake_prefix_path.dsv'
[4.091s] INFO:colcon.colcon_core.shell:Creating environment hook '/home/pneumatic8/Documents/odrive_hil_ros2control/install/odrive_ros2_control/share/odrive_ros2_control/hook/cmake_prefix_path.sh'
[4.101s] Level 1:colcon.colcon_core.environment:checking '/home/pneumatic8/Documents/odrive_hil_ros2control/install/odrive_ros2_control/lib'
[4.102s] Level 1:colcon.colcon_core.shell:create_environment_hook('odrive_ros2_control', 'ld_library_path_lib')
[4.103s] INFO:colcon.colcon_core.shell:Creating environment hook '/home/pneumatic8/Documents/odrive_hil_ros2control/install/odrive_ros2_control/share/odrive_ros2_control/hook/ld_library_path_lib.ps1'
[4.106s] INFO:colcon.colcon_core.shell:Creating environment descriptor '/home/pneumatic8/Documents/odrive_hil_ros2control/install/odrive_ros2_control/share/odrive_ros2_control/hook/ld_library_path_lib.dsv'
[4.108s] INFO:colcon.colcon_core.shell:Creating environment hook '/home/pneumatic8/Documents/odrive_hil_ros2control/install/odrive_ros2_control/share/odrive_ros2_control/hook/ld_library_path_lib.sh'
[4.111s] Level 1:colcon.colcon_core.environment:checking '/home/pneumatic8/Documents/odrive_hil_ros2control/install/odrive_ros2_control/bin'
[4.111s] Level 1:colcon.colcon_core.environment:checking '/home/pneumatic8/Documents/odrive_hil_ros2control/install/odrive_ros2_control/lib/pkgconfig/odrive_ros2_control.pc'
[4.112s] Level 1:colcon.colcon_core.environment:checking '/home/pneumatic8/Documents/odrive_hil_ros2control/install/odrive_ros2_control/lib/python3.12/site-packages'
[4.113s] Level 1:colcon.colcon_core.environment:checking '/home/pneumatic8/Documents/odrive_hil_ros2control/install/odrive_ros2_control/bin'
[4.115s] INFO:colcon.colcon_core.shell:Creating package script '/home/pneumatic8/Documents/odrive_hil_ros2control/install/odrive_ros2_control/share/odrive_ros2_control/package.ps1'
[4.118s] INFO:colcon.colcon_core.shell:Creating package descriptor '/home/pneumatic8/Documents/odrive_hil_ros2control/install/odrive_ros2_control/share/odrive_ros2_control/package.dsv'
[4.121s] INFO:colcon.colcon_core.shell:Creating package script '/home/pneumatic8/Documents/odrive_hil_ros2control/install/odrive_ros2_control/share/odrive_ros2_control/package.sh'
[4.123s] INFO:colcon.colcon_core.shell:Creating package script '/home/pneumatic8/Documents/odrive_hil_ros2control/install/odrive_ros2_control/share/odrive_ros2_control/package.bash'
[4.124s] INFO:colcon.colcon_core.shell:Creating package script '/home/pneumatic8/Documents/odrive_hil_ros2control/install/odrive_ros2_control/share/odrive_ros2_control/package.zsh'
[4.126s] Level 1:colcon.colcon_core.environment:create_file_with_runtime_dependencies(/home/pneumatic8/Documents/odrive_hil_ros2control/install/odrive_ros2_control/share/colcon-core/packages/odrive_ros2_control)
[4.131s] Level 1:colcon.colcon_core.environment:create_environment_scripts_only(odrive_ros2_control)
[4.132s] Level 1:colcon.colcon_core.environment:checking '/home/pneumatic8/Documents/odrive_hil_ros2control/install/odrive_ros2_control' for CMake module files
[4.142s] Level 1:colcon.colcon_core.environment:checking '/home/pneumatic8/Documents/odrive_hil_ros2control/install/odrive_ros2_control' for CMake config files
[4.145s] Level 1:colcon.colcon_core.shell:create_environment_hook('odrive_ros2_control', 'cmake_prefix_path')
[4.147s] INFO:colcon.colcon_core.shell:Creating environment hook '/home/pneumatic8/Documents/odrive_hil_ros2control/install/odrive_ros2_control/share/odrive_ros2_control/hook/cmake_prefix_path.ps1'
[4.149s] INFO:colcon.colcon_core.shell:Creating environment descriptor '/home/pneumatic8/Documents/odrive_hil_ros2control/install/odrive_ros2_control/share/odrive_ros2_control/hook/cmake_prefix_path.dsv'
[4.158s] INFO:colcon.colcon_core.shell:Creating environment hook '/home/pneumatic8/Documents/odrive_hil_ros2control/install/odrive_ros2_control/share/odrive_ros2_control/hook/cmake_prefix_path.sh'
[4.164s] Level 1:colcon.colcon_core.environment:checking '/home/pneumatic8/Documents/odrive_hil_ros2control/install/odrive_ros2_control/lib'
[4.165s] Level 1:colcon.colcon_core.shell:create_environment_hook('odrive_ros2_control', 'ld_library_path_lib')
[4.166s] INFO:colcon.colcon_core.shell:Creating environment hook '/home/pneumatic8/Documents/odrive_hil_ros2control/install/odrive_ros2_control/share/odrive_ros2_control/hook/ld_library_path_lib.ps1'
[4.168s] INFO:colcon.colcon_core.shell:Creating environment descriptor '/home/pneumatic8/Documents/odrive_hil_ros2control/install/odrive_ros2_control/share/odrive_ros2_control/hook/ld_library_path_lib.dsv'
[4.170s] INFO:colcon.colcon_core.shell:Creating environment hook '/home/pneumatic8/Documents/odrive_hil_ros2control/install/odrive_ros2_control/share/odrive_ros2_control/hook/ld_library_path_lib.sh'
[4.173s] Level 1:colcon.colcon_core.environment:checking '/home/pneumatic8/Documents/odrive_hil_ros2control/install/odrive_ros2_control/bin'
[4.173s] Level 1:colcon.colcon_core.environment:checking '/home/pneumatic8/Documents/odrive_hil_ros2control/install/odrive_ros2_control/lib/pkgconfig/odrive_ros2_control.pc'
[4.174s] Level 1:colcon.colcon_core.environment:checking '/home/pneumatic8/Documents/odrive_hil_ros2control/install/odrive_ros2_control/lib/python3.12/site-packages'
[4.176s] Level 1:colcon.colcon_core.environment:checking '/home/pneumatic8/Documents/odrive_hil_ros2control/install/odrive_ros2_control/bin'
[4.177s] INFO:colcon.colcon_core.shell:Creating package script '/home/pneumatic8/Documents/odrive_hil_ros2control/install/odrive_ros2_control/share/odrive_ros2_control/package.ps1'
[4.180s] INFO:colcon.colcon_core.shell:Creating package descriptor '/home/pneumatic8/Documents/odrive_hil_ros2control/install/odrive_ros2_control/share/odrive_ros2_control/package.dsv'
[4.183s] INFO:colcon.colcon_core.shell:Creating package script '/home/pneumatic8/Documents/odrive_hil_ros2control/install/odrive_ros2_control/share/odrive_ros2_control/package.sh'
[4.187s] INFO:colcon.colcon_core.shell:Creating package script '/home/pneumatic8/Documents/odrive_hil_ros2control/install/odrive_ros2_control/share/odrive_ros2_control/package.bash'
[4.190s] INFO:colcon.colcon_core.shell:Creating package script '/home/pneumatic8/Documents/odrive_hil_ros2control/install/odrive_ros2_control/share/odrive_ros2_control/package.zsh'
[4.193s] Level 1:colcon.colcon_core.environment:create_file_with_runtime_dependencies(/home/pneumatic8/Documents/odrive_hil_ros2control/install/odrive_ros2_control/share/colcon-core/packages/odrive_ros2_control)
[4.195s] INFO:colcon.colcon_ros.task.ament_cmake.build:Building ROS package in '/home/pneumatic8/Documents/odrive_hil_ros2control/src/hil_odrive_ros2_control' with build type 'ament_cmake'
[4.196s] INFO:colcon.colcon_cmake.task.cmake.build:Building CMake package in '/home/pneumatic8/Documents/odrive_hil_ros2control/src/hil_odrive_ros2_control'
[4.197s] INFO:colcon.colcon_core.shell:Skip shell extension 'powershell' for command environment: Not usable outside of PowerShell
[4.203s] DEBUG:colcon.colcon_core.shell:Skip shell extension 'dsv' for command environment
[4.263s] DEBUG:colcon.colcon_core.event_handler.log_command:Invoking command in '/home/pneumatic8/Documents/odrive_hil_ros2control/build/hil_odrive_ros2_control': CMAKE_PREFIX_PATH=/home/pneumatic8/Documents/odrive_hil_ros2control/install/odrive_ros2_control:/home/pneumatic8/Documents/odrive_hil_ros2control/install/odrive_velocity_pid:/home/pneumatic8/Documents/odrive_hil_ros2control/install/hil_odrive_ros2_control:/opt/ros/jazzy/opt/sdformat_vendor:/opt/ros/jazzy/opt/gz_math_vendor:/opt/ros/jazzy/opt/gz_utils_vendor:/opt/ros/jazzy/opt/gz_tools_vendor:/opt/ros/jazzy/opt/gz_cmake_vendor:/opt/ros/jazzy DEBUGINFOD_URLS=https://debuginfod.ubuntu.com /usr/bin/cmake /home/pneumatic8/Documents/odrive_hil_ros2control/src/hil_odrive_ros2_control -DCMAKE_INSTALL_PREFIX=/home/pneumatic8/Documents/odrive_hil_ros2control/install/hil_odrive_ros2_control
[5.261s] DEBUG:colcon.colcon_core.event_handler.log_command:Invoked command in '/home/pneumatic8/Documents/odrive_hil_ros2control/build/hil_odrive_ros2_control' returned '0': CMAKE_PREFIX_PATH=/home/pneumatic8/Documents/odrive_hil_ros2control/install/odrive_ros2_control:/home/pneumatic8/Documents/odrive_hil_ros2control/install/odrive_velocity_pid:/home/pneumatic8/Documents/odrive_hil_ros2control/install/hil_odrive_ros2_control:/opt/ros/jazzy/opt/sdformat_vendor:/opt/ros/jazzy/opt/gz_math_vendor:/opt/ros/jazzy/opt/gz_utils_vendor:/opt/ros/jazzy/opt/gz_tools_vendor:/opt/ros/jazzy/opt/gz_cmake_vendor:/opt/ros/jazzy DEBUGINFOD_URLS=https://debuginfod.ubuntu.com /usr/bin/cmake /home/pneumatic8/Documents/odrive_hil_ros2control/src/hil_odrive_ros2_control -DCMAKE_INSTALL_PREFIX=/home/pneumatic8/Documents/odrive_hil_ros2control/install/hil_odrive_ros2_control
[5.262s] DEBUG:colcon.colcon_core.event_handler.log_command:Invoking command in '/home/pneumatic8/Documents/odrive_hil_ros2control/build/hil_odrive_ros2_control': CMAKE_PREFIX_PATH=/home/pneumatic8/Documents/odrive_hil_ros2control/install/odrive_ros2_control:/home/pneumatic8/Documents/odrive_hil_ros2control/install/odrive_velocity_pid:/home/pneumatic8/Documents/odrive_hil_ros2control/install/hil_odrive_ros2_control:/opt/ros/jazzy/opt/sdformat_vendor:/opt/ros/jazzy/opt/gz_math_vendor:/opt/ros/jazzy/opt/gz_utils_vendor:/opt/ros/jazzy/opt/gz_tools_vendor:/opt/ros/jazzy/opt/gz_cmake_vendor:/opt/ros/jazzy DEBUGINFOD_URLS=https://debuginfod.ubuntu.com /usr/bin/cmake --build /home/pneumatic8/Documents/odrive_hil_ros2control/build/hil_odrive_ros2_control -- -j4 -l4
[5.362s] DEBUG:colcon.colcon_core.event_handler.log_command:Invoked command in '/home/pneumatic8/Documents/odrive_hil_ros2control/build/hil_odrive_ros2_control' returned '0': CMAKE_PREFIX_PATH=/home/pneumatic8/Documents/odrive_hil_ros2control/install/odrive_ros2_control:/home/pneumatic8/Documents/odrive_hil_ros2control/install/odrive_velocity_pid:/home/pneumatic8/Documents/odrive_hil_ros2control/install/hil_odrive_ros2_control:/opt/ros/jazzy/opt/sdformat_vendor:/opt/ros/jazzy/opt/gz_math_vendor:/opt/ros/jazzy/opt/gz_utils_vendor:/opt/ros/jazzy/opt/gz_tools_vendor:/opt/ros/jazzy/opt/gz_cmake_vendor:/opt/ros/jazzy DEBUGINFOD_URLS=https://debuginfod.ubuntu.com /usr/bin/cmake --build /home/pneumatic8/Documents/odrive_hil_ros2control/build/hil_odrive_ros2_control -- -j4 -l4
[5.364s] DEBUG:colcon.colcon_core.event_handler.log_command:Invoking command in '/home/pneumatic8/Documents/odrive_hil_ros2control/build/hil_odrive_ros2_control': CMAKE_PREFIX_PATH=/home/pneumatic8/Documents/odrive_hil_ros2control/install/odrive_ros2_control:/home/pneumatic8/Documents/odrive_hil_ros2control/install/odrive_velocity_pid:/home/pneumatic8/Documents/odrive_hil_ros2control/install/hil_odrive_ros2_control:/opt/ros/jazzy/opt/sdformat_vendor:/opt/ros/jazzy/opt/gz_math_vendor:/opt/ros/jazzy/opt/gz_utils_vendor:/opt/ros/jazzy/opt/gz_tools_vendor:/opt/ros/jazzy/opt/gz_cmake_vendor:/opt/ros/jazzy DEBUGINFOD_URLS=https://debuginfod.ubuntu.com /usr/bin/cmake --install /home/pneumatic8/Documents/odrive_hil_ros2control/build/hil_odrive_ros2_control
[5.406s] Level 1:colcon.colcon_core.environment:create_environment_scripts_only(hil_odrive_ros2_control)
[5.407s] Level 1:colcon.colcon_core.environment:checking '/home/pneumatic8/Documents/odrive_hil_ros2control/install/hil_odrive_ros2_control' for CMake module files
[5.408s] DEBUG:colcon.colcon_core.event_handler.log_command:Invoked command in '/home/pneumatic8/Documents/odrive_hil_ros2control/build/hil_odrive_ros2_control' returned '0': CMAKE_PREFIX_PATH=/home/pneumatic8/Documents/odrive_hil_ros2control/install/odrive_ros2_control:/home/pneumatic8/Documents/odrive_hil_ros2control/install/odrive_velocity_pid:/home/pneumatic8/Documents/odrive_hil_ros2control/install/hil_odrive_ros2_control:/opt/ros/jazzy/opt/sdformat_vendor:/opt/ros/jazzy/opt/gz_math_vendor:/opt/ros/jazzy/opt/gz_utils_vendor:/opt/ros/jazzy/opt/gz_tools_vendor:/opt/ros/jazzy/opt/gz_cmake_vendor:/opt/ros/jazzy DEBUGINFOD_URLS=https://debuginfod.ubuntu.com /usr/bin/cmake --install /home/pneumatic8/Documents/odrive_hil_ros2control/build/hil_odrive_ros2_control
[5.408s] Level 1:colcon.colcon_core.environment:checking '/home/pneumatic8/Documents/odrive_hil_ros2control/install/hil_odrive_ros2_control' for CMake config files
[5.409s] Level 1:colcon.colcon_core.shell:create_environment_hook('hil_odrive_ros2_control', 'cmake_prefix_path')
[5.409s] INFO:colcon.colcon_core.shell:Creating environment hook '/home/pneumatic8/Documents/odrive_hil_ros2control/install/hil_odrive_ros2_control/share/hil_odrive_ros2_control/hook/cmake_prefix_path.ps1'
[5.410s] INFO:colcon.colcon_core.shell:Creating environment descriptor '/home/pneumatic8/Documents/odrive_hil_ros2control/install/hil_odrive_ros2_control/share/hil_odrive_ros2_control/hook/cmake_prefix_path.dsv'
[5.411s] INFO:colcon.colcon_core.shell:Creating environment hook '/home/pneumatic8/Documents/odrive_hil_ros2control/install/hil_odrive_ros2_control/share/hil_odrive_ros2_control/hook/cmake_prefix_path.sh'
[5.412s] Level 1:colcon.colcon_core.environment:checking '/home/pneumatic8/Documents/odrive_hil_ros2control/install/hil_odrive_ros2_control/bin'
[5.412s] Level 1:colcon.colcon_core.environment:checking '/home/pneumatic8/Documents/odrive_hil_ros2control/install/hil_odrive_ros2_control/lib/pkgconfig/hil_odrive_ros2_control.pc'
[5.412s] Level 1:colcon.colcon_core.environment:checking '/home/pneumatic8/Documents/odrive_hil_ros2control/install/hil_odrive_ros2_control/lib/python3.12/site-packages'
[5.413s] Level 1:colcon.colcon_core.environment:checking '/home/pneumatic8/Documents/odrive_hil_ros2control/install/hil_odrive_ros2_control/bin'
[5.413s] INFO:colcon.colcon_core.shell:Creating package script '/home/pneumatic8/Documents/odrive_hil_ros2control/install/hil_odrive_ros2_control/share/hil_odrive_ros2_control/package.ps1'
[5.414s] INFO:colcon.colcon_core.shell:Creating package descriptor '/home/pneumatic8/Documents/odrive_hil_ros2control/install/hil_odrive_ros2_control/share/hil_odrive_ros2_control/package.dsv'
[5.414s] INFO:colcon.colcon_core.shell:Creating package script '/home/pneumatic8/Documents/odrive_hil_ros2control/install/hil_odrive_ros2_control/share/hil_odrive_ros2_control/package.sh'
[5.415s] INFO:colcon.colcon_core.shell:Creating package script '/home/pneumatic8/Documents/odrive_hil_ros2control/install/hil_odrive_ros2_control/share/hil_odrive_ros2_control/package.bash'
[5.416s] INFO:colcon.colcon_core.shell:Creating package script '/home/pneumatic8/Documents/odrive_hil_ros2control/install/hil_odrive_ros2_control/share/hil_odrive_ros2_control/package.zsh'
[5.417s] Level 1:colcon.colcon_core.environment:create_file_with_runtime_dependencies(/home/pneumatic8/Documents/odrive_hil_ros2control/install/hil_odrive_ros2_control/share/colcon-core/packages/hil_odrive_ros2_control)
[5.418s] Level 1:colcon.colcon_core.environment:create_environment_scripts_only(hil_odrive_ros2_control)
[5.418s] Level 1:colcon.colcon_core.environment:checking '/home/pneumatic8/Documents/odrive_hil_ros2control/install/hil_odrive_ros2_control' for CMake module files
[5.419s] Level 1:colcon.colcon_core.environment:checking '/home/pneumatic8/Documents/odrive_hil_ros2control/install/hil_odrive_ros2_control' for CMake config files
[5.419s] Level 1:colcon.colcon_core.shell:create_environment_hook('hil_odrive_ros2_control', 'cmake_prefix_path')
[5.420s] INFO:colcon.colcon_core.shell:Creating environment hook '/home/pneumatic8/Documents/odrive_hil_ros2control/install/hil_odrive_ros2_control/share/hil_odrive_ros2_control/hook/cmake_prefix_path.ps1'
[5.420s] INFO:colcon.colcon_core.shell:Creating environment descriptor '/home/pneumatic8/Documents/odrive_hil_ros2control/install/hil_odrive_ros2_control/share/hil_odrive_ros2_control/hook/cmake_prefix_path.dsv'
[5.422s] INFO:colcon.colcon_core.shell:Creating environment hook '/home/pneumatic8/Documents/odrive_hil_ros2control/install/hil_odrive_ros2_control/share/hil_odrive_ros2_control/hook/cmake_prefix_path.sh'
[5.426s] Level 1:colcon.colcon_core.environment:checking '/home/pneumatic8/Documents/odrive_hil_ros2control/install/hil_odrive_ros2_control/bin'
[5.427s] Level 1:colcon.colcon_core.environment:checking '/home/pneumatic8/Documents/odrive_hil_ros2control/install/hil_odrive_ros2_control/lib/pkgconfig/hil_odrive_ros2_control.pc'
[5.428s] Level 1:colcon.colcon_core.environment:checking '/home/pneumatic8/Documents/odrive_hil_ros2control/install/hil_odrive_ros2_control/lib/python3.12/site-packages'
[5.430s] Level 1:colcon.colcon_core.environment:checking '/home/pneumatic8/Documents/odrive_hil_ros2control/install/hil_odrive_ros2_control/bin'
[5.431s] INFO:colcon.colcon_core.shell:Creating package script '/home/pneumatic8/Documents/odrive_hil_ros2control/install/hil_odrive_ros2_control/share/hil_odrive_ros2_control/package.ps1'
[5.432s] INFO:colcon.colcon_core.shell:Creating package descriptor '/home/pneumatic8/Documents/odrive_hil_ros2control/install/hil_odrive_ros2_control/share/hil_odrive_ros2_control/package.dsv'
[5.434s] INFO:colcon.colcon_core.shell:Creating package script '/home/pneumatic8/Documents/odrive_hil_ros2control/install/hil_odrive_ros2_control/share/hil_odrive_ros2_control/package.sh'
[5.435s] INFO:colcon.colcon_core.shell:Creating package script '/home/pneumatic8/Documents/odrive_hil_ros2control/install/hil_odrive_ros2_control/share/hil_odrive_ros2_control/package.bash'
[5.436s] INFO:colcon.colcon_core.shell:Creating package script '/home/pneumatic8/Documents/odrive_hil_ros2control/install/hil_odrive_ros2_control/share/hil_odrive_ros2_control/package.zsh'
[5.436s] Level 1:colcon.colcon_core.environment:create_file_with_runtime_dependencies(/home/pneumatic8/Documents/odrive_hil_ros2control/install/hil_odrive_ros2_control/share/colcon-core/packages/hil_odrive_ros2_control)
[5.438s] DEBUG:colcon.colcon_parallel_executor.executor.parallel:closing loop
[5.442s] DEBUG:colcon.colcon_parallel_executor.executor.parallel:loop closed
[5.444s] DEBUG:colcon.colcon_parallel_executor.executor.parallel:run_until_complete finished with '0'
[5.444s] DEBUG:colcon.colcon_core.event_reactor:joining thread
[5.463s] INFO:colcon.colcon_core.plugin_system:Skipping extension 'colcon_notification.desktop_notification.terminal_notifier': Not used on non-Darwin systems
[5.463s] INFO:colcon.colcon_core.plugin_system:Skipping extension 'colcon_notification.desktop_notification.win32': Not used on non-Windows systems
[5.464s] INFO:colcon.colcon_notification.desktop_notification:Sending desktop notification using 'notify2'
[5.522s] DEBUG:colcon.colcon_core.event_reactor:joined thread
[5.525s] INFO:colcon.colcon_core.shell:Creating prefix script '/home/pneumatic8/Documents/odrive_hil_ros2control/install/local_setup.ps1'
[5.526s] INFO:colcon.colcon_core.shell:Creating prefix util module '/home/pneumatic8/Documents/odrive_hil_ros2control/install/_local_setup_util_ps1.py'
[5.541s] INFO:colcon.colcon_core.shell:Creating prefix chain script '/home/pneumatic8/Documents/odrive_hil_ros2control/install/setup.ps1'
[5.543s] INFO:colcon.colcon_core.shell:Creating prefix script '/home/pneumatic8/Documents/odrive_hil_ros2control/install/local_setup.sh'
[5.544s] INFO:colcon.colcon_core.shell:Creating prefix util module '/home/pneumatic8/Documents/odrive_hil_ros2control/install/_local_setup_util_sh.py'
[5.545s] INFO:colcon.colcon_core.shell:Creating prefix chain script '/home/pneumatic8/Documents/odrive_hil_ros2control/install/setup.sh'
[5.547s] INFO:colcon.colcon_core.shell:Creating prefix script '/home/pneumatic8/Documents/odrive_hil_ros2control/install/local_setup.bash'
[5.548s] INFO:colcon.colcon_core.shell:Creating prefix chain script '/home/pneumatic8/Documents/odrive_hil_ros2control/install/setup.bash'
[5.550s] INFO:colcon.colcon_core.shell:Creating prefix script '/home/pneumatic8/Documents/odrive_hil_ros2control/install/local_setup.zsh'
[5.551s] INFO:colcon.colcon_core.shell:Creating prefix chain script '/home/pneumatic8/Documents/odrive_hil_ros2control/install/setup.zsh'
