[0.156s] DEBUG:colcon:Command line arguments: ['/usr/bin/colcon', 'build', '--packages-select', 'odrive_velocity_pid']
[0.157s] DEBUG:colcon:Parsed command line arguments: Namespace(log_base=None, log_level=None, verb_name='build', build_base='build', install_base='install', merge_install=False, symlink_install=False, test_result_base=None, continue_on_error=False, executor='parallel', parallel_workers=4, event_handlers=None, ignore_user_meta=False, metas=['./colcon.meta'], base_paths=['.'], packages_ignore=None, packages_ignore_regex=None, paths=None, packages_up_to=None, packages_up_to_regex=None, packages_above=None, packages_above_and_dependencies=None, packages_above_depth=None, packages_select_by_dep=None, packages_skip_by_dep=None, packages_skip_up_to=None, packages_select_build_failed=False, packages_skip_build_finished=False, packages_select_test_failures=False, packages_skip_test_passed=False, packages_select=['odrive_velocity_pid'], packages_skip=None, packages_select_regex=None, packages_skip_regex=None, packages_start=None, packages_end=None, allow_overriding=[], cmake_args=None, cmake_target=None, cmake_target_skip_unavailable=False, cmake_clean_cache=False, cmake_clean_first=False, cmake_force_configure=False, ament_cmake_args=None, catkin_cmake_args=None, catkin_skip_building_tests=False, mixin_files=None, mixin=None, verb_parser=<colcon_mixin.mixin.mixin_argument.MixinArgumentDecorator object at 0xffff84b209b0>, verb_extension=<colcon_core.verb.build.BuildVerb object at 0xffff84cdc980>, main=<bound method BuildVerb.main of <colcon_core.verb.build.BuildVerb object at 0xffff84cdc980>>, mixin_verb=('build',))
[0.225s] Level 1:colcon.colcon_core.package_discovery:discover_packages(colcon_meta) check parameters
[0.225s] Level 1:colcon.colcon_core.package_discovery:discover_packages(recursive) check parameters
[0.226s] Level 1:colcon.colcon_core.package_discovery:discover_packages(ignore) check parameters
[0.226s] Level 1:colcon.colcon_core.package_discovery:discover_packages(path) check parameters
[0.226s] Level 1:colcon.colcon_core.package_discovery:discover_packages(colcon_meta) discover
[0.226s] Level 1:colcon.colcon_core.package_discovery:discover_packages(recursive) discover
[0.226s] INFO:colcon.colcon_core.package_discovery:Crawling recursively for packages in '/home/pneumatic8/Documents/odrive_hil_ros2control'
[0.226s] Level 1:colcon.colcon_core.package_identification:_identify(.) by extensions ['ignore', 'ignore_ament_install']
[0.226s] Level 1:colcon.colcon_core.package_identification:_identify(.) by extension 'ignore'
[0.226s] Level 1:colcon.colcon_core.package_identification:_identify(.) by extension 'ignore_ament_install'
[0.226s] Level 1:colcon.colcon_core.package_identification:_identify(.) by extensions ['colcon_pkg']
[0.226s] Level 1:colcon.colcon_core.package_identification:_identify(.) by extension 'colcon_pkg'
[0.226s] Level 1:colcon.colcon_core.package_identification:_identify(.) by extensions ['colcon_meta']
[0.226s] Level 1:colcon.colcon_core.package_identification:_identify(.) by extension 'colcon_meta'
[0.227s] Level 1:colcon.colcon_core.package_identification:_identify(.) by extensions ['ros']
[0.227s] Level 1:colcon.colcon_core.package_identification:_identify(.) by extension 'ros'
[0.271s] Level 1:colcon.colcon_core.package_identification:_identify(.) by extensions ['cmake', 'python']
[0.271s] Level 1:colcon.colcon_core.package_identification:_identify(.) by extension 'cmake'
[0.271s] Level 1:colcon.colcon_core.package_identification:_identify(.) by extension 'python'
[0.271s] Level 1:colcon.colcon_core.package_identification:_identify(.) by extensions ['python_setup_py']
[0.271s] Level 1:colcon.colcon_core.package_identification:_identify(.) by extension 'python_setup_py'
[0.271s] Level 1:colcon.colcon_core.package_identification:_identify(build) by extensions ['ignore', 'ignore_ament_install']
[0.272s] Level 1:colcon.colcon_core.package_identification:_identify(build) by extension 'ignore'
[0.272s] Level 1:colcon.colcon_core.package_identification:_identify(build) ignored
[0.272s] Level 1:colcon.colcon_core.package_identification:_identify(install) by extensions ['ignore', 'ignore_ament_install']
[0.272s] Level 1:colcon.colcon_core.package_identification:_identify(install) by extension 'ignore'
[0.272s] Level 1:colcon.colcon_core.package_identification:_identify(install) ignored
[0.272s] Level 1:colcon.colcon_core.package_identification:_identify(log) by extensions ['ignore', 'ignore_ament_install']
[0.272s] Level 1:colcon.colcon_core.package_identification:_identify(log) by extension 'ignore'
[0.272s] Level 1:colcon.colcon_core.package_identification:_identify(log) ignored
[0.272s] Level 1:colcon.colcon_core.package_identification:_identify(src) by extensions ['ignore', 'ignore_ament_install']
[0.272s] Level 1:colcon.colcon_core.package_identification:_identify(src) by extension 'ignore'
[0.272s] Level 1:colcon.colcon_core.package_identification:_identify(src) by extension 'ignore_ament_install'
[0.273s] Level 1:colcon.colcon_core.package_identification:_identify(src) by extensions ['colcon_pkg']
[0.273s] Level 1:colcon.colcon_core.package_identification:_identify(src) by extension 'colcon_pkg'
[0.273s] Level 1:colcon.colcon_core.package_identification:_identify(src) by extensions ['colcon_meta']
[0.273s] Level 1:colcon.colcon_core.package_identification:_identify(src) by extension 'colcon_meta'
[0.273s] Level 1:colcon.colcon_core.package_identification:_identify(src) by extensions ['ros']
[0.273s] Level 1:colcon.colcon_core.package_identification:_identify(src) by extension 'ros'
[0.273s] Level 1:colcon.colcon_core.package_identification:_identify(src) by extensions ['cmake', 'python']
[0.273s] Level 1:colcon.colcon_core.package_identification:_identify(src) by extension 'cmake'
[0.273s] Level 1:colcon.colcon_core.package_identification:_identify(src) by extension 'python'
[0.273s] Level 1:colcon.colcon_core.package_identification:_identify(src) by extensions ['python_setup_py']
[0.273s] Level 1:colcon.colcon_core.package_identification:_identify(src) by extension 'python_setup_py'
[0.273s] Level 1:colcon.colcon_core.package_identification:_identify(src/hil_odrive_ros2_control) by extensions ['ignore', 'ignore_ament_install']
[0.273s] Level 1:colcon.colcon_core.package_identification:_identify(src/hil_odrive_ros2_control) by extension 'ignore'
[0.273s] Level 1:colcon.colcon_core.package_identification:_identify(src/hil_odrive_ros2_control) by extension 'ignore_ament_install'
[0.273s] Level 1:colcon.colcon_core.package_identification:_identify(src/hil_odrive_ros2_control) by extensions ['colcon_pkg']
[0.273s] Level 1:colcon.colcon_core.package_identification:_identify(src/hil_odrive_ros2_control) by extension 'colcon_pkg'
[0.273s] Level 1:colcon.colcon_core.package_identification:_identify(src/hil_odrive_ros2_control) by extensions ['colcon_meta']
[0.273s] Level 1:colcon.colcon_core.package_identification:_identify(src/hil_odrive_ros2_control) by extension 'colcon_meta'
[0.273s] Level 1:colcon.colcon_core.package_identification:_identify(src/hil_odrive_ros2_control) by extensions ['ros']
[0.273s] Level 1:colcon.colcon_core.package_identification:_identify(src/hil_odrive_ros2_control) by extension 'ros'
[0.277s] DEBUG:colcon.colcon_core.package_identification:Package 'src/hil_odrive_ros2_control' with type 'ros.ament_cmake' and name 'hil_odrive_ros2_control'
[0.277s] Level 1:colcon.colcon_core.package_identification:_identify(src/odrive_base) by extensions ['ignore', 'ignore_ament_install']
[0.277s] Level 1:colcon.colcon_core.package_identification:_identify(src/odrive_base) by extension 'ignore'
[0.277s] Level 1:colcon.colcon_core.package_identification:_identify(src/odrive_base) by extension 'ignore_ament_install'
[0.277s] Level 1:colcon.colcon_core.package_identification:_identify(src/odrive_base) by extensions ['colcon_pkg']
[0.277s] Level 1:colcon.colcon_core.package_identification:_identify(src/odrive_base) by extension 'colcon_pkg'
[0.277s] Level 1:colcon.colcon_core.package_identification:_identify(src/odrive_base) by extensions ['colcon_meta']
[0.277s] Level 1:colcon.colcon_core.package_identification:_identify(src/odrive_base) by extension 'colcon_meta'
[0.277s] Level 1:colcon.colcon_core.package_identification:_identify(src/odrive_base) by extensions ['ros']
[0.278s] Level 1:colcon.colcon_core.package_identification:_identify(src/odrive_base) by extension 'ros'
[0.278s] Level 1:colcon.colcon_core.package_identification:_identify(src/odrive_base) by extensions ['cmake', 'python']
[0.278s] Level 1:colcon.colcon_core.package_identification:_identify(src/odrive_base) by extension 'cmake'
[0.278s] Level 1:colcon.colcon_core.package_identification:_identify(src/odrive_base) by extension 'python'
[0.278s] Level 1:colcon.colcon_core.package_identification:_identify(src/odrive_base) by extensions ['python_setup_py']
[0.278s] Level 1:colcon.colcon_core.package_identification:_identify(src/odrive_base) by extension 'python_setup_py'
[0.278s] Level 1:colcon.colcon_core.package_identification:_identify(src/odrive_base/include) by extensions ['ignore', 'ignore_ament_install']
[0.278s] Level 1:colcon.colcon_core.package_identification:_identify(src/odrive_base/include) by extension 'ignore'
[0.278s] Level 1:colcon.colcon_core.package_identification:_identify(src/odrive_base/include) by extension 'ignore_ament_install'
[0.278s] Level 1:colcon.colcon_core.package_identification:_identify(src/odrive_base/include) by extensions ['colcon_pkg']
[0.278s] Level 1:colcon.colcon_core.package_identification:_identify(src/odrive_base/include) by extension 'colcon_pkg'
[0.278s] Level 1:colcon.colcon_core.package_identification:_identify(src/odrive_base/include) by extensions ['colcon_meta']
[0.278s] Level 1:colcon.colcon_core.package_identification:_identify(src/odrive_base/include) by extension 'colcon_meta'
[0.278s] Level 1:colcon.colcon_core.package_identification:_identify(src/odrive_base/include) by extensions ['ros']
[0.278s] Level 1:colcon.colcon_core.package_identification:_identify(src/odrive_base/include) by extension 'ros'
[0.278s] Level 1:colcon.colcon_core.package_identification:_identify(src/odrive_base/include) by extensions ['cmake', 'python']
[0.278s] Level 1:colcon.colcon_core.package_identification:_identify(src/odrive_base/include) by extension 'cmake'
[0.278s] Level 1:colcon.colcon_core.package_identification:_identify(src/odrive_base/include) by extension 'python'
[0.279s] Level 1:colcon.colcon_core.package_identification:_identify(src/odrive_base/include) by extensions ['python_setup_py']
[0.279s] Level 1:colcon.colcon_core.package_identification:_identify(src/odrive_base/include) by extension 'python_setup_py'
[0.279s] Level 1:colcon.colcon_core.package_identification:_identify(src/odrive_base/src) by extensions ['ignore', 'ignore_ament_install']
[0.279s] Level 1:colcon.colcon_core.package_identification:_identify(src/odrive_base/src) by extension 'ignore'
[0.279s] Level 1:colcon.colcon_core.package_identification:_identify(src/odrive_base/src) by extension 'ignore_ament_install'
[0.279s] Level 1:colcon.colcon_core.package_identification:_identify(src/odrive_base/src) by extensions ['colcon_pkg']
[0.279s] Level 1:colcon.colcon_core.package_identification:_identify(src/odrive_base/src) by extension 'colcon_pkg'
[0.279s] Level 1:colcon.colcon_core.package_identification:_identify(src/odrive_base/src) by extensions ['colcon_meta']
[0.279s] Level 1:colcon.colcon_core.package_identification:_identify(src/odrive_base/src) by extension 'colcon_meta'
[0.279s] Level 1:colcon.colcon_core.package_identification:_identify(src/odrive_base/src) by extensions ['ros']
[0.279s] Level 1:colcon.colcon_core.package_identification:_identify(src/odrive_base/src) by extension 'ros'
[0.279s] Level 1:colcon.colcon_core.package_identification:_identify(src/odrive_base/src) by extensions ['cmake', 'python']
[0.279s] Level 1:colcon.colcon_core.package_identification:_identify(src/odrive_base/src) by extension 'cmake'
[0.279s] Level 1:colcon.colcon_core.package_identification:_identify(src/odrive_base/src) by extension 'python'
[0.279s] Level 1:colcon.colcon_core.package_identification:_identify(src/odrive_base/src) by extensions ['python_setup_py']
[0.279s] Level 1:colcon.colcon_core.package_identification:_identify(src/odrive_base/src) by extension 'python_setup_py'
[0.279s] Level 1:colcon.colcon_core.package_identification:_identify(src/odrive_ros2_control) by extensions ['ignore', 'ignore_ament_install']
[0.280s] Level 1:colcon.colcon_core.package_identification:_identify(src/odrive_ros2_control) by extension 'ignore'
[0.280s] Level 1:colcon.colcon_core.package_identification:_identify(src/odrive_ros2_control) by extension 'ignore_ament_install'
[0.280s] Level 1:colcon.colcon_core.package_identification:_identify(src/odrive_ros2_control) by extensions ['colcon_pkg']
[0.280s] Level 1:colcon.colcon_core.package_identification:_identify(src/odrive_ros2_control) by extension 'colcon_pkg'
[0.280s] Level 1:colcon.colcon_core.package_identification:_identify(src/odrive_ros2_control) by extensions ['colcon_meta']
[0.280s] Level 1:colcon.colcon_core.package_identification:_identify(src/odrive_ros2_control) by extension 'colcon_meta'
[0.280s] Level 1:colcon.colcon_core.package_identification:_identify(src/odrive_ros2_control) by extensions ['ros']
[0.280s] Level 1:colcon.colcon_core.package_identification:_identify(src/odrive_ros2_control) by extension 'ros'
[0.281s] DEBUG:colcon.colcon_core.package_identification:Package 'src/odrive_ros2_control' with type 'ros.ament_cmake' and name 'odrive_ros2_control'
[0.281s] Level 1:colcon.colcon_core.package_identification:_identify(src/odrive_velocity_pid) by extensions ['ignore', 'ignore_ament_install']
[0.281s] Level 1:colcon.colcon_core.package_identification:_identify(src/odrive_velocity_pid) by extension 'ignore'
[0.281s] Level 1:colcon.colcon_core.package_identification:_identify(src/odrive_velocity_pid) by extension 'ignore_ament_install'
[0.281s] Level 1:colcon.colcon_core.package_identification:_identify(src/odrive_velocity_pid) by extensions ['colcon_pkg']
[0.281s] Level 1:colcon.colcon_core.package_identification:_identify(src/odrive_velocity_pid) by extension 'colcon_pkg'
[0.281s] Level 1:colcon.colcon_core.package_identification:_identify(src/odrive_velocity_pid) by extensions ['colcon_meta']
[0.281s] Level 1:colcon.colcon_core.package_identification:_identify(src/odrive_velocity_pid) by extension 'colcon_meta'
[0.281s] Level 1:colcon.colcon_core.package_identification:_identify(src/odrive_velocity_pid) by extensions ['ros']
[0.281s] Level 1:colcon.colcon_core.package_identification:_identify(src/odrive_velocity_pid) by extension 'ros'
[0.282s] DEBUG:colcon.colcon_core.package_identification:Package 'src/odrive_velocity_pid' with type 'ros.ament_cmake' and name 'odrive_velocity_pid'
[0.282s] Level 1:colcon.colcon_core.package_discovery:discover_packages(recursive) using defaults
[0.282s] Level 1:colcon.colcon_core.package_discovery:discover_packages(ignore) discover
[0.282s] Level 1:colcon.colcon_core.package_discovery:discover_packages(ignore) using defaults
[0.282s] Level 1:colcon.colcon_core.package_discovery:discover_packages(path) discover
[0.282s] Level 1:colcon.colcon_core.package_discovery:discover_packages(path) using defaults
[0.308s] INFO:colcon.colcon_core.package_selection:Skipping not selected package 'odrive_ros2_control' in 'src/odrive_ros2_control'
[0.308s] INFO:colcon.colcon_core.package_selection:Skipping not selected package 'hil_odrive_ros2_control' in 'src/hil_odrive_ros2_control'
[0.308s] Level 1:colcon.colcon_core.package_discovery:discover_packages(prefix_path) check parameters
[0.308s] Level 1:colcon.colcon_core.package_discovery:discover_packages(prefix_path) discover
[0.311s] DEBUG:colcon.colcon_installed_package_information.package_discovery:Found 3 installed packages in /home/pneumatic8/Documents/odrive_hil_ros2control/install
[0.313s] DEBUG:colcon.colcon_installed_package_information.package_discovery:Found 341 installed packages in /opt/ros/jazzy
[0.316s] Level 1:colcon.colcon_core.package_discovery:discover_packages(prefix_path) using defaults
[0.386s] Level 5:colcon.colcon_core.verb:set package 'odrive_velocity_pid' build argument 'cmake_args' from command line to 'None'
[0.386s] Level 5:colcon.colcon_core.verb:set package 'odrive_velocity_pid' build argument 'cmake_target' from command line to 'None'
[0.386s] Level 5:colcon.colcon_core.verb:set package 'odrive_velocity_pid' build argument 'cmake_target_skip_unavailable' from command line to 'False'
[0.386s] Level 5:colcon.colcon_core.verb:set package 'odrive_velocity_pid' build argument 'cmake_clean_cache' from command line to 'False'
[0.386s] Level 5:colcon.colcon_core.verb:set package 'odrive_velocity_pid' build argument 'cmake_clean_first' from command line to 'False'
[0.386s] Level 5:colcon.colcon_core.verb:set package 'odrive_velocity_pid' build argument 'cmake_force_configure' from command line to 'False'
[0.386s] Level 5:colcon.colcon_core.verb:set package 'odrive_velocity_pid' build argument 'ament_cmake_args' from command line to 'None'
[0.386s] Level 5:colcon.colcon_core.verb:set package 'odrive_velocity_pid' build argument 'catkin_cmake_args' from command line to 'None'
[0.386s] Level 5:colcon.colcon_core.verb:set package 'odrive_velocity_pid' build argument 'catkin_skip_building_tests' from command line to 'False'
[0.386s] DEBUG:colcon.colcon_core.verb:Building package 'odrive_velocity_pid' with the following arguments: {'ament_cmake_args': None, 'build_base': '/home/pneumatic8/Documents/odrive_hil_ros2control/build/odrive_velocity_pid', 'catkin_cmake_args': None, 'catkin_skip_building_tests': False, 'cmake_args': None, 'cmake_clean_cache': False, 'cmake_clean_first': False, 'cmake_force_configure': False, 'cmake_target': None, 'cmake_target_skip_unavailable': False, 'install_base': '/home/pneumatic8/Documents/odrive_hil_ros2control/install/odrive_velocity_pid', 'merge_install': False, 'path': '/home/pneumatic8/Documents/odrive_hil_ros2control/src/odrive_velocity_pid', 'symlink_install': False, 'test_result_base': None}
[0.386s] INFO:colcon.colcon_core.executor:Executing jobs using 'parallel' executor
[0.388s] DEBUG:colcon.colcon_parallel_executor.executor.parallel:run_until_complete
[0.388s] INFO:colcon.colcon_ros.task.ament_cmake.build:Building ROS package in '/home/pneumatic8/Documents/odrive_hil_ros2control/src/odrive_velocity_pid' with build type 'ament_cmake'
[0.389s] INFO:colcon.colcon_cmake.task.cmake.build:Building CMake package in '/home/pneumatic8/Documents/odrive_hil_ros2control/src/odrive_velocity_pid'
[0.401s] INFO:colcon.colcon_core.plugin_system:Skipping extension 'colcon_core.shell.bat': Not used on non-Windows systems
[0.402s] INFO:colcon.colcon_core.shell:Skip shell extension 'powershell' for command environment: Not usable outside of PowerShell
[0.402s] DEBUG:colcon.colcon_core.shell:Skip shell extension 'dsv' for command environment
[0.431s] DEBUG:colcon.colcon_core.event_handler.log_command:Invoking command in '/home/pneumatic8/Documents/odrive_hil_ros2control/build/odrive_velocity_pid': CMAKE_PREFIX_PATH=${CMAKE_PREFIX_PATH}:/opt/ros/jazzy DEBUGINFOD_URLS=https://debuginfod.ubuntu.com /usr/bin/cmake --build /home/pneumatic8/Documents/odrive_hil_ros2control/build/odrive_velocity_pid -- -j4 -l4
[21.048s] DEBUG:colcon.colcon_core.event_handler.log_command:Invoked command in '/home/pneumatic8/Documents/odrive_hil_ros2control/build/odrive_velocity_pid' returned '0': CMAKE_PREFIX_PATH=${CMAKE_PREFIX_PATH}:/opt/ros/jazzy DEBUGINFOD_URLS=https://debuginfod.ubuntu.com /usr/bin/cmake --build /home/pneumatic8/Documents/odrive_hil_ros2control/build/odrive_velocity_pid -- -j4 -l4
[21.067s] DEBUG:colcon.colcon_core.event_handler.log_command:Invoking command in '/home/pneumatic8/Documents/odrive_hil_ros2control/build/odrive_velocity_pid': CMAKE_PREFIX_PATH=${CMAKE_PREFIX_PATH}:/opt/ros/jazzy DEBUGINFOD_URLS=https://debuginfod.ubuntu.com /usr/bin/cmake --install /home/pneumatic8/Documents/odrive_hil_ros2control/build/odrive_velocity_pid
[21.136s] Level 1:colcon.colcon_core.environment:create_environment_scripts_only(odrive_velocity_pid)
[21.137s] DEBUG:colcon.colcon_core.event_handler.log_command:Invoked command in '/home/pneumatic8/Documents/odrive_hil_ros2control/build/odrive_velocity_pid' returned '0': CMAKE_PREFIX_PATH=${CMAKE_PREFIX_PATH}:/opt/ros/jazzy DEBUGINFOD_URLS=https://debuginfod.ubuntu.com /usr/bin/cmake --install /home/pneumatic8/Documents/odrive_hil_ros2control/build/odrive_velocity_pid
[21.139s] Level 1:colcon.colcon_core.environment:checking '/home/pneumatic8/Documents/odrive_hil_ros2control/install/odrive_velocity_pid' for CMake module files
[21.142s] Level 1:colcon.colcon_core.environment:checking '/home/pneumatic8/Documents/odrive_hil_ros2control/install/odrive_velocity_pid' for CMake config files
[21.142s] Level 1:colcon.colcon_core.shell:create_environment_hook('odrive_velocity_pid', 'cmake_prefix_path')
[21.142s] INFO:colcon.colcon_core.shell:Creating environment hook '/home/pneumatic8/Documents/odrive_hil_ros2control/install/odrive_velocity_pid/share/odrive_velocity_pid/hook/cmake_prefix_path.ps1'
[21.149s] INFO:colcon.colcon_core.shell:Creating environment descriptor '/home/pneumatic8/Documents/odrive_hil_ros2control/install/odrive_velocity_pid/share/odrive_velocity_pid/hook/cmake_prefix_path.dsv'
[21.150s] INFO:colcon.colcon_core.shell:Creating environment hook '/home/pneumatic8/Documents/odrive_hil_ros2control/install/odrive_velocity_pid/share/odrive_velocity_pid/hook/cmake_prefix_path.sh'
[21.151s] Level 1:colcon.colcon_core.environment:checking '/home/pneumatic8/Documents/odrive_hil_ros2control/install/odrive_velocity_pid/lib'
[21.152s] Level 1:colcon.colcon_core.environment:checking '/home/pneumatic8/Documents/odrive_hil_ros2control/install/odrive_velocity_pid/bin'
[21.152s] Level 1:colcon.colcon_core.environment:checking '/home/pneumatic8/Documents/odrive_hil_ros2control/install/odrive_velocity_pid/lib/pkgconfig/odrive_velocity_pid.pc'
[21.152s] Level 1:colcon.colcon_core.environment:checking '/home/pneumatic8/Documents/odrive_hil_ros2control/install/odrive_velocity_pid/lib/python3.12/site-packages'
[21.153s] Level 1:colcon.colcon_core.environment:checking '/home/pneumatic8/Documents/odrive_hil_ros2control/install/odrive_velocity_pid/bin'
[21.153s] INFO:colcon.colcon_core.shell:Creating package script '/home/pneumatic8/Documents/odrive_hil_ros2control/install/odrive_velocity_pid/share/odrive_velocity_pid/package.ps1'
[21.155s] INFO:colcon.colcon_core.shell:Creating package descriptor '/home/pneumatic8/Documents/odrive_hil_ros2control/install/odrive_velocity_pid/share/odrive_velocity_pid/package.dsv'
[21.156s] INFO:colcon.colcon_core.shell:Creating package script '/home/pneumatic8/Documents/odrive_hil_ros2control/install/odrive_velocity_pid/share/odrive_velocity_pid/package.sh'
[21.159s] INFO:colcon.colcon_core.shell:Creating package script '/home/pneumatic8/Documents/odrive_hil_ros2control/install/odrive_velocity_pid/share/odrive_velocity_pid/package.bash'
[21.160s] INFO:colcon.colcon_core.shell:Creating package script '/home/pneumatic8/Documents/odrive_hil_ros2control/install/odrive_velocity_pid/share/odrive_velocity_pid/package.zsh'
[21.162s] Level 1:colcon.colcon_core.environment:create_file_with_runtime_dependencies(/home/pneumatic8/Documents/odrive_hil_ros2control/install/odrive_velocity_pid/share/colcon-core/packages/odrive_velocity_pid)
[21.165s] Level 1:colcon.colcon_core.environment:create_environment_scripts_only(odrive_velocity_pid)
[21.165s] Level 1:colcon.colcon_core.environment:checking '/home/pneumatic8/Documents/odrive_hil_ros2control/install/odrive_velocity_pid' for CMake module files
[21.166s] Level 1:colcon.colcon_core.environment:checking '/home/pneumatic8/Documents/odrive_hil_ros2control/install/odrive_velocity_pid' for CMake config files
[21.167s] Level 1:colcon.colcon_core.shell:create_environment_hook('odrive_velocity_pid', 'cmake_prefix_path')
[21.167s] INFO:colcon.colcon_core.shell:Creating environment hook '/home/pneumatic8/Documents/odrive_hil_ros2control/install/odrive_velocity_pid/share/odrive_velocity_pid/hook/cmake_prefix_path.ps1'
[21.171s] INFO:colcon.colcon_core.shell:Creating environment descriptor '/home/pneumatic8/Documents/odrive_hil_ros2control/install/odrive_velocity_pid/share/odrive_velocity_pid/hook/cmake_prefix_path.dsv'
[21.172s] INFO:colcon.colcon_core.shell:Creating environment hook '/home/pneumatic8/Documents/odrive_hil_ros2control/install/odrive_velocity_pid/share/odrive_velocity_pid/hook/cmake_prefix_path.sh'
[21.173s] Level 1:colcon.colcon_core.environment:checking '/home/pneumatic8/Documents/odrive_hil_ros2control/install/odrive_velocity_pid/lib'
[21.173s] Level 1:colcon.colcon_core.environment:checking '/home/pneumatic8/Documents/odrive_hil_ros2control/install/odrive_velocity_pid/bin'
[21.173s] Level 1:colcon.colcon_core.environment:checking '/home/pneumatic8/Documents/odrive_hil_ros2control/install/odrive_velocity_pid/lib/pkgconfig/odrive_velocity_pid.pc'
[21.173s] Level 1:colcon.colcon_core.environment:checking '/home/pneumatic8/Documents/odrive_hil_ros2control/install/odrive_velocity_pid/lib/python3.12/site-packages'
[21.174s] Level 1:colcon.colcon_core.environment:checking '/home/pneumatic8/Documents/odrive_hil_ros2control/install/odrive_velocity_pid/bin'
[21.174s] INFO:colcon.colcon_core.shell:Creating package script '/home/pneumatic8/Documents/odrive_hil_ros2control/install/odrive_velocity_pid/share/odrive_velocity_pid/package.ps1'
[21.175s] INFO:colcon.colcon_core.shell:Creating package descriptor '/home/pneumatic8/Documents/odrive_hil_ros2control/install/odrive_velocity_pid/share/odrive_velocity_pid/package.dsv'
[21.183s] INFO:colcon.colcon_core.shell:Creating package script '/home/pneumatic8/Documents/odrive_hil_ros2control/install/odrive_velocity_pid/share/odrive_velocity_pid/package.sh'
[21.184s] INFO:colcon.colcon_core.shell:Creating package script '/home/pneumatic8/Documents/odrive_hil_ros2control/install/odrive_velocity_pid/share/odrive_velocity_pid/package.bash'
[21.185s] INFO:colcon.colcon_core.shell:Creating package script '/home/pneumatic8/Documents/odrive_hil_ros2control/install/odrive_velocity_pid/share/odrive_velocity_pid/package.zsh'
[21.186s] Level 1:colcon.colcon_core.environment:create_file_with_runtime_dependencies(/home/pneumatic8/Documents/odrive_hil_ros2control/install/odrive_velocity_pid/share/colcon-core/packages/odrive_velocity_pid)
[21.186s] DEBUG:colcon.colcon_parallel_executor.executor.parallel:closing loop
[21.187s] DEBUG:colcon.colcon_parallel_executor.executor.parallel:loop closed
[21.187s] DEBUG:colcon.colcon_parallel_executor.executor.parallel:run_until_complete finished with '0'
[21.187s] DEBUG:colcon.colcon_core.event_reactor:joining thread
[21.210s] INFO:colcon.colcon_core.plugin_system:Skipping extension 'colcon_notification.desktop_notification.terminal_notifier': Not used on non-Darwin systems
[21.211s] INFO:colcon.colcon_core.plugin_system:Skipping extension 'colcon_notification.desktop_notification.win32': Not used on non-Windows systems
[21.212s] INFO:colcon.colcon_notification.desktop_notification:Sending desktop notification using 'notify2'
[21.259s] DEBUG:colcon.colcon_core.event_reactor:joined thread
[21.260s] INFO:colcon.colcon_core.shell:Creating prefix script '/home/pneumatic8/Documents/odrive_hil_ros2control/install/local_setup.ps1'
[21.262s] INFO:colcon.colcon_core.shell:Creating prefix util module '/home/pneumatic8/Documents/odrive_hil_ros2control/install/_local_setup_util_ps1.py'
[21.264s] INFO:colcon.colcon_core.shell:Creating prefix chain script '/home/pneumatic8/Documents/odrive_hil_ros2control/install/setup.ps1'
[21.266s] INFO:colcon.colcon_core.shell:Creating prefix script '/home/pneumatic8/Documents/odrive_hil_ros2control/install/local_setup.sh'
[21.269s] INFO:colcon.colcon_core.shell:Creating prefix util module '/home/pneumatic8/Documents/odrive_hil_ros2control/install/_local_setup_util_sh.py'
[21.270s] INFO:colcon.colcon_core.shell:Creating prefix chain script '/home/pneumatic8/Documents/odrive_hil_ros2control/install/setup.sh'
[21.274s] INFO:colcon.colcon_core.shell:Creating prefix script '/home/pneumatic8/Documents/odrive_hil_ros2control/install/local_setup.bash'
[21.275s] INFO:colcon.colcon_core.shell:Creating prefix chain script '/home/pneumatic8/Documents/odrive_hil_ros2control/install/setup.bash'
[21.279s] INFO:colcon.colcon_core.shell:Creating prefix script '/home/pneumatic8/Documents/odrive_hil_ros2control/install/local_setup.zsh'
[21.280s] INFO:colcon.colcon_core.shell:Creating prefix chain script '/home/pneumatic8/Documents/odrive_hil_ros2control/install/setup.zsh'
