[0.039s] Invoking command in '/home/pneumatic8/Documents/odrive_hil_ros2control/build/odrive_velocity_pid': CMAKE_PREFIX_PATH=${CMAKE_PREFIX_PATH}:/opt/ros/jazzy DEBUGINFOD_URLS=https://debuginfod.ubuntu.com /usr/bin/cmake --build /home/pneumatic8/Documents/odrive_hil_ros2control/build/odrive_velocity_pid -- -j4 -l4
[0.189s] [ 50%] [32mBuilding CXX object CMakeFiles/velocity_pid_node.dir/src/velocity_pid_node.cpp.o[0m
[19.701s] [100%] [32m[1mLinking CXX executable velocity_pid_node[0m
[20.620s] [100%] Built target velocity_pid_node
[20.656s] Invoked command in '/home/pneumatic8/Documents/odrive_hil_ros2control/build/odrive_velocity_pid' returned '0': CMAKE_PREFIX_PATH=${CMAKE_PREFIX_PATH}:/opt/ros/jazzy DEBUGINFOD_URLS=https://debuginfod.ubuntu.com /usr/bin/cmake --build /home/pneumatic8/Documents/odrive_hil_ros2control/build/odrive_velocity_pid -- -j4 -l4
[20.675s] Invoking command in '/home/pneumatic8/Documents/odrive_hil_ros2control/build/odrive_velocity_pid': CMAKE_PREFIX_PATH=${CMAKE_PREFIX_PATH}:/opt/ros/jazzy DEBUGINFOD_URLS=https://debuginfod.ubuntu.com /usr/bin/cmake --install /home/pneumatic8/Documents/odrive_hil_ros2control/build/odrive_velocity_pid
[20.690s] -- Install configuration: ""
[20.691s] -- Execute custom install script
[20.691s] -- Up-to-date symlink: /home/pneumatic8/Documents/odrive_hil_ros2control/install/odrive_velocity_pid/lib/odrive_velocity_pid/velocity_pid_node
[20.695s] -- Up-to-date symlink: /home/pneumatic8/Documents/odrive_hil_ros2control/install/odrive_velocity_pid/share/odrive_velocity_pid/config/controllers.yaml
[20.695s] -- Up-to-date symlink: /home/pneumatic8/Documents/odrive_hil_ros2control/install/odrive_velocity_pid/share/ament_index/resource_index/package_run_dependencies/odrive_velocity_pid
[20.696s] -- Up-to-date symlink: /home/pneumatic8/Documents/odrive_hil_ros2control/install/odrive_velocity_pid/share/ament_index/resource_index/parent_prefix_path/odrive_velocity_pid
[20.696s] -- Up-to-date symlink: /home/pneumatic8/Documents/odrive_hil_ros2control/install/odrive_velocity_pid/share/odrive_velocity_pid/environment/ament_prefix_path.sh
[20.697s] -- Up-to-date symlink: /home/pneumatic8/Documents/odrive_hil_ros2control/install/odrive_velocity_pid/share/odrive_velocity_pid/environment/ament_prefix_path.dsv
[20.697s] -- Up-to-date symlink: /home/pneumatic8/Documents/odrive_hil_ros2control/install/odrive_velocity_pid/share/odrive_velocity_pid/environment/path.sh
[20.697s] -- Up-to-date symlink: /home/pneumatic8/Documents/odrive_hil_ros2control/install/odrive_velocity_pid/share/odrive_velocity_pid/environment/path.dsv
[20.698s] -- Up-to-date symlink: /home/pneumatic8/Documents/odrive_hil_ros2control/install/odrive_velocity_pid/share/odrive_velocity_pid/local_setup.bash
[20.698s] -- Up-to-date symlink: /home/pneumatic8/Documents/odrive_hil_ros2control/install/odrive_velocity_pid/share/odrive_velocity_pid/local_setup.sh
[20.698s] -- Up-to-date symlink: /home/pneumatic8/Documents/odrive_hil_ros2control/install/odrive_velocity_pid/share/odrive_velocity_pid/local_setup.zsh
[20.703s] -- Up-to-date symlink: /home/pneumatic8/Documents/odrive_hil_ros2control/install/odrive_velocity_pid/share/odrive_velocity_pid/local_setup.dsv
[20.703s] -- Symlinking: /home/pneumatic8/Documents/odrive_hil_ros2control/install/odrive_velocity_pid/share/odrive_velocity_pid/package.dsv
[20.740s] -- Up-to-date symlink: /home/pneumatic8/Documents/odrive_hil_ros2control/install/odrive_velocity_pid/share/ament_index/resource_index/packages/odrive_velocity_pid
[20.740s] -- Up-to-date symlink: /home/pneumatic8/Documents/odrive_hil_ros2control/install/odrive_velocity_pid/share/odrive_velocity_pid/cmake/odrive_velocity_pidConfig.cmake
[20.741s] -- Up-to-date symlink: /home/pneumatic8/Documents/odrive_hil_ros2control/install/odrive_velocity_pid/share/odrive_velocity_pid/cmake/odrive_velocity_pidConfig-version.cmake
[20.741s] -- Up-to-date symlink: /home/pneumatic8/Documents/odrive_hil_ros2control/install/odrive_velocity_pid/share/odrive_velocity_pid/package.xml
[20.745s] Invoked command in '/home/pneumatic8/Documents/odrive_hil_ros2control/build/odrive_velocity_pid' returned '0': CMAKE_PREFIX_PATH=${CMAKE_PREFIX_PATH}:/opt/ros/jazzy DEBUGINFOD_URLS=https://debuginfod.ubuntu.com /usr/bin/cmake --install /home/pneumatic8/Documents/odrive_hil_ros2control/build/odrive_velocity_pid
