[0.028s] Invoking command in '/home/pneumatic8/Documents/odrive_hil_ros2control/build/odrive_velocity_pid': CMAKE_PREFIX_PATH=${CMAKE_PREFIX_PATH}:/opt/ros/jazzy DEBUGINFOD_URLS=https://debuginfod.ubuntu.com /usr/bin/cmake --build /home/pneumatic8/Documents/odrive_hil_ros2control/build/odrive_velocity_pid -- -j4 -l4
[0.210s] [100%] Built target velocity_pid_node
[0.259s] Invoked command in '/home/pneumatic8/Documents/odrive_hil_ros2control/build/odrive_velocity_pid' returned '0': CMAKE_PREFIX_PATH=${CMAKE_PREFIX_PATH}:/opt/ros/jazzy DEBUGINFOD_URLS=https://debuginfod.ubuntu.com /usr/bin/cmake --build /home/pneumatic8/Documents/odrive_hil_ros2control/build/odrive_velocity_pid -- -j4 -l4
[0.260s] Invoking command in '/home/pneumatic8/Documents/odrive_hil_ros2control/build/odrive_velocity_pid': CMAKE_PREFIX_PATH=${CMAKE_PREFIX_PATH}:/opt/ros/jazzy DEBUGINFOD_URLS=https://debuginfod.ubuntu.com /usr/bin/cmake --install /home/pneumatic8/Documents/odrive_hil_ros2control/build/odrive_velocity_pid
[0.274s] -- Install configuration: ""
[0.275s] -- Execute custom install script
[0.278s] -- Up-to-date symlink: /home/pneumatic8/Documents/odrive_hil_ros2control/install/odrive_velocity_pid/lib/odrive_velocity_pid/velocity_pid_node
[0.278s] -- Up-to-date symlink: /home/pneumatic8/Documents/odrive_hil_ros2control/install/odrive_velocity_pid/share/odrive_velocity_pid/config/controllers.yaml
[0.279s] -- Up-to-date symlink: /home/pneumatic8/Documents/odrive_hil_ros2control/install/odrive_velocity_pid/share/ament_index/resource_index/package_run_dependencies/odrive_velocity_pid
[0.279s] -- Up-to-date symlink: /home/pneumatic8/Documents/odrive_hil_ros2control/install/odrive_velocity_pid/share/ament_index/resource_index/parent_prefix_path/odrive_velocity_pid
[0.279s] -- Up-to-date symlink: /home/pneumatic8/Documents/odrive_hil_ros2control/install/odrive_velocity_pid/share/odrive_velocity_pid/environment/ament_prefix_path.sh
[0.280s] -- Up-to-date symlink: /home/pneumatic8/Documents/odrive_hil_ros2control/install/odrive_velocity_pid/share/odrive_velocity_pid/environment/ament_prefix_path.dsv
[0.280s] -- Up-to-date symlink: /home/pneumatic8/Documents/odrive_hil_ros2control/install/odrive_velocity_pid/share/odrive_velocity_pid/environment/path.sh
[0.280s] -- Up-to-date symlink: /home/pneumatic8/Documents/odrive_hil_ros2control/install/odrive_velocity_pid/share/odrive_velocity_pid/environment/path.dsv
[0.280s] -- Up-to-date symlink: /home/pneumatic8/Documents/odrive_hil_ros2control/install/odrive_velocity_pid/share/odrive_velocity_pid/local_setup.bash
[0.280s] -- Up-to-date symlink: /home/pneumatic8/Documents/odrive_hil_ros2control/install/odrive_velocity_pid/share/odrive_velocity_pid/local_setup.sh
[0.280s] -- Up-to-date symlink: /home/pneumatic8/Documents/odrive_hil_ros2control/install/odrive_velocity_pid/share/odrive_velocity_pid/local_setup.zsh
[0.280s] -- Up-to-date symlink: /home/pneumatic8/Documents/odrive_hil_ros2control/install/odrive_velocity_pid/share/odrive_velocity_pid/local_setup.dsv
[0.280s] -- Symlinking: /home/pneumatic8/Documents/odrive_hil_ros2control/install/odrive_velocity_pid/share/odrive_velocity_pid/package.dsv
[0.305s] -- Up-to-date symlink: /home/pneumatic8/Documents/odrive_hil_ros2control/install/odrive_velocity_pid/share/ament_index/resource_index/packages/odrive_velocity_pid
[0.306s] -- Up-to-date symlink: /home/pneumatic8/Documents/odrive_hil_ros2control/install/odrive_velocity_pid/share/odrive_velocity_pid/cmake/odrive_velocity_pidConfig.cmake
[0.306s] -- Up-to-date symlink: /home/pneumatic8/Documents/odrive_hil_ros2control/install/odrive_velocity_pid/share/odrive_velocity_pid/cmake/odrive_velocity_pidConfig-version.cmake
[0.306s] -- Up-to-date symlink: /home/pneumatic8/Documents/odrive_hil_ros2control/install/odrive_velocity_pid/share/odrive_velocity_pid/package.xml
[0.313s] Invoked command in '/home/pneumatic8/Documents/odrive_hil_ros2control/build/odrive_velocity_pid' returned '0': CMAKE_PREFIX_PATH=${CMAKE_PREFIX_PATH}:/opt/ros/jazzy DEBUGINFOD_URLS=https://debuginfod.ubuntu.com /usr/bin/cmake --install /home/pneumatic8/Documents/odrive_hil_ros2control/build/odrive_velocity_pid
