[0.060s] Invoking command in '/home/pneumatic8/Documents/odrive_hil_ros2control/build/hil_odrive_ros2_control': CMAKE_PREFIX_PATH=/home/pneumatic8/Documents/odrive_hil_ros2control/install/odrive_ros2_control:/home/pneumatic8/Documents/odrive_hil_ros2control/install/odrive_velocity_pid:/home/pneumatic8/Documents/odrive_hil_ros2control/install/hil_odrive_ros2_control:/opt/ros/jazzy/opt/sdformat_vendor:/opt/ros/jazzy/opt/gz_math_vendor:/opt/ros/jazzy/opt/gz_utils_vendor:/opt/ros/jazzy/opt/gz_tools_vendor:/opt/ros/jazzy/opt/gz_cmake_vendor:/opt/ros/jazzy DEBUGINFOD_URLS=https://debuginfod.ubuntu.com /usr/bin/cmake /home/pneumatic8/Documents/odrive_hil_ros2control/src/hil_odrive_ros2_control -DCMAKE_INSTALL_PREFIX=/home/pneumatic8/Documents/odrive_hil_ros2control/install/hil_odrive_ros2_control
[0.115s] -- Found ament_cmake: 2.5.5 (/opt/ros/jazzy/share/ament_cmake/cmake)
[0.767s] -- Override CMake install command with custom implementation using symlinks instead of copying resources
[1.006s] -- Configuring done (0.9s)
[1.019s] -- Generating done (0.0s)
[1.049s] -- Build files have been written to: /home/pneumatic8/Documents/odrive_hil_ros2control/build/hil_odrive_ros2_control
[1.058s] Invoked command in '/home/pneumatic8/Documents/odrive_hil_ros2control/build/hil_odrive_ros2_control' returned '0': CMAKE_PREFIX_PATH=/home/pneumatic8/Documents/odrive_hil_ros2control/install/odrive_ros2_control:/home/pneumatic8/Documents/odrive_hil_ros2control/install/odrive_velocity_pid:/home/pneumatic8/Documents/odrive_hil_ros2control/install/hil_odrive_ros2_control:/opt/ros/jazzy/opt/sdformat_vendor:/opt/ros/jazzy/opt/gz_math_vendor:/opt/ros/jazzy/opt/gz_utils_vendor:/opt/ros/jazzy/opt/gz_tools_vendor:/opt/ros/jazzy/opt/gz_cmake_vendor:/opt/ros/jazzy DEBUGINFOD_URLS=https://debuginfod.ubuntu.com /usr/bin/cmake /home/pneumatic8/Documents/odrive_hil_ros2control/src/hil_odrive_ros2_control -DCMAKE_INSTALL_PREFIX=/home/pneumatic8/Documents/odrive_hil_ros2control/install/hil_odrive_ros2_control
[1.060s] Invoking command in '/home/pneumatic8/Documents/odrive_hil_ros2control/build/hil_odrive_ros2_control': CMAKE_PREFIX_PATH=/home/pneumatic8/Documents/odrive_hil_ros2control/install/odrive_ros2_control:/home/pneumatic8/Documents/odrive_hil_ros2control/install/odrive_velocity_pid:/home/pneumatic8/Documents/odrive_hil_ros2control/install/hil_odrive_ros2_control:/opt/ros/jazzy/opt/sdformat_vendor:/opt/ros/jazzy/opt/gz_math_vendor:/opt/ros/jazzy/opt/gz_utils_vendor:/opt/ros/jazzy/opt/gz_tools_vendor:/opt/ros/jazzy/opt/gz_cmake_vendor:/opt/ros/jazzy DEBUGINFOD_URLS=https://debuginfod.ubuntu.com /usr/bin/cmake --build /home/pneumatic8/Documents/odrive_hil_ros2control/build/hil_odrive_ros2_control -- -j4 -l4
[1.159s] Invoked command in '/home/pneumatic8/Documents/odrive_hil_ros2control/build/hil_odrive_ros2_control' returned '0': CMAKE_PREFIX_PATH=/home/pneumatic8/Documents/odrive_hil_ros2control/install/odrive_ros2_control:/home/pneumatic8/Documents/odrive_hil_ros2control/install/odrive_velocity_pid:/home/pneumatic8/Documents/odrive_hil_ros2control/install/hil_odrive_ros2_control:/opt/ros/jazzy/opt/sdformat_vendor:/opt/ros/jazzy/opt/gz_math_vendor:/opt/ros/jazzy/opt/gz_utils_vendor:/opt/ros/jazzy/opt/gz_tools_vendor:/opt/ros/jazzy/opt/gz_cmake_vendor:/opt/ros/jazzy DEBUGINFOD_URLS=https://debuginfod.ubuntu.com /usr/bin/cmake --build /home/pneumatic8/Documents/odrive_hil_ros2control/build/hil_odrive_ros2_control -- -j4 -l4
[1.161s] Invoking command in '/home/pneumatic8/Documents/odrive_hil_ros2control/build/hil_odrive_ros2_control': CMAKE_PREFIX_PATH=/home/pneumatic8/Documents/odrive_hil_ros2control/install/odrive_ros2_control:/home/pneumatic8/Documents/odrive_hil_ros2control/install/odrive_velocity_pid:/home/pneumatic8/Documents/odrive_hil_ros2control/install/hil_odrive_ros2_control:/opt/ros/jazzy/opt/sdformat_vendor:/opt/ros/jazzy/opt/gz_math_vendor:/opt/ros/jazzy/opt/gz_utils_vendor:/opt/ros/jazzy/opt/gz_tools_vendor:/opt/ros/jazzy/opt/gz_cmake_vendor:/opt/ros/jazzy DEBUGINFOD_URLS=https://debuginfod.ubuntu.com /usr/bin/cmake --install /home/pneumatic8/Documents/odrive_hil_ros2control/build/hil_odrive_ros2_control
[1.178s] -- Install configuration: ""
[1.178s] -- Execute custom install script
[1.179s] -- Up-to-date symlink: /home/pneumatic8/Documents/odrive_hil_ros2control/install/hil_odrive_ros2_control/share/hil_odrive_ros2_control/launch/motor_control.launch.py
[1.179s] -- Up-to-date symlink: /home/pneumatic8/Documents/odrive_hil_ros2control/install/hil_odrive_ros2_control/share/hil_odrive_ros2_control/config/controllers.yaml
[1.180s] -- Up-to-date symlink: /home/pneumatic8/Documents/odrive_hil_ros2control/install/hil_odrive_ros2_control/share/hil_odrive_ros2_control/description/urdf/motor.urdf.xacro
[1.180s] -- Up-to-date symlink: /home/pneumatic8/Documents/odrive_hil_ros2control/install/hil_odrive_ros2_control/share/ament_index/resource_index/package_run_dependencies/hil_odrive_ros2_control
[1.180s] -- Up-to-date symlink: /home/pneumatic8/Documents/odrive_hil_ros2control/install/hil_odrive_ros2_control/share/ament_index/resource_index/parent_prefix_path/hil_odrive_ros2_control
[1.181s] -- Up-to-date symlink: /home/pneumatic8/Documents/odrive_hil_ros2control/install/hil_odrive_ros2_control/share/hil_odrive_ros2_control/environment/ament_prefix_path.sh
[1.181s] -- Up-to-date symlink: /home/pneumatic8/Documents/odrive_hil_ros2control/install/hil_odrive_ros2_control/share/hil_odrive_ros2_control/environment/ament_prefix_path.dsv
[1.181s] -- Up-to-date symlink: /home/pneumatic8/Documents/odrive_hil_ros2control/install/hil_odrive_ros2_control/share/hil_odrive_ros2_control/environment/path.sh
[1.181s] -- Up-to-date symlink: /home/pneumatic8/Documents/odrive_hil_ros2control/install/hil_odrive_ros2_control/share/hil_odrive_ros2_control/environment/path.dsv
[1.181s] -- Up-to-date symlink: /home/pneumatic8/Documents/odrive_hil_ros2control/install/hil_odrive_ros2_control/share/hil_odrive_ros2_control/local_setup.bash
[1.182s] -- Up-to-date symlink: /home/pneumatic8/Documents/odrive_hil_ros2control/install/hil_odrive_ros2_control/share/hil_odrive_ros2_control/local_setup.sh
[1.182s] -- Up-to-date symlink: /home/pneumatic8/Documents/odrive_hil_ros2control/install/hil_odrive_ros2_control/share/hil_odrive_ros2_control/local_setup.zsh
[1.182s] -- Up-to-date symlink: /home/pneumatic8/Documents/odrive_hil_ros2control/install/hil_odrive_ros2_control/share/hil_odrive_ros2_control/local_setup.dsv
[1.182s] -- Symlinking: /home/pneumatic8/Documents/odrive_hil_ros2control/install/hil_odrive_ros2_control/share/hil_odrive_ros2_control/package.dsv
[1.200s] -- Up-to-date symlink: /home/pneumatic8/Documents/odrive_hil_ros2control/install/hil_odrive_ros2_control/share/ament_index/resource_index/packages/hil_odrive_ros2_control
[1.200s] -- Up-to-date symlink: /home/pneumatic8/Documents/odrive_hil_ros2control/install/hil_odrive_ros2_control/share/hil_odrive_ros2_control/cmake/hil_odrive_ros2_controlConfig.cmake
[1.201s] -- Up-to-date symlink: /home/pneumatic8/Documents/odrive_hil_ros2control/install/hil_odrive_ros2_control/share/hil_odrive_ros2_control/cmake/hil_odrive_ros2_controlConfig-version.cmake
[1.201s] -- Up-to-date symlink: /home/pneumatic8/Documents/odrive_hil_ros2control/install/hil_odrive_ros2_control/share/hil_odrive_ros2_control/package.xml
[1.205s] Invoked command in '/home/pneumatic8/Documents/odrive_hil_ros2control/build/hil_odrive_ros2_control' returned '0': CMAKE_PREFIX_PATH=/home/pneumatic8/Documents/odrive_hil_ros2control/install/odrive_ros2_control:/home/pneumatic8/Documents/odrive_hil_ros2control/install/odrive_velocity_pid:/home/pneumatic8/Documents/odrive_hil_ros2control/install/hil_odrive_ros2_control:/opt/ros/jazzy/opt/sdformat_vendor:/opt/ros/jazzy/opt/gz_math_vendor:/opt/ros/jazzy/opt/gz_utils_vendor:/opt/ros/jazzy/opt/gz_tools_vendor:/opt/ros/jazzy/opt/gz_cmake_vendor:/opt/ros/jazzy DEBUGINFOD_URLS=https://debuginfod.ubuntu.com /usr/bin/cmake --install /home/pneumatic8/Documents/odrive_hil_ros2control/build/hil_odrive_ros2_control
